[0.095s] Invoking command in '/home/patrick/turtlebot3_ENAE450_ws/build/turtlebot3_node': AMENT_PREFIX_PATH=/home/patrick/turtlebot3_ENAE450_ws/install/turtlebot3_msgs:/home/patrick/turtlebot3_ENAE450_ws/install/dynamixel_sdk:${AMENT_PREFIX_PATH} CMAKE_PREFIX_PATH=/home/patrick/turtlebot3_ENAE450_ws/install/turtlebot3_msgs:/home/patrick/turtlebot3_ENAE450_ws/install/dynamixel_sdk:/home/patrick/turtlebot3_ws/install/turtlebot3:/home/patrick/turtlebot3_ws/install/turtlebot3_simulations:/home/patrick/turtlebot3_ws/install/turtlebot3_bringup:/home/patrick/turtlebot3_ws/install/turtlebot3_node:/home/patrick/turtlebot3_ws/install/turtlebot3_navigation2:/home/patrick/turtlebot3_ws/install/turtlebot3_fake_node:/home/patrick/turtlebot3_ws/install/turtlebot3_msgs:/home/patrick/turtlebot3_ws/install/turtlebot3_gazebo:/home/patrick/turtlebot3_ws/install/turtlebot3_description:/home/patrick/turtlebot3_ws/install/turtlebot3_cartographer:/home/patrick/turtlebot3_ws/install/dynamixel_sdk_examples:/home/patrick/turtlebot3_ws/install/dynamixel_sdk_custom_interfaces:/home/patrick/turtlebot3_ws/install/dynamixel_sdk:/home/patrick/turtlebot3_ws/install/turtlebot3_teleop:/home/patrick/turtlebot3_ws/install/turtlebot3_example:/home/patrick/turtlebot3_ws/install/turtlebot3_controller:/opt/ros/humble LD_LIBRARY_PATH=/home/patrick/turtlebot3_ENAE450_ws/install/turtlebot3_msgs/lib:/home/patrick/turtlebot3_ENAE450_ws/install/dynamixel_sdk/lib:/home/patrick/turtlebot3_ws/install/turtlebot3_msgs/lib:/home/patrick/turtlebot3_ws/install/dynamixel_sdk_custom_interfaces/lib:/home/patrick/turtlebot3_ws/install/dynamixel_sdk/lib:/usr/lib/x86_64-linux-gnu/gazebo-11/plugins:/opt/ros/humble/opt/rviz_ogre_vendor/lib:/opt/ros/humble/lib/x86_64-linux-gnu:/opt/ros/humble/lib:/usr/lib/x86_64-linux-gnu/gazebo-11/plugins:/usr/lib/x86_64-linux-gnu/gazebo-11/plugins:/usr/lib/x86_64-linux-gnu/gazebo-11/plugins:/usr/lib/x86_64-linux-gnu/gazebo-11/plugins:/usr/lib/x86_64-linux-gnu/gazebo-11/plugins:/usr/lib/x86_64-linux-gnu/gazebo-11/plugins PYTHONPATH=/home/patrick/turtlebot3_ENAE450_ws/install/turtlebot3_msgs/local/lib/python3.10/dist-packages:/home/patrick/turtlebot3_ENAE450_ws/install/dynamixel_sdk/local/lib/python3.10/dist-packages:${PYTHONPATH} /usr/bin/cmake /home/patrick/turtlebot3_ENAE450_ws/src/turtlebot3/turtlebot3_node -DAMENT_CMAKE_SYMLINK_INSTALL=1 -DCMAKE_INSTALL_PREFIX=/home/patrick/turtlebot3_ENAE450_ws/install/turtlebot3_node
[0.443s] -- The C compiler identification is GNU 11.4.0
[0.735s] -- The CXX compiler identification is GNU 11.4.0
[0.770s] -- Detecting C compiler ABI info
[1.111s] -- Detecting C compiler ABI info - done
[1.143s] -- Check for working C compiler: /usr/bin/cc - skipped
[1.144s] -- Detecting C compile features
[1.149s] -- Detecting C compile features - done
[1.161s] -- Detecting CXX compiler ABI info
[1.549s] -- Detecting CXX compiler ABI info - done
[1.573s] -- Check for working CXX compiler: /usr/bin/c++ - skipped
[1.582s] -- Detecting CXX compile features
[1.587s] -- Detecting CXX compile features - done
[1.602s] -- Found ament_cmake: 1.3.11 (/opt/ros/humble/share/ament_cmake/cmake)
[2.312s] -- Found Python3: /usr/bin/python3 (found version "3.10.12") found components: Interpreter 
[2.656s] -- Override CMake install command with custom implementation using symlinks instead of copying resources
[2.870s] -- Found dynamixel_sdk: 3.8.3 (/home/patrick/turtlebot3_ENAE450_ws/install/dynamixel_sdk/share/dynamixel_sdk/cmake)
[2.883s] -- Found geometry_msgs: 4.2.4 (/opt/ros/humble/share/geometry_msgs/cmake)
[3.096s] -- Found rosidl_generator_c: 3.1.6 (/opt/ros/humble/share/rosidl_generator_c/cmake)
[3.136s] -- Found rosidl_adapter: 3.1.6 (/opt/ros/humble/share/rosidl_adapter/cmake)
[3.199s] -- Found rosidl_generator_cpp: 3.1.6 (/opt/ros/humble/share/rosidl_generator_cpp/cmake)
[3.269s] -- Using all available rosidl_typesupport_c: rosidl_typesupport_fastrtps_c;rosidl_typesupport_introspection_c
[3.373s] -- Using all available rosidl_typesupport_cpp: rosidl_typesupport_fastrtps_cpp;rosidl_typesupport_introspection_cpp
[3.565s] -- Found message_filters: 4.3.5 (/opt/ros/humble/share/message_filters/cmake)
[3.941s] -- Found rmw_implementation_cmake: 6.1.2 (/opt/ros/humble/share/rmw_implementation_cmake/cmake)
[3.967s] -- Found rmw_fastrtps_cpp: 6.2.7 (/opt/ros/humble/share/rmw_fastrtps_cpp/cmake)
[4.508s] -- Found OpenSSL: /usr/lib/x86_64-linux-gnu/libcrypto.so (found version "3.0.2")  
[4.656s] -- Found FastRTPS: /opt/ros/humble/include  
[4.907s] -- Using RMW implementation 'rmw_fastrtps_cpp' as default
[5.007s] -- Looking for pthread.h
[5.370s] -- Looking for pthread.h - found
[5.370s] -- Performing Test CMAKE_HAVE_LIBC_PTHREAD
[5.791s] -- Performing Test CMAKE_HAVE_LIBC_PTHREAD - Success
[5.805s] -- Found Threads: TRUE  
[6.128s] -- Found nav_msgs: 4.2.4 (/opt/ros/humble/share/nav_msgs/cmake)
[6.284s] -- Found sensor_msgs: 4.2.4 (/opt/ros/humble/share/sensor_msgs/cmake)
[6.415s] -- Found std_srvs: 4.2.4 (/opt/ros/humble/share/std_srvs/cmake)
[6.513s] -- Found tf2: 0.25.11 (/opt/ros/humble/share/tf2/cmake)
[6.551s] -- Found tf2_ros: 0.25.11 (/opt/ros/humble/share/tf2_ros/cmake)
[7.023s] -- Found turtlebot3_msgs: 2.3.0 (/home/patrick/turtlebot3_ENAE450_ws/install/turtlebot3_msgs/share/turtlebot3_msgs/cmake)
[7.512s] -- Configuring done
[7.635s] -- Generating done
[7.673s] -- Build files have been written to: /home/patrick/turtlebot3_ENAE450_ws/build/turtlebot3_node
[7.746s] Invoked command in '/home/patrick/turtlebot3_ENAE450_ws/build/turtlebot3_node' returned '0': AMENT_PREFIX_PATH=/home/patrick/turtlebot3_ENAE450_ws/install/turtlebot3_msgs:/home/patrick/turtlebot3_ENAE450_ws/install/dynamixel_sdk:${AMENT_PREFIX_PATH} CMAKE_PREFIX_PATH=/home/patrick/turtlebot3_ENAE450_ws/install/turtlebot3_msgs:/home/patrick/turtlebot3_ENAE450_ws/install/dynamixel_sdk:/home/patrick/turtlebot3_ws/install/turtlebot3:/home/patrick/turtlebot3_ws/install/turtlebot3_simulations:/home/patrick/turtlebot3_ws/install/turtlebot3_bringup:/home/patrick/turtlebot3_ws/install/turtlebot3_node:/home/patrick/turtlebot3_ws/install/turtlebot3_navigation2:/home/patrick/turtlebot3_ws/install/turtlebot3_fake_node:/home/patrick/turtlebot3_ws/install/turtlebot3_msgs:/home/patrick/turtlebot3_ws/install/turtlebot3_gazebo:/home/patrick/turtlebot3_ws/install/turtlebot3_description:/home/patrick/turtlebot3_ws/install/turtlebot3_cartographer:/home/patrick/turtlebot3_ws/install/dynamixel_sdk_examples:/home/patrick/turtlebot3_ws/install/dynamixel_sdk_custom_interfaces:/home/patrick/turtlebot3_ws/install/dynamixel_sdk:/home/patrick/turtlebot3_ws/install/turtlebot3_teleop:/home/patrick/turtlebot3_ws/install/turtlebot3_example:/home/patrick/turtlebot3_ws/install/turtlebot3_controller:/opt/ros/humble LD_LIBRARY_PATH=/home/patrick/turtlebot3_ENAE450_ws/install/turtlebot3_msgs/lib:/home/patrick/turtlebot3_ENAE450_ws/install/dynamixel_sdk/lib:/home/patrick/turtlebot3_ws/install/turtlebot3_msgs/lib:/home/patrick/turtlebot3_ws/install/dynamixel_sdk_custom_interfaces/lib:/home/patrick/turtlebot3_ws/install/dynamixel_sdk/lib:/usr/lib/x86_64-linux-gnu/gazebo-11/plugins:/opt/ros/humble/opt/rviz_ogre_vendor/lib:/opt/ros/humble/lib/x86_64-linux-gnu:/opt/ros/humble/lib:/usr/lib/x86_64-linux-gnu/gazebo-11/plugins:/usr/lib/x86_64-linux-gnu/gazebo-11/plugins:/usr/lib/x86_64-linux-gnu/gazebo-11/plugins:/usr/lib/x86_64-linux-gnu/gazebo-11/plugins:/usr/lib/x86_64-linux-gnu/gazebo-11/plugins:/usr/lib/x86_64-linux-gnu/gazebo-11/plugins PYTHONPATH=/home/patrick/turtlebot3_ENAE450_ws/install/turtlebot3_msgs/local/lib/python3.10/dist-packages:/home/patrick/turtlebot3_ENAE450_ws/install/dynamixel_sdk/local/lib/python3.10/dist-packages:${PYTHONPATH} /usr/bin/cmake /home/patrick/turtlebot3_ENAE450_ws/src/turtlebot3/turtlebot3_node -DAMENT_CMAKE_SYMLINK_INSTALL=1 -DCMAKE_INSTALL_PREFIX=/home/patrick/turtlebot3_ENAE450_ws/install/turtlebot3_node
[7.760s] Invoking command in '/home/patrick/turtlebot3_ENAE450_ws/build/turtlebot3_node': AMENT_PREFIX_PATH=/home/patrick/turtlebot3_ENAE450_ws/install/turtlebot3_msgs:/home/patrick/turtlebot3_ENAE450_ws/install/dynamixel_sdk:${AMENT_PREFIX_PATH} CMAKE_PREFIX_PATH=/home/patrick/turtlebot3_ENAE450_ws/install/turtlebot3_msgs:/home/patrick/turtlebot3_ENAE450_ws/install/dynamixel_sdk:/home/patrick/turtlebot3_ws/install/turtlebot3:/home/patrick/turtlebot3_ws/install/turtlebot3_simulations:/home/patrick/turtlebot3_ws/install/turtlebot3_bringup:/home/patrick/turtlebot3_ws/install/turtlebot3_node:/home/patrick/turtlebot3_ws/install/turtlebot3_navigation2:/home/patrick/turtlebot3_ws/install/turtlebot3_fake_node:/home/patrick/turtlebot3_ws/install/turtlebot3_msgs:/home/patrick/turtlebot3_ws/install/turtlebot3_gazebo:/home/patrick/turtlebot3_ws/install/turtlebot3_description:/home/patrick/turtlebot3_ws/install/turtlebot3_cartographer:/home/patrick/turtlebot3_ws/install/dynamixel_sdk_examples:/home/patrick/turtlebot3_ws/install/dynamixel_sdk_custom_interfaces:/home/patrick/turtlebot3_ws/install/dynamixel_sdk:/home/patrick/turtlebot3_ws/install/turtlebot3_teleop:/home/patrick/turtlebot3_ws/install/turtlebot3_example:/home/patrick/turtlebot3_ws/install/turtlebot3_controller:/opt/ros/humble LD_LIBRARY_PATH=/home/patrick/turtlebot3_ENAE450_ws/install/turtlebot3_msgs/lib:/home/patrick/turtlebot3_ENAE450_ws/install/dynamixel_sdk/lib:/home/patrick/turtlebot3_ws/install/turtlebot3_msgs/lib:/home/patrick/turtlebot3_ws/install/dynamixel_sdk_custom_interfaces/lib:/home/patrick/turtlebot3_ws/install/dynamixel_sdk/lib:/usr/lib/x86_64-linux-gnu/gazebo-11/plugins:/opt/ros/humble/opt/rviz_ogre_vendor/lib:/opt/ros/humble/lib/x86_64-linux-gnu:/opt/ros/humble/lib:/usr/lib/x86_64-linux-gnu/gazebo-11/plugins:/usr/lib/x86_64-linux-gnu/gazebo-11/plugins:/usr/lib/x86_64-linux-gnu/gazebo-11/plugins:/usr/lib/x86_64-linux-gnu/gazebo-11/plugins:/usr/lib/x86_64-linux-gnu/gazebo-11/plugins:/usr/lib/x86_64-linux-gnu/gazebo-11/plugins PYTHONPATH=/home/patrick/turtlebot3_ENAE450_ws/install/turtlebot3_msgs/local/lib/python3.10/dist-packages:/home/patrick/turtlebot3_ENAE450_ws/install/dynamixel_sdk/local/lib/python3.10/dist-packages:${PYTHONPATH} /usr/bin/cmake --build /home/patrick/turtlebot3_ENAE450_ws/build/turtlebot3_node -- -j2 -l2
[8.010s] [  7%] [32mBuilding CXX object CMakeFiles/turtlebot3_node_lib.dir/src/devices/motor_power.cpp.o[0m
[24.329s] [ 14%] [32mBuilding CXX object CMakeFiles/turtlebot3_node_lib.dir/src/devices/sound.cpp.o[0m
[31.186s] [ 21%] [32mBuilding CXX object CMakeFiles/turtlebot3_node_lib.dir/src/devices/reset.cpp.o[0m
[37.861s] [ 28%] [32mBuilding CXX object CMakeFiles/turtlebot3_node_lib.dir/src/diff_drive_controller.cpp.o[0m
[44.133s] [ 35%] [32mBuilding CXX object CMakeFiles/turtlebot3_node_lib.dir/src/dynamixel_sdk_wrapper.cpp.o[0m
[44.940s] [ 42%] [32mBuilding CXX object CMakeFiles/turtlebot3_node_lib.dir/src/odometry.cpp.o[0m
[66.314s] [ 50%] [32mBuilding CXX object CMakeFiles/turtlebot3_node_lib.dir/src/turtlebot3.cpp.o[0m
[89.537s] [ 57%] [32mBuilding CXX object CMakeFiles/turtlebot3_node_lib.dir/src/sensors/battery_state.cpp.o[0m
[96.032s] [ 64%] [32mBuilding CXX object CMakeFiles/turtlebot3_node_lib.dir/src/sensors/imu.cpp.o[0m
[102.837s] [ 71%] [32mBuilding CXX object CMakeFiles/turtlebot3_node_lib.dir/src/sensors/joint_state.cpp.o[0m
[109.347s] [ 78%] [32mBuilding CXX object CMakeFiles/turtlebot3_node_lib.dir/src/sensors/sensor_state.cpp.o[0m
[115.672s] [ 85%] [32m[1mLinking CXX static library libturtlebot3_node_lib.a[0m
[116.975s] [ 85%] Built target turtlebot3_node_lib
[117.022s] [ 92%] [32mBuilding CXX object CMakeFiles/turtlebot3_ros.dir/src/node_main.cpp.o[0m
[122.507s] [100%] [32m[1mLinking CXX executable turtlebot3_ros[0m
[126.073s] [100%] Built target turtlebot3_ros
[126.096s] Invoked command in '/home/patrick/turtlebot3_ENAE450_ws/build/turtlebot3_node' returned '0': AMENT_PREFIX_PATH=/home/patrick/turtlebot3_ENAE450_ws/install/turtlebot3_msgs:/home/patrick/turtlebot3_ENAE450_ws/install/dynamixel_sdk:${AMENT_PREFIX_PATH} CMAKE_PREFIX_PATH=/home/patrick/turtlebot3_ENAE450_ws/install/turtlebot3_msgs:/home/patrick/turtlebot3_ENAE450_ws/install/dynamixel_sdk:/home/patrick/turtlebot3_ws/install/turtlebot3:/home/patrick/turtlebot3_ws/install/turtlebot3_simulations:/home/patrick/turtlebot3_ws/install/turtlebot3_bringup:/home/patrick/turtlebot3_ws/install/turtlebot3_node:/home/patrick/turtlebot3_ws/install/turtlebot3_navigation2:/home/patrick/turtlebot3_ws/install/turtlebot3_fake_node:/home/patrick/turtlebot3_ws/install/turtlebot3_msgs:/home/patrick/turtlebot3_ws/install/turtlebot3_gazebo:/home/patrick/turtlebot3_ws/install/turtlebot3_description:/home/patrick/turtlebot3_ws/install/turtlebot3_cartographer:/home/patrick/turtlebot3_ws/install/dynamixel_sdk_examples:/home/patrick/turtlebot3_ws/install/dynamixel_sdk_custom_interfaces:/home/patrick/turtlebot3_ws/install/dynamixel_sdk:/home/patrick/turtlebot3_ws/install/turtlebot3_teleop:/home/patrick/turtlebot3_ws/install/turtlebot3_example:/home/patrick/turtlebot3_ws/install/turtlebot3_controller:/opt/ros/humble LD_LIBRARY_PATH=/home/patrick/turtlebot3_ENAE450_ws/install/turtlebot3_msgs/lib:/home/patrick/turtlebot3_ENAE450_ws/install/dynamixel_sdk/lib:/home/patrick/turtlebot3_ws/install/turtlebot3_msgs/lib:/home/patrick/turtlebot3_ws/install/dynamixel_sdk_custom_interfaces/lib:/home/patrick/turtlebot3_ws/install/dynamixel_sdk/lib:/usr/lib/x86_64-linux-gnu/gazebo-11/plugins:/opt/ros/humble/opt/rviz_ogre_vendor/lib:/opt/ros/humble/lib/x86_64-linux-gnu:/opt/ros/humble/lib:/usr/lib/x86_64-linux-gnu/gazebo-11/plugins:/usr/lib/x86_64-linux-gnu/gazebo-11/plugins:/usr/lib/x86_64-linux-gnu/gazebo-11/plugins:/usr/lib/x86_64-linux-gnu/gazebo-11/plugins:/usr/lib/x86_64-linux-gnu/gazebo-11/plugins:/usr/lib/x86_64-linux-gnu/gazebo-11/plugins PYTHONPATH=/home/patrick/turtlebot3_ENAE450_ws/install/turtlebot3_msgs/local/lib/python3.10/dist-packages:/home/patrick/turtlebot3_ENAE450_ws/install/dynamixel_sdk/local/lib/python3.10/dist-packages:${PYTHONPATH} /usr/bin/cmake --build /home/patrick/turtlebot3_ENAE450_ws/build/turtlebot3_node -- -j2 -l2
[126.101s] Invoking command in '/home/patrick/turtlebot3_ENAE450_ws/build/turtlebot3_node': AMENT_PREFIX_PATH=/home/patrick/turtlebot3_ENAE450_ws/install/turtlebot3_msgs:/home/patrick/turtlebot3_ENAE450_ws/install/dynamixel_sdk:${AMENT_PREFIX_PATH} CMAKE_PREFIX_PATH=/home/patrick/turtlebot3_ENAE450_ws/install/turtlebot3_msgs:/home/patrick/turtlebot3_ENAE450_ws/install/dynamixel_sdk:/home/patrick/turtlebot3_ws/install/turtlebot3:/home/patrick/turtlebot3_ws/install/turtlebot3_simulations:/home/patrick/turtlebot3_ws/install/turtlebot3_bringup:/home/patrick/turtlebot3_ws/install/turtlebot3_node:/home/patrick/turtlebot3_ws/install/turtlebot3_navigation2:/home/patrick/turtlebot3_ws/install/turtlebot3_fake_node:/home/patrick/turtlebot3_ws/install/turtlebot3_msgs:/home/patrick/turtlebot3_ws/install/turtlebot3_gazebo:/home/patrick/turtlebot3_ws/install/turtlebot3_description:/home/patrick/turtlebot3_ws/install/turtlebot3_cartographer:/home/patrick/turtlebot3_ws/install/dynamixel_sdk_examples:/home/patrick/turtlebot3_ws/install/dynamixel_sdk_custom_interfaces:/home/patrick/turtlebot3_ws/install/dynamixel_sdk:/home/patrick/turtlebot3_ws/install/turtlebot3_teleop:/home/patrick/turtlebot3_ws/install/turtlebot3_example:/home/patrick/turtlebot3_ws/install/turtlebot3_controller:/opt/ros/humble LD_LIBRARY_PATH=/home/patrick/turtlebot3_ENAE450_ws/install/turtlebot3_msgs/lib:/home/patrick/turtlebot3_ENAE450_ws/install/dynamixel_sdk/lib:/home/patrick/turtlebot3_ws/install/turtlebot3_msgs/lib:/home/patrick/turtlebot3_ws/install/dynamixel_sdk_custom_interfaces/lib:/home/patrick/turtlebot3_ws/install/dynamixel_sdk/lib:/usr/lib/x86_64-linux-gnu/gazebo-11/plugins:/opt/ros/humble/opt/rviz_ogre_vendor/lib:/opt/ros/humble/lib/x86_64-linux-gnu:/opt/ros/humble/lib:/usr/lib/x86_64-linux-gnu/gazebo-11/plugins:/usr/lib/x86_64-linux-gnu/gazebo-11/plugins:/usr/lib/x86_64-linux-gnu/gazebo-11/plugins:/usr/lib/x86_64-linux-gnu/gazebo-11/plugins:/usr/lib/x86_64-linux-gnu/gazebo-11/plugins:/usr/lib/x86_64-linux-gnu/gazebo-11/plugins PYTHONPATH=/home/patrick/turtlebot3_ENAE450_ws/install/turtlebot3_msgs/local/lib/python3.10/dist-packages:/home/patrick/turtlebot3_ENAE450_ws/install/dynamixel_sdk/local/lib/python3.10/dist-packages:${PYTHONPATH} /usr/bin/cmake --install /home/patrick/turtlebot3_ENAE450_ws/build/turtlebot3_node
[126.112s] -- Install configuration: ""
[126.113s] -- Execute custom install script
[126.115s] -- Symlinking: /home/patrick/turtlebot3_ENAE450_ws/install/turtlebot3_node/share/turtlebot3_node/param/burger.yaml
[126.129s] -- Symlinking: /home/patrick/turtlebot3_ENAE450_ws/install/turtlebot3_node/share/turtlebot3_node/param/waffle.yaml
[126.144s] -- Symlinking: /home/patrick/turtlebot3_ENAE450_ws/install/turtlebot3_node/share/turtlebot3_node/param/waffle_pi.yaml
[126.160s] -- Symlinking: /home/patrick/turtlebot3_ENAE450_ws/install/turtlebot3_node/lib/turtlebot3_node/turtlebot3_ros
[126.175s] -- Symlinking: /home/patrick/turtlebot3_ENAE450_ws/install/turtlebot3_node/share/ament_index/resource_index/package_run_dependencies/turtlebot3_node
[126.193s] -- Symlinking: /home/patrick/turtlebot3_ENAE450_ws/install/turtlebot3_node/share/ament_index/resource_index/parent_prefix_path/turtlebot3_node
[126.208s] -- Symlinking: /home/patrick/turtlebot3_ENAE450_ws/install/turtlebot3_node/share/turtlebot3_node/environment/ament_prefix_path.sh
[126.222s] -- Symlinking: /home/patrick/turtlebot3_ENAE450_ws/install/turtlebot3_node/share/turtlebot3_node/environment/ament_prefix_path.dsv
[126.237s] -- Symlinking: /home/patrick/turtlebot3_ENAE450_ws/install/turtlebot3_node/share/turtlebot3_node/environment/path.sh
[126.251s] -- Symlinking: /home/patrick/turtlebot3_ENAE450_ws/install/turtlebot3_node/share/turtlebot3_node/environment/path.dsv
[126.266s] -- Symlinking: /home/patrick/turtlebot3_ENAE450_ws/install/turtlebot3_node/share/turtlebot3_node/local_setup.bash
[126.282s] -- Symlinking: /home/patrick/turtlebot3_ENAE450_ws/install/turtlebot3_node/share/turtlebot3_node/local_setup.sh
[126.300s] -- Symlinking: /home/patrick/turtlebot3_ENAE450_ws/install/turtlebot3_node/share/turtlebot3_node/local_setup.zsh
[126.315s] -- Symlinking: /home/patrick/turtlebot3_ENAE450_ws/install/turtlebot3_node/share/turtlebot3_node/local_setup.dsv
[126.329s] -- Symlinking: /home/patrick/turtlebot3_ENAE450_ws/install/turtlebot3_node/share/turtlebot3_node/package.dsv
[126.344s] -- Symlinking: /home/patrick/turtlebot3_ENAE450_ws/install/turtlebot3_node/share/ament_index/resource_index/packages/turtlebot3_node
[126.358s] -- Symlinking: /home/patrick/turtlebot3_ENAE450_ws/install/turtlebot3_node/share/turtlebot3_node/cmake/ament_cmake_export_include_directories-extras.cmake
[126.374s] -- Symlinking: /home/patrick/turtlebot3_ENAE450_ws/install/turtlebot3_node/share/turtlebot3_node/cmake/turtlebot3_nodeConfig.cmake
[126.390s] -- Symlinking: /home/patrick/turtlebot3_ENAE450_ws/install/turtlebot3_node/share/turtlebot3_node/cmake/turtlebot3_nodeConfig-version.cmake
[126.408s] -- Symlinking: /home/patrick/turtlebot3_ENAE450_ws/install/turtlebot3_node/share/turtlebot3_node/package.xml
[126.428s] Invoked command in '/home/patrick/turtlebot3_ENAE450_ws/build/turtlebot3_node' returned '0': AMENT_PREFIX_PATH=/home/patrick/turtlebot3_ENAE450_ws/install/turtlebot3_msgs:/home/patrick/turtlebot3_ENAE450_ws/install/dynamixel_sdk:${AMENT_PREFIX_PATH} CMAKE_PREFIX_PATH=/home/patrick/turtlebot3_ENAE450_ws/install/turtlebot3_msgs:/home/patrick/turtlebot3_ENAE450_ws/install/dynamixel_sdk:/home/patrick/turtlebot3_ws/install/turtlebot3:/home/patrick/turtlebot3_ws/install/turtlebot3_simulations:/home/patrick/turtlebot3_ws/install/turtlebot3_bringup:/home/patrick/turtlebot3_ws/install/turtlebot3_node:/home/patrick/turtlebot3_ws/install/turtlebot3_navigation2:/home/patrick/turtlebot3_ws/install/turtlebot3_fake_node:/home/patrick/turtlebot3_ws/install/turtlebot3_msgs:/home/patrick/turtlebot3_ws/install/turtlebot3_gazebo:/home/patrick/turtlebot3_ws/install/turtlebot3_description:/home/patrick/turtlebot3_ws/install/turtlebot3_cartographer:/home/patrick/turtlebot3_ws/install/dynamixel_sdk_examples:/home/patrick/turtlebot3_ws/install/dynamixel_sdk_custom_interfaces:/home/patrick/turtlebot3_ws/install/dynamixel_sdk:/home/patrick/turtlebot3_ws/install/turtlebot3_teleop:/home/patrick/turtlebot3_ws/install/turtlebot3_example:/home/patrick/turtlebot3_ws/install/turtlebot3_controller:/opt/ros/humble LD_LIBRARY_PATH=/home/patrick/turtlebot3_ENAE450_ws/install/turtlebot3_msgs/lib:/home/patrick/turtlebot3_ENAE450_ws/install/dynamixel_sdk/lib:/home/patrick/turtlebot3_ws/install/turtlebot3_msgs/lib:/home/patrick/turtlebot3_ws/install/dynamixel_sdk_custom_interfaces/lib:/home/patrick/turtlebot3_ws/install/dynamixel_sdk/lib:/usr/lib/x86_64-linux-gnu/gazebo-11/plugins:/opt/ros/humble/opt/rviz_ogre_vendor/lib:/opt/ros/humble/lib/x86_64-linux-gnu:/opt/ros/humble/lib:/usr/lib/x86_64-linux-gnu/gazebo-11/plugins:/usr/lib/x86_64-linux-gnu/gazebo-11/plugins:/usr/lib/x86_64-linux-gnu/gazebo-11/plugins:/usr/lib/x86_64-linux-gnu/gazebo-11/plugins:/usr/lib/x86_64-linux-gnu/gazebo-11/plugins:/usr/lib/x86_64-linux-gnu/gazebo-11/plugins PYTHONPATH=/home/patrick/turtlebot3_ENAE450_ws/install/turtlebot3_msgs/local/lib/python3.10/dist-packages:/home/patrick/turtlebot3_ENAE450_ws/install/dynamixel_sdk/local/lib/python3.10/dist-packages:${PYTHONPATH} /usr/bin/cmake --install /home/patrick/turtlebot3_ENAE450_ws/build/turtlebot3_node
