[3.399s] Invoking command in '/home/patrick/turtlebot3_ENAE450_ws/build/turtlebot3_example': AMENT_PREFIX_PATH=/home/patrick/turtlebot3_ENAE450_ws/install/turtlebot3_msgs:${AMENT_PREFIX_PATH} CMAKE_PREFIX_PATH=/home/patrick/turtlebot3_ENAE450_ws/install/turtlebot3_msgs:${CMAKE_PREFIX_PATH} LD_LIBRARY_PATH=/home/patrick/turtlebot3_ENAE450_ws/install/turtlebot3_msgs/lib:/home/patrick/turtlebot3_ws/install/turtlebot3_msgs/lib:/home/patrick/turtlebot3_ws/install/dynamixel_sdk_custom_interfaces/lib:/home/patrick/turtlebot3_ws/install/dynamixel_sdk/lib:/usr/lib/x86_64-linux-gnu/gazebo-11/plugins:/opt/ros/humble/opt/rviz_ogre_vendor/lib:/opt/ros/humble/lib/x86_64-linux-gnu:/opt/ros/humble/lib:/usr/lib/x86_64-linux-gnu/gazebo-11/plugins:/usr/lib/x86_64-linux-gnu/gazebo-11/plugins:/usr/lib/x86_64-linux-gnu/gazebo-11/plugins:/usr/lib/x86_64-linux-gnu/gazebo-11/plugins:/usr/lib/x86_64-linux-gnu/gazebo-11/plugins:/usr/lib/x86_64-linux-gnu/gazebo-11/plugins PYTHONPATH=/home/patrick/turtlebot3_ENAE450_ws/build/turtlebot3_example/prefix_override:/usr/lib/python3/dist-packages/colcon_core/task/python/colcon_distutils_commands:/home/patrick/turtlebot3_ENAE450_ws/install/turtlebot3_example/lib/python3.10/site-packages:/home/patrick/turtlebot3_ENAE450_ws/install/turtlebot3_msgs/local/lib/python3.10/dist-packages:${PYTHONPATH} /usr/bin/python3 -W ignore:setup.py install is deprecated -W ignore:easy_install command is deprecated setup.py develop --editable --build-directory /home/patrick/turtlebot3_ENAE450_ws/build/turtlebot3_example/build --no-deps symlink_data
[4.920s] running develop
[5.813s] running egg_info
[5.813s] creating turtlebot3_example.egg-info
[5.813s] writing turtlebot3_example.egg-info/PKG-INFO
[5.815s] writing dependency_links to turtlebot3_example.egg-info/dependency_links.txt
[5.817s] writing entry points to turtlebot3_example.egg-info/entry_points.txt
[5.817s] writing requirements to turtlebot3_example.egg-info/requires.txt
[5.817s] writing top-level names to turtlebot3_example.egg-info/top_level.txt
[5.820s] writing manifest file 'turtlebot3_example.egg-info/SOURCES.txt'
[5.833s] reading manifest file 'turtlebot3_example.egg-info/SOURCES.txt'
[5.833s] writing manifest file 'turtlebot3_example.egg-info/SOURCES.txt'
[5.844s] running build_ext
[5.844s] Creating /home/patrick/turtlebot3_ENAE450_ws/install/turtlebot3_example/lib/python3.10/site-packages/turtlebot3-example.egg-link (link to .)
[5.844s] Installing turtlebot3_interactive_marker script to /home/patrick/turtlebot3_ENAE450_ws/install/turtlebot3_example/lib/turtlebot3_example
[5.851s] Installing turtlebot3_obstacle_detection script to /home/patrick/turtlebot3_ENAE450_ws/install/turtlebot3_example/lib/turtlebot3_example
[5.851s] Installing turtlebot3_patrol_client script to /home/patrick/turtlebot3_ENAE450_ws/install/turtlebot3_example/lib/turtlebot3_example
[5.851s] Installing turtlebot3_patrol_server script to /home/patrick/turtlebot3_ENAE450_ws/install/turtlebot3_example/lib/turtlebot3_example
[5.851s] Installing turtlebot3_position_control_pointop_key script to /home/patrick/turtlebot3_ENAE450_ws/install/turtlebot3_example/lib/turtlebot3_example
[5.851s] 
[5.851s] Installed /home/patrick/turtlebot3_ENAE450_ws/build/turtlebot3_example
[5.851s] running symlink_data
[5.851s] creating /home/patrick/turtlebot3_ENAE450_ws/install/turtlebot3_example/share/ament_index
[5.851s] creating /home/patrick/turtlebot3_ENAE450_ws/install/turtlebot3_example/share/ament_index/resource_index
[5.851s] creating /home/patrick/turtlebot3_ENAE450_ws/install/turtlebot3_example/share/ament_index/resource_index/packages
[5.851s] symbolically linking /home/patrick/turtlebot3_ENAE450_ws/build/turtlebot3_example/resource/turtlebot3_example -> /home/patrick/turtlebot3_ENAE450_ws/install/turtlebot3_example/share/ament_index/resource_index/packages
[5.852s] symbolically linking /home/patrick/turtlebot3_ENAE450_ws/build/turtlebot3_example/package.xml -> /home/patrick/turtlebot3_ENAE450_ws/install/turtlebot3_example/share/turtlebot3_example
[6.140s] Invoked command in '/home/patrick/turtlebot3_ENAE450_ws/build/turtlebot3_example' returned '0': AMENT_PREFIX_PATH=/home/patrick/turtlebot3_ENAE450_ws/install/turtlebot3_msgs:${AMENT_PREFIX_PATH} CMAKE_PREFIX_PATH=/home/patrick/turtlebot3_ENAE450_ws/install/turtlebot3_msgs:${CMAKE_PREFIX_PATH} LD_LIBRARY_PATH=/home/patrick/turtlebot3_ENAE450_ws/install/turtlebot3_msgs/lib:/home/patrick/turtlebot3_ws/install/turtlebot3_msgs/lib:/home/patrick/turtlebot3_ws/install/dynamixel_sdk_custom_interfaces/lib:/home/patrick/turtlebot3_ws/install/dynamixel_sdk/lib:/usr/lib/x86_64-linux-gnu/gazebo-11/plugins:/opt/ros/humble/opt/rviz_ogre_vendor/lib:/opt/ros/humble/lib/x86_64-linux-gnu:/opt/ros/humble/lib:/usr/lib/x86_64-linux-gnu/gazebo-11/plugins:/usr/lib/x86_64-linux-gnu/gazebo-11/plugins:/usr/lib/x86_64-linux-gnu/gazebo-11/plugins:/usr/lib/x86_64-linux-gnu/gazebo-11/plugins:/usr/lib/x86_64-linux-gnu/gazebo-11/plugins:/usr/lib/x86_64-linux-gnu/gazebo-11/plugins PYTHONPATH=/home/patrick/turtlebot3_ENAE450_ws/build/turtlebot3_example/prefix_override:/usr/lib/python3/dist-packages/colcon_core/task/python/colcon_distutils_commands:/home/patrick/turtlebot3_ENAE450_ws/install/turtlebot3_example/lib/python3.10/site-packages:/home/patrick/turtlebot3_ENAE450_ws/install/turtlebot3_msgs/local/lib/python3.10/dist-packages:${PYTHONPATH} /usr/bin/python3 -W ignore:setup.py install is deprecated -W ignore:easy_install command is deprecated setup.py develop --editable --build-directory /home/patrick/turtlebot3_ENAE450_ws/build/turtlebot3_example/build --no-deps symlink_data
