[0.063s] Invoking command in '/home/patrick/turtlebot3_ENAE450_ws/build/turtlebot3_cartographer': CMAKE_PREFIX_PATH=${CMAKE_PREFIX_PATH}:/home/patrick/turtlebot3_ENAE450_ws/install/turtlebot3_teleop:/home/patrick/turtlebot3_ENAE450_ws/install/turtlebot3_example:/home/patrick/turtlebot3_ENAE450_ws/install/turtlebot3_controller:/home/patrick/turtlebot3_ws/install/turtlebot3_teleop:/home/patrick/turtlebot3_ws/install/turtlebot3_example:/home/patrick/turtlebot3_ws/install/turtlebot3_controller:/opt/ros/humble /usr/bin/cmake --build /home/patrick/turtlebot3_ENAE450_ws/build/turtlebot3_cartographer -- -j2 -l2
[0.302s] Invoked command in '/home/patrick/turtlebot3_ENAE450_ws/build/turtlebot3_cartographer' returned '0': CMAKE_PREFIX_PATH=${CMAKE_PREFIX_PATH}:/home/patrick/turtlebot3_ENAE450_ws/install/turtlebot3_teleop:/home/patrick/turtlebot3_ENAE450_ws/install/turtlebot3_example:/home/patrick/turtlebot3_ENAE450_ws/install/turtlebot3_controller:/home/patrick/turtlebot3_ws/install/turtlebot3_teleop:/home/patrick/turtlebot3_ws/install/turtlebot3_example:/home/patrick/turtlebot3_ws/install/turtlebot3_controller:/opt/ros/humble /usr/bin/cmake --build /home/patrick/turtlebot3_ENAE450_ws/build/turtlebot3_cartographer -- -j2 -l2
[0.303s] Invoking command in '/home/patrick/turtlebot3_ENAE450_ws/build/turtlebot3_cartographer': CMAKE_PREFIX_PATH=${CMAKE_PREFIX_PATH}:/home/patrick/turtlebot3_ENAE450_ws/install/turtlebot3_teleop:/home/patrick/turtlebot3_ENAE450_ws/install/turtlebot3_example:/home/patrick/turtlebot3_ENAE450_ws/install/turtlebot3_controller:/home/patrick/turtlebot3_ws/install/turtlebot3_teleop:/home/patrick/turtlebot3_ws/install/turtlebot3_example:/home/patrick/turtlebot3_ws/install/turtlebot3_controller:/opt/ros/humble /usr/bin/cmake --install /home/patrick/turtlebot3_ENAE450_ws/build/turtlebot3_cartographer
[0.362s] -- Install configuration: ""
[0.367s] -- Execute custom install script
[0.367s] -- Up-to-date symlink: /home/patrick/turtlebot3_ENAE450_ws/install/turtlebot3_cartographer/share/turtlebot3_cartographer/config/turtlebot3_lds_2d.lua
[0.375s] -- Up-to-date symlink: /home/patrick/turtlebot3_ENAE450_ws/install/turtlebot3_cartographer/share/turtlebot3_cartographer/launch/cartographer.launch.py
[0.375s] -- Up-to-date symlink: /home/patrick/turtlebot3_ENAE450_ws/install/turtlebot3_cartographer/share/turtlebot3_cartographer/launch/occupancy_grid.launch.py
[0.381s] -- Up-to-date symlink: /home/patrick/turtlebot3_ENAE450_ws/install/turtlebot3_cartographer/share/turtlebot3_cartographer/rviz/tb3_cartographer.rviz
[0.381s] -- Up-to-date symlink: /home/patrick/turtlebot3_ENAE450_ws/install/turtlebot3_cartographer/share/ament_index/resource_index/package_run_dependencies/turtlebot3_cartographer
[0.388s] -- Up-to-date symlink: /home/patrick/turtlebot3_ENAE450_ws/install/turtlebot3_cartographer/share/ament_index/resource_index/parent_prefix_path/turtlebot3_cartographer
[0.389s] -- Up-to-date symlink: /home/patrick/turtlebot3_ENAE450_ws/install/turtlebot3_cartographer/share/turtlebot3_cartographer/environment/ament_prefix_path.sh
[0.389s] -- Up-to-date symlink: /home/patrick/turtlebot3_ENAE450_ws/install/turtlebot3_cartographer/share/turtlebot3_cartographer/environment/ament_prefix_path.dsv
[0.392s] -- Up-to-date symlink: /home/patrick/turtlebot3_ENAE450_ws/install/turtlebot3_cartographer/share/turtlebot3_cartographer/environment/path.sh
[0.392s] -- Up-to-date symlink: /home/patrick/turtlebot3_ENAE450_ws/install/turtlebot3_cartographer/share/turtlebot3_cartographer/environment/path.dsv
[0.392s] -- Up-to-date symlink: /home/patrick/turtlebot3_ENAE450_ws/install/turtlebot3_cartographer/share/turtlebot3_cartographer/local_setup.bash
[0.394s] -- Up-to-date symlink: /home/patrick/turtlebot3_ENAE450_ws/install/turtlebot3_cartographer/share/turtlebot3_cartographer/local_setup.sh
[0.394s] -- Up-to-date symlink: /home/patrick/turtlebot3_ENAE450_ws/install/turtlebot3_cartographer/share/turtlebot3_cartographer/local_setup.zsh
[0.394s] -- Up-to-date symlink: /home/patrick/turtlebot3_ENAE450_ws/install/turtlebot3_cartographer/share/turtlebot3_cartographer/local_setup.dsv
[0.394s] -- Symlinking: /home/patrick/turtlebot3_ENAE450_ws/install/turtlebot3_cartographer/share/turtlebot3_cartographer/package.dsv
[0.480s] -- Up-to-date symlink: /home/patrick/turtlebot3_ENAE450_ws/install/turtlebot3_cartographer/share/ament_index/resource_index/packages/turtlebot3_cartographer
[0.481s] -- Up-to-date symlink: /home/patrick/turtlebot3_ENAE450_ws/install/turtlebot3_cartographer/share/turtlebot3_cartographer/cmake/turtlebot3_cartographerConfig.cmake
[0.481s] -- Up-to-date symlink: /home/patrick/turtlebot3_ENAE450_ws/install/turtlebot3_cartographer/share/turtlebot3_cartographer/cmake/turtlebot3_cartographerConfig-version.cmake
[0.483s] -- Up-to-date symlink: /home/patrick/turtlebot3_ENAE450_ws/install/turtlebot3_cartographer/share/turtlebot3_cartographer/package.xml
[0.515s] Invoked command in '/home/patrick/turtlebot3_ENAE450_ws/build/turtlebot3_cartographer' returned '0': CMAKE_PREFIX_PATH=${CMAKE_PREFIX_PATH}:/home/patrick/turtlebot3_ENAE450_ws/install/turtlebot3_teleop:/home/patrick/turtlebot3_ENAE450_ws/install/turtlebot3_example:/home/patrick/turtlebot3_ENAE450_ws/install/turtlebot3_controller:/home/patrick/turtlebot3_ws/install/turtlebot3_teleop:/home/patrick/turtlebot3_ws/install/turtlebot3_example:/home/patrick/turtlebot3_ws/install/turtlebot3_controller:/opt/ros/humble /usr/bin/cmake --install /home/patrick/turtlebot3_ENAE450_ws/build/turtlebot3_cartographer
