[0.034s] Invoking command in '/home/patrick/turtlebot3_ENAE450_ws/build/dynamixel_sdk_custom_interfaces': CMAKE_PREFIX_PATH=${CMAKE_PREFIX_PATH}:/home/patrick/turtlebot3_ENAE450_ws/install/turtlebot3_teleop:/home/patrick/turtlebot3_ENAE450_ws/install/turtlebot3_example:/home/patrick/turtlebot3_ENAE450_ws/install/turtlebot3_controller:/home/patrick/turtlebot3_ws/install/turtlebot3_teleop:/home/patrick/turtlebot3_ws/install/turtlebot3_example:/home/patrick/turtlebot3_ws/install/turtlebot3_controller:/opt/ros/humble /usr/bin/cmake --build /home/patrick/turtlebot3_ENAE450_ws/build/dynamixel_sdk_custom_interfaces -- -j2 -l2
[0.260s] [35m[1mConsolidate compiler generated dependencies of target dynamixel_sdk_custom_interfaces__rosidl_generator_c[0m
[0.323s] [  2%] Built target dynamixel_sdk_custom_interfaces__cpp
[0.342s] [ 12%] Built target dynamixel_sdk_custom_interfaces__rosidl_generator_c
[0.441s] [35m[1mConsolidate compiler generated dependencies of target dynamixel_sdk_custom_interfaces__rosidl_typesupport_fastrtps_cpp[0m
[0.549s] [ 23%] Built target dynamixel_sdk_custom_interfaces__rosidl_typesupport_fastrtps_cpp
[0.558s] [ 23%] Built target ament_cmake_python_symlink_dynamixel_sdk_custom_interfaces
[0.648s] [35m[1mConsolidate compiler generated dependencies of target dynamixel_sdk_custom_interfaces__rosidl_typesupport_introspection_c[0m
[0.670s] [35m[1mConsolidate compiler generated dependencies of target dynamixel_sdk_custom_interfaces__rosidl_typesupport_c[0m
[0.735s] [ 33%] Built target dynamixel_sdk_custom_interfaces__rosidl_typesupport_introspection_c
[0.753s] [ 43%] Built target dynamixel_sdk_custom_interfaces__rosidl_typesupport_c
[0.825s] [35m[1mConsolidate compiler generated dependencies of target dynamixel_sdk_custom_interfaces__rosidl_typesupport_introspection_cpp[0m
[0.831s] [35m[1mConsolidate compiler generated dependencies of target dynamixel_sdk_custom_interfaces__rosidl_typesupport_cpp[0m
[0.914s] [ 53%] Built target dynamixel_sdk_custom_interfaces__rosidl_typesupport_introspection_cpp
[0.938s] [ 64%] Built target dynamixel_sdk_custom_interfaces__rosidl_typesupport_cpp
[1.017s] [35m[1mConsolidate compiler generated dependencies of target dynamixel_sdk_custom_interfaces__rosidl_typesupport_fastrtps_c[0m
[1.116s] [ 74%] Built target dynamixel_sdk_custom_interfaces__rosidl_typesupport_fastrtps_c
[1.308s] [ 74%] Built target dynamixel_sdk_custom_interfaces
[2.529s] running egg_info
[2.537s] writing dynamixel_sdk_custom_interfaces.egg-info/PKG-INFO
[2.539s] writing dependency_links to dynamixel_sdk_custom_interfaces.egg-info/dependency_links.txt
[2.541s] writing top-level names to dynamixel_sdk_custom_interfaces.egg-info/top_level.txt
[2.551s] reading manifest file 'dynamixel_sdk_custom_interfaces.egg-info/SOURCES.txt'
[2.559s] writing manifest file 'dynamixel_sdk_custom_interfaces.egg-info/SOURCES.txt'
[2.814s] [ 74%] Built target ament_cmake_python_build_dynamixel_sdk_custom_interfaces_egg
[2.938s] [ 76%] Built target dynamixel_sdk_custom_interfaces__py
[3.021s] [35m[1mConsolidate compiler generated dependencies of target dynamixel_sdk_custom_interfaces__rosidl_generator_py[0m
[3.089s] [ 84%] Built target dynamixel_sdk_custom_interfaces__rosidl_generator_py
[3.136s] [35m[1mConsolidate compiler generated dependencies of target dynamixel_sdk_custom_interfaces__rosidl_typesupport_fastrtps_c__pyext[0m
[3.180s] [ 89%] Built target dynamixel_sdk_custom_interfaces__rosidl_typesupport_fastrtps_c__pyext
[3.250s] [35m[1mConsolidate compiler generated dependencies of target dynamixel_sdk_custom_interfaces__rosidl_typesupport_introspection_c__pyext[0m
[3.302s] [ 94%] Built target dynamixel_sdk_custom_interfaces__rosidl_typesupport_introspection_c__pyext
[3.382s] [35m[1mConsolidate compiler generated dependencies of target dynamixel_sdk_custom_interfaces__rosidl_typesupport_c__pyext[0m
[3.467s] [100%] Built target dynamixel_sdk_custom_interfaces__rosidl_typesupport_c__pyext
[3.741s] Invoked command in '/home/patrick/turtlebot3_ENAE450_ws/build/dynamixel_sdk_custom_interfaces' returned '0': CMAKE_PREFIX_PATH=${CMAKE_PREFIX_PATH}:/home/patrick/turtlebot3_ENAE450_ws/install/turtlebot3_teleop:/home/patrick/turtlebot3_ENAE450_ws/install/turtlebot3_example:/home/patrick/turtlebot3_ENAE450_ws/install/turtlebot3_controller:/home/patrick/turtlebot3_ws/install/turtlebot3_teleop:/home/patrick/turtlebot3_ws/install/turtlebot3_example:/home/patrick/turtlebot3_ws/install/turtlebot3_controller:/opt/ros/humble /usr/bin/cmake --build /home/patrick/turtlebot3_ENAE450_ws/build/dynamixel_sdk_custom_interfaces -- -j2 -l2
[3.750s] Invoking command in '/home/patrick/turtlebot3_ENAE450_ws/build/dynamixel_sdk_custom_interfaces': CMAKE_PREFIX_PATH=${CMAKE_PREFIX_PATH}:/home/patrick/turtlebot3_ENAE450_ws/install/turtlebot3_teleop:/home/patrick/turtlebot3_ENAE450_ws/install/turtlebot3_example:/home/patrick/turtlebot3_ENAE450_ws/install/turtlebot3_controller:/home/patrick/turtlebot3_ws/install/turtlebot3_teleop:/home/patrick/turtlebot3_ws/install/turtlebot3_example:/home/patrick/turtlebot3_ws/install/turtlebot3_controller:/opt/ros/humble /usr/bin/cmake --install /home/patrick/turtlebot3_ENAE450_ws/build/dynamixel_sdk_custom_interfaces
[3.807s] -- Install configuration: ""
[3.811s] -- Execute custom install script
[3.813s] -- Up-to-date symlink: /home/patrick/turtlebot3_ENAE450_ws/install/dynamixel_sdk_custom_interfaces/share/ament_index/resource_index/rosidl_interfaces/dynamixel_sdk_custom_interfaces
[3.820s] -- Up-to-date symlink: /home/patrick/turtlebot3_ENAE450_ws/install/dynamixel_sdk_custom_interfaces/include/dynamixel_sdk_custom_interfaces/dynamixel_sdk_custom_interfaces/msg/detail/set_position__functions.h
[3.821s] -- Up-to-date symlink: /home/patrick/turtlebot3_ENAE450_ws/install/dynamixel_sdk_custom_interfaces/include/dynamixel_sdk_custom_interfaces/dynamixel_sdk_custom_interfaces/msg/detail/set_position__struct.h
[3.826s] -- Up-to-date symlink: /home/patrick/turtlebot3_ENAE450_ws/install/dynamixel_sdk_custom_interfaces/include/dynamixel_sdk_custom_interfaces/dynamixel_sdk_custom_interfaces/msg/detail/set_position__type_support.h
[3.827s] -- Up-to-date symlink: /home/patrick/turtlebot3_ENAE450_ws/install/dynamixel_sdk_custom_interfaces/include/dynamixel_sdk_custom_interfaces/dynamixel_sdk_custom_interfaces/msg/rosidl_generator_c__visibility_control.h
[3.827s] -- Up-to-date symlink: /home/patrick/turtlebot3_ENAE450_ws/install/dynamixel_sdk_custom_interfaces/include/dynamixel_sdk_custom_interfaces/dynamixel_sdk_custom_interfaces/msg/set_position.h
[3.827s] -- Up-to-date symlink: /home/patrick/turtlebot3_ENAE450_ws/install/dynamixel_sdk_custom_interfaces/include/dynamixel_sdk_custom_interfaces/dynamixel_sdk_custom_interfaces/srv/detail/get_position__functions.h
[3.827s] -- Up-to-date symlink: /home/patrick/turtlebot3_ENAE450_ws/install/dynamixel_sdk_custom_interfaces/include/dynamixel_sdk_custom_interfaces/dynamixel_sdk_custom_interfaces/srv/detail/get_position__struct.h
[3.827s] -- Up-to-date symlink: /home/patrick/turtlebot3_ENAE450_ws/install/dynamixel_sdk_custom_interfaces/include/dynamixel_sdk_custom_interfaces/dynamixel_sdk_custom_interfaces/srv/detail/get_position__type_support.h
[3.827s] -- Up-to-date symlink: /home/patrick/turtlebot3_ENAE450_ws/install/dynamixel_sdk_custom_interfaces/include/dynamixel_sdk_custom_interfaces/dynamixel_sdk_custom_interfaces/srv/get_position.h
[3.827s] -- Up-to-date symlink: /home/patrick/turtlebot3_ENAE450_ws/install/dynamixel_sdk_custom_interfaces/share/dynamixel_sdk_custom_interfaces/environment/library_path.sh
[3.832s] -- Up-to-date symlink: /home/patrick/turtlebot3_ENAE450_ws/install/dynamixel_sdk_custom_interfaces/share/dynamixel_sdk_custom_interfaces/environment/library_path.dsv
[3.834s] -- Up-to-date symlink: /home/patrick/turtlebot3_ENAE450_ws/install/dynamixel_sdk_custom_interfaces/include/dynamixel_sdk_custom_interfaces/dynamixel_sdk_custom_interfaces/msg/detail/set_position__rosidl_typesupport_fastrtps_c.h
[3.834s] -- Up-to-date symlink: /home/patrick/turtlebot3_ENAE450_ws/install/dynamixel_sdk_custom_interfaces/include/dynamixel_sdk_custom_interfaces/dynamixel_sdk_custom_interfaces/msg/rosidl_typesupport_fastrtps_c__visibility_control.h
[3.834s] -- Up-to-date symlink: /home/patrick/turtlebot3_ENAE450_ws/install/dynamixel_sdk_custom_interfaces/include/dynamixel_sdk_custom_interfaces/dynamixel_sdk_custom_interfaces/srv/detail/get_position__rosidl_typesupport_fastrtps_c.h
[3.839s] -- Up-to-date symlink: /home/patrick/turtlebot3_ENAE450_ws/install/dynamixel_sdk_custom_interfaces/include/dynamixel_sdk_custom_interfaces/dynamixel_sdk_custom_interfaces/msg/detail/set_position__builder.hpp
[3.845s] -- Up-to-date symlink: /home/patrick/turtlebot3_ENAE450_ws/install/dynamixel_sdk_custom_interfaces/include/dynamixel_sdk_custom_interfaces/dynamixel_sdk_custom_interfaces/msg/detail/set_position__struct.hpp
[3.845s] -- Up-to-date symlink: /home/patrick/turtlebot3_ENAE450_ws/install/dynamixel_sdk_custom_interfaces/include/dynamixel_sdk_custom_interfaces/dynamixel_sdk_custom_interfaces/msg/detail/set_position__traits.hpp
[3.845s] -- Up-to-date symlink: /home/patrick/turtlebot3_ENAE450_ws/install/dynamixel_sdk_custom_interfaces/include/dynamixel_sdk_custom_interfaces/dynamixel_sdk_custom_interfaces/msg/detail/set_position__type_support.hpp
[3.845s] -- Up-to-date symlink: /home/patrick/turtlebot3_ENAE450_ws/install/dynamixel_sdk_custom_interfaces/include/dynamixel_sdk_custom_interfaces/dynamixel_sdk_custom_interfaces/msg/rosidl_generator_cpp__visibility_control.hpp
[3.845s] -- Up-to-date symlink: /home/patrick/turtlebot3_ENAE450_ws/install/dynamixel_sdk_custom_interfaces/include/dynamixel_sdk_custom_interfaces/dynamixel_sdk_custom_interfaces/msg/set_position.hpp
[3.845s] -- Up-to-date symlink: /home/patrick/turtlebot3_ENAE450_ws/install/dynamixel_sdk_custom_interfaces/include/dynamixel_sdk_custom_interfaces/dynamixel_sdk_custom_interfaces/srv/detail/get_position__builder.hpp
[3.845s] -- Up-to-date symlink: /home/patrick/turtlebot3_ENAE450_ws/install/dynamixel_sdk_custom_interfaces/include/dynamixel_sdk_custom_interfaces/dynamixel_sdk_custom_interfaces/srv/detail/get_position__struct.hpp
[3.845s] -- Up-to-date symlink: /home/patrick/turtlebot3_ENAE450_ws/install/dynamixel_sdk_custom_interfaces/include/dynamixel_sdk_custom_interfaces/dynamixel_sdk_custom_interfaces/srv/detail/get_position__traits.hpp
[3.851s] -- Up-to-date symlink: /home/patrick/turtlebot3_ENAE450_ws/install/dynamixel_sdk_custom_interfaces/include/dynamixel_sdk_custom_interfaces/dynamixel_sdk_custom_interfaces/srv/detail/get_position__type_support.hpp
[3.851s] -- Up-to-date symlink: /home/patrick/turtlebot3_ENAE450_ws/install/dynamixel_sdk_custom_interfaces/include/dynamixel_sdk_custom_interfaces/dynamixel_sdk_custom_interfaces/srv/get_position.hpp
[3.853s] -- Up-to-date symlink: /home/patrick/turtlebot3_ENAE450_ws/install/dynamixel_sdk_custom_interfaces/include/dynamixel_sdk_custom_interfaces/dynamixel_sdk_custom_interfaces/msg/detail/set_position__rosidl_typesupport_fastrtps_cpp.hpp
[3.855s] -- Up-to-date symlink: /home/patrick/turtlebot3_ENAE450_ws/install/dynamixel_sdk_custom_interfaces/include/dynamixel_sdk_custom_interfaces/dynamixel_sdk_custom_interfaces/msg/rosidl_typesupport_fastrtps_cpp__visibility_control.h
[3.863s] -- Up-to-date symlink: /home/patrick/turtlebot3_ENAE450_ws/install/dynamixel_sdk_custom_interfaces/include/dynamixel_sdk_custom_interfaces/dynamixel_sdk_custom_interfaces/srv/detail/get_position__rosidl_typesupport_fastrtps_cpp.hpp
[3.863s] -- Up-to-date symlink: /home/patrick/turtlebot3_ENAE450_ws/install/dynamixel_sdk_custom_interfaces/include/dynamixel_sdk_custom_interfaces/dynamixel_sdk_custom_interfaces/msg/detail/set_position__rosidl_typesupport_introspection_c.h
[3.864s] -- Up-to-date symlink: /home/patrick/turtlebot3_ENAE450_ws/install/dynamixel_sdk_custom_interfaces/include/dynamixel_sdk_custom_interfaces/dynamixel_sdk_custom_interfaces/msg/rosidl_typesupport_introspection_c__visibility_control.h
[3.867s] -- Up-to-date symlink: /home/patrick/turtlebot3_ENAE450_ws/install/dynamixel_sdk_custom_interfaces/include/dynamixel_sdk_custom_interfaces/dynamixel_sdk_custom_interfaces/srv/detail/get_position__rosidl_typesupport_introspection_c.h
[3.867s] -- Up-to-date symlink: /home/patrick/turtlebot3_ENAE450_ws/install/dynamixel_sdk_custom_interfaces/include/dynamixel_sdk_custom_interfaces/dynamixel_sdk_custom_interfaces/msg/detail/set_position__rosidl_typesupport_introspection_cpp.hpp
[3.869s] -- Up-to-date symlink: /home/patrick/turtlebot3_ENAE450_ws/install/dynamixel_sdk_custom_interfaces/include/dynamixel_sdk_custom_interfaces/dynamixel_sdk_custom_interfaces/srv/detail/get_position__rosidl_typesupport_introspection_cpp.hpp
[3.869s] -- Up-to-date symlink: /home/patrick/turtlebot3_ENAE450_ws/install/dynamixel_sdk_custom_interfaces/share/dynamixel_sdk_custom_interfaces/environment/pythonpath.sh
[3.873s] -- Up-to-date symlink: /home/patrick/turtlebot3_ENAE450_ws/install/dynamixel_sdk_custom_interfaces/share/dynamixel_sdk_custom_interfaces/environment/pythonpath.dsv
[3.873s] -- Up-to-date symlink: /home/patrick/turtlebot3_ENAE450_ws/install/dynamixel_sdk_custom_interfaces/local/lib/python3.10/dist-packages/dynamixel_sdk_custom_interfaces-3.8.3-py3.10.egg-info/PKG-INFO
[3.873s] -- Up-to-date symlink: /home/patrick/turtlebot3_ENAE450_ws/install/dynamixel_sdk_custom_interfaces/local/lib/python3.10/dist-packages/dynamixel_sdk_custom_interfaces-3.8.3-py3.10.egg-info/SOURCES.txt
[3.873s] -- Up-to-date symlink: /home/patrick/turtlebot3_ENAE450_ws/install/dynamixel_sdk_custom_interfaces/local/lib/python3.10/dist-packages/dynamixel_sdk_custom_interfaces-3.8.3-py3.10.egg-info/dependency_links.txt
[3.883s] -- Up-to-date symlink: /home/patrick/turtlebot3_ENAE450_ws/install/dynamixel_sdk_custom_interfaces/local/lib/python3.10/dist-packages/dynamixel_sdk_custom_interfaces-3.8.3-py3.10.egg-info/top_level.txt
[3.884s] -- Up-to-date symlink: /home/patrick/turtlebot3_ENAE450_ws/install/dynamixel_sdk_custom_interfaces/local/lib/python3.10/dist-packages/dynamixel_sdk_custom_interfaces/__init__.py
[3.884s] -- Up-to-date symlink: /home/patrick/turtlebot3_ENAE450_ws/install/dynamixel_sdk_custom_interfaces/local/lib/python3.10/dist-packages/dynamixel_sdk_custom_interfaces/_dynamixel_sdk_custom_interfaces_s.ep.rosidl_typesupport_c.c
[3.884s] -- Up-to-date symlink: /home/patrick/turtlebot3_ENAE450_ws/install/dynamixel_sdk_custom_interfaces/local/lib/python3.10/dist-packages/dynamixel_sdk_custom_interfaces/_dynamixel_sdk_custom_interfaces_s.ep.rosidl_typesupport_fastrtps_c.c
[3.884s] -- Up-to-date symlink: /home/patrick/turtlebot3_ENAE450_ws/install/dynamixel_sdk_custom_interfaces/local/lib/python3.10/dist-packages/dynamixel_sdk_custom_interfaces/_dynamixel_sdk_custom_interfaces_s.ep.rosidl_typesupport_introspection_c.c
[3.884s] -- Up-to-date symlink: /home/patrick/turtlebot3_ENAE450_ws/install/dynamixel_sdk_custom_interfaces/local/lib/python3.10/dist-packages/dynamixel_sdk_custom_interfaces/dynamixel_sdk_custom_interfaces_s__rosidl_typesupport_c.cpython-310-x86_64-linux-gnu.so
[3.887s] -- Up-to-date symlink: /home/patrick/turtlebot3_ENAE450_ws/install/dynamixel_sdk_custom_interfaces/local/lib/python3.10/dist-packages/dynamixel_sdk_custom_interfaces/dynamixel_sdk_custom_interfaces_s__rosidl_typesupport_fastrtps_c.cpython-310-x86_64-linux-gnu.so
[3.888s] -- Up-to-date symlink: /home/patrick/turtlebot3_ENAE450_ws/install/dynamixel_sdk_custom_interfaces/local/lib/python3.10/dist-packages/dynamixel_sdk_custom_interfaces/dynamixel_sdk_custom_interfaces_s__rosidl_typesupport_introspection_c.cpython-310-x86_64-linux-gnu.so
[3.888s] -- Up-to-date symlink: /home/patrick/turtlebot3_ENAE450_ws/install/dynamixel_sdk_custom_interfaces/local/lib/python3.10/dist-packages/dynamixel_sdk_custom_interfaces/libdynamixel_sdk_custom_interfaces__rosidl_generator_py.so
[3.889s] -- Up-to-date symlink: /home/patrick/turtlebot3_ENAE450_ws/install/dynamixel_sdk_custom_interfaces/local/lib/python3.10/dist-packages/dynamixel_sdk_custom_interfaces/msg/__init__.py
[3.889s] -- Up-to-date symlink: /home/patrick/turtlebot3_ENAE450_ws/install/dynamixel_sdk_custom_interfaces/local/lib/python3.10/dist-packages/dynamixel_sdk_custom_interfaces/msg/_set_position.py
[3.889s] -- Up-to-date symlink: /home/patrick/turtlebot3_ENAE450_ws/install/dynamixel_sdk_custom_interfaces/local/lib/python3.10/dist-packages/dynamixel_sdk_custom_interfaces/msg/_set_position_s.c
[3.890s] -- Up-to-date symlink: /home/patrick/turtlebot3_ENAE450_ws/install/dynamixel_sdk_custom_interfaces/local/lib/python3.10/dist-packages/dynamixel_sdk_custom_interfaces/srv/__init__.py
[3.890s] -- Up-to-date symlink: /home/patrick/turtlebot3_ENAE450_ws/install/dynamixel_sdk_custom_interfaces/local/lib/python3.10/dist-packages/dynamixel_sdk_custom_interfaces/srv/_get_position.py
[3.890s] -- Up-to-date symlink: /home/patrick/turtlebot3_ENAE450_ws/install/dynamixel_sdk_custom_interfaces/local/lib/python3.10/dist-packages/dynamixel_sdk_custom_interfaces/srv/_get_position_s.c
[3.894s] -- Up-to-date symlink: /home/patrick/turtlebot3_ENAE450_ws/install/dynamixel_sdk_custom_interfaces/local/lib/python3.10/dist-packages/dynamixel_sdk_custom_interfaces/dynamixel_sdk_custom_interfaces_s__rosidl_typesupport_fastrtps_c.cpython-310-x86_64-linux-gnu.so
[3.900s] -- Up-to-date symlink: /home/patrick/turtlebot3_ENAE450_ws/install/dynamixel_sdk_custom_interfaces/local/lib/python3.10/dist-packages/dynamixel_sdk_custom_interfaces/dynamixel_sdk_custom_interfaces_s__rosidl_typesupport_introspection_c.cpython-310-x86_64-linux-gnu.so
[3.900s] -- Up-to-date symlink: /home/patrick/turtlebot3_ENAE450_ws/install/dynamixel_sdk_custom_interfaces/local/lib/python3.10/dist-packages/dynamixel_sdk_custom_interfaces/dynamixel_sdk_custom_interfaces_s__rosidl_typesupport_c.cpython-310-x86_64-linux-gnu.so
[3.908s] -- Up-to-date symlink: /home/patrick/turtlebot3_ENAE450_ws/install/dynamixel_sdk_custom_interfaces/share/dynamixel_sdk_custom_interfaces/msg/SetPosition.idl
[3.908s] -- Up-to-date symlink: /home/patrick/turtlebot3_ENAE450_ws/install/dynamixel_sdk_custom_interfaces/share/dynamixel_sdk_custom_interfaces/srv/GetPosition.idl
[3.908s] -- Up-to-date symlink: /home/patrick/turtlebot3_ENAE450_ws/install/dynamixel_sdk_custom_interfaces/share/dynamixel_sdk_custom_interfaces/msg/SetPosition.msg
[3.909s] -- Up-to-date symlink: /home/patrick/turtlebot3_ENAE450_ws/install/dynamixel_sdk_custom_interfaces/share/dynamixel_sdk_custom_interfaces/srv/GetPosition.srv
[3.913s] -- Up-to-date symlink: /home/patrick/turtlebot3_ENAE450_ws/install/dynamixel_sdk_custom_interfaces/share/dynamixel_sdk_custom_interfaces/srv/GetPosition_Request.msg
[3.913s] -- Up-to-date symlink: /home/patrick/turtlebot3_ENAE450_ws/install/dynamixel_sdk_custom_interfaces/share/dynamixel_sdk_custom_interfaces/srv/GetPosition_Response.msg
[3.913s] -- Up-to-date symlink: /home/patrick/turtlebot3_ENAE450_ws/install/dynamixel_sdk_custom_interfaces/share/ament_index/resource_index/package_run_dependencies/dynamixel_sdk_custom_interfaces
[3.913s] -- Up-to-date symlink: /home/patrick/turtlebot3_ENAE450_ws/install/dynamixel_sdk_custom_interfaces/share/ament_index/resource_index/parent_prefix_path/dynamixel_sdk_custom_interfaces
[3.914s] -- Up-to-date symlink: /home/patrick/turtlebot3_ENAE450_ws/install/dynamixel_sdk_custom_interfaces/share/dynamixel_sdk_custom_interfaces/environment/ament_prefix_path.sh
[3.919s] -- Up-to-date symlink: /home/patrick/turtlebot3_ENAE450_ws/install/dynamixel_sdk_custom_interfaces/share/dynamixel_sdk_custom_interfaces/environment/ament_prefix_path.dsv
[3.919s] -- Up-to-date symlink: /home/patrick/turtlebot3_ENAE450_ws/install/dynamixel_sdk_custom_interfaces/share/dynamixel_sdk_custom_interfaces/environment/path.sh
[3.919s] -- Up-to-date symlink: /home/patrick/turtlebot3_ENAE450_ws/install/dynamixel_sdk_custom_interfaces/share/dynamixel_sdk_custom_interfaces/environment/path.dsv
[3.939s] -- Up-to-date symlink: /home/patrick/turtlebot3_ENAE450_ws/install/dynamixel_sdk_custom_interfaces/share/dynamixel_sdk_custom_interfaces/local_setup.bash
[3.940s] -- Up-to-date symlink: /home/patrick/turtlebot3_ENAE450_ws/install/dynamixel_sdk_custom_interfaces/share/dynamixel_sdk_custom_interfaces/local_setup.sh
[3.940s] -- Up-to-date symlink: /home/patrick/turtlebot3_ENAE450_ws/install/dynamixel_sdk_custom_interfaces/share/dynamixel_sdk_custom_interfaces/local_setup.zsh
[3.940s] -- Up-to-date symlink: /home/patrick/turtlebot3_ENAE450_ws/install/dynamixel_sdk_custom_interfaces/share/dynamixel_sdk_custom_interfaces/local_setup.dsv
[3.940s] -- Symlinking: /home/patrick/turtlebot3_ENAE450_ws/install/dynamixel_sdk_custom_interfaces/share/dynamixel_sdk_custom_interfaces/package.dsv
[3.966s] -- Up-to-date symlink: /home/patrick/turtlebot3_ENAE450_ws/install/dynamixel_sdk_custom_interfaces/share/ament_index/resource_index/packages/dynamixel_sdk_custom_interfaces
[3.969s] -- Up-to-date symlink: /home/patrick/turtlebot3_ENAE450_ws/install/dynamixel_sdk_custom_interfaces/share/dynamixel_sdk_custom_interfaces/cmake/rosidl_cmake-extras.cmake
[3.978s] -- Up-to-date symlink: /home/patrick/turtlebot3_ENAE450_ws/install/dynamixel_sdk_custom_interfaces/share/dynamixel_sdk_custom_interfaces/cmake/ament_cmake_export_dependencies-extras.cmake
[3.978s] -- Up-to-date symlink: /home/patrick/turtlebot3_ENAE450_ws/install/dynamixel_sdk_custom_interfaces/share/dynamixel_sdk_custom_interfaces/cmake/ament_cmake_export_include_directories-extras.cmake
[3.978s] -- Up-to-date symlink: /home/patrick/turtlebot3_ENAE450_ws/install/dynamixel_sdk_custom_interfaces/share/dynamixel_sdk_custom_interfaces/cmake/ament_cmake_export_libraries-extras.cmake
[3.978s] -- Up-to-date symlink: /home/patrick/turtlebot3_ENAE450_ws/install/dynamixel_sdk_custom_interfaces/share/dynamixel_sdk_custom_interfaces/cmake/ament_cmake_export_targets-extras.cmake
[3.978s] -- Up-to-date symlink: /home/patrick/turtlebot3_ENAE450_ws/install/dynamixel_sdk_custom_interfaces/share/dynamixel_sdk_custom_interfaces/cmake/rosidl_cmake_export_typesupport_targets-extras.cmake
[3.978s] -- Up-to-date symlink: /home/patrick/turtlebot3_ENAE450_ws/install/dynamixel_sdk_custom_interfaces/share/dynamixel_sdk_custom_interfaces/cmake/rosidl_cmake_export_typesupport_libraries-extras.cmake
[3.984s] -- Up-to-date symlink: /home/patrick/turtlebot3_ENAE450_ws/install/dynamixel_sdk_custom_interfaces/share/dynamixel_sdk_custom_interfaces/cmake/dynamixel_sdk_custom_interfacesConfig.cmake
[3.984s] -- Up-to-date symlink: /home/patrick/turtlebot3_ENAE450_ws/install/dynamixel_sdk_custom_interfaces/share/dynamixel_sdk_custom_interfaces/cmake/dynamixel_sdk_custom_interfacesConfig-version.cmake
[3.989s] -- Up-to-date symlink: /home/patrick/turtlebot3_ENAE450_ws/install/dynamixel_sdk_custom_interfaces/share/dynamixel_sdk_custom_interfaces/package.xml
[3.989s] -- Up-to-date: /home/patrick/turtlebot3_ENAE450_ws/install/dynamixel_sdk_custom_interfaces/lib/libdynamixel_sdk_custom_interfaces__rosidl_generator_c.so
[3.989s] -- Up-to-date: /home/patrick/turtlebot3_ENAE450_ws/install/dynamixel_sdk_custom_interfaces/lib/libdynamixel_sdk_custom_interfaces__rosidl_typesupport_fastrtps_c.so
[3.989s] -- Up-to-date: /home/patrick/turtlebot3_ENAE450_ws/install/dynamixel_sdk_custom_interfaces/lib/libdynamixel_sdk_custom_interfaces__rosidl_typesupport_fastrtps_cpp.so
[3.989s] -- Up-to-date: /home/patrick/turtlebot3_ENAE450_ws/install/dynamixel_sdk_custom_interfaces/lib/libdynamixel_sdk_custom_interfaces__rosidl_typesupport_introspection_c.so
[3.989s] -- Up-to-date: /home/patrick/turtlebot3_ENAE450_ws/install/dynamixel_sdk_custom_interfaces/lib/libdynamixel_sdk_custom_interfaces__rosidl_typesupport_c.so
[3.999s] -- Up-to-date: /home/patrick/turtlebot3_ENAE450_ws/install/dynamixel_sdk_custom_interfaces/lib/libdynamixel_sdk_custom_interfaces__rosidl_typesupport_introspection_cpp.so
[4.000s] -- Up-to-date: /home/patrick/turtlebot3_ENAE450_ws/install/dynamixel_sdk_custom_interfaces/lib/libdynamixel_sdk_custom_interfaces__rosidl_typesupport_cpp.so
[4.225s] Listing '/home/patrick/turtlebot3_ENAE450_ws/install/dynamixel_sdk_custom_interfaces/local/lib/python3.10/dist-packages/dynamixel_sdk_custom_interfaces'...
[4.225s] Listing '/home/patrick/turtlebot3_ENAE450_ws/install/dynamixel_sdk_custom_interfaces/local/lib/python3.10/dist-packages/dynamixel_sdk_custom_interfaces/msg'...
[4.225s] Listing '/home/patrick/turtlebot3_ENAE450_ws/install/dynamixel_sdk_custom_interfaces/local/lib/python3.10/dist-packages/dynamixel_sdk_custom_interfaces/srv'...
[4.257s] -- Up-to-date: /home/patrick/turtlebot3_ENAE450_ws/install/dynamixel_sdk_custom_interfaces/lib/libdynamixel_sdk_custom_interfaces__rosidl_generator_py.so
[4.258s] -- Up-to-date: /home/patrick/turtlebot3_ENAE450_ws/install/dynamixel_sdk_custom_interfaces/share/dynamixel_sdk_custom_interfaces/cmake/export_dynamixel_sdk_custom_interfaces__rosidl_generator_cExport.cmake
[4.258s] -- Up-to-date: /home/patrick/turtlebot3_ENAE450_ws/install/dynamixel_sdk_custom_interfaces/share/dynamixel_sdk_custom_interfaces/cmake/export_dynamixel_sdk_custom_interfaces__rosidl_generator_cExport-noconfig.cmake
[4.260s] -- Up-to-date: /home/patrick/turtlebot3_ENAE450_ws/install/dynamixel_sdk_custom_interfaces/share/dynamixel_sdk_custom_interfaces/cmake/export_dynamixel_sdk_custom_interfaces__rosidl_typesupport_fastrtps_cExport.cmake
[4.262s] -- Up-to-date: /home/patrick/turtlebot3_ENAE450_ws/install/dynamixel_sdk_custom_interfaces/share/dynamixel_sdk_custom_interfaces/cmake/export_dynamixel_sdk_custom_interfaces__rosidl_typesupport_fastrtps_cExport-noconfig.cmake
[4.262s] -- Up-to-date: /home/patrick/turtlebot3_ENAE450_ws/install/dynamixel_sdk_custom_interfaces/share/dynamixel_sdk_custom_interfaces/cmake/export_dynamixel_sdk_custom_interfaces__rosidl_generator_cppExport.cmake
[4.265s] -- Up-to-date: /home/patrick/turtlebot3_ENAE450_ws/install/dynamixel_sdk_custom_interfaces/share/dynamixel_sdk_custom_interfaces/cmake/export_dynamixel_sdk_custom_interfaces__rosidl_typesupport_fastrtps_cppExport.cmake
[4.269s] -- Up-to-date: /home/patrick/turtlebot3_ENAE450_ws/install/dynamixel_sdk_custom_interfaces/share/dynamixel_sdk_custom_interfaces/cmake/export_dynamixel_sdk_custom_interfaces__rosidl_typesupport_fastrtps_cppExport-noconfig.cmake
[4.270s] -- Up-to-date: /home/patrick/turtlebot3_ENAE450_ws/install/dynamixel_sdk_custom_interfaces/share/dynamixel_sdk_custom_interfaces/cmake/dynamixel_sdk_custom_interfaces__rosidl_typesupport_introspection_cExport.cmake
[4.271s] -- Up-to-date: /home/patrick/turtlebot3_ENAE450_ws/install/dynamixel_sdk_custom_interfaces/share/dynamixel_sdk_custom_interfaces/cmake/dynamixel_sdk_custom_interfaces__rosidl_typesupport_introspection_cExport-noconfig.cmake
[4.271s] -- Up-to-date: /home/patrick/turtlebot3_ENAE450_ws/install/dynamixel_sdk_custom_interfaces/share/dynamixel_sdk_custom_interfaces/cmake/dynamixel_sdk_custom_interfaces__rosidl_typesupport_cExport.cmake
[4.271s] -- Up-to-date: /home/patrick/turtlebot3_ENAE450_ws/install/dynamixel_sdk_custom_interfaces/share/dynamixel_sdk_custom_interfaces/cmake/dynamixel_sdk_custom_interfaces__rosidl_typesupport_cExport-noconfig.cmake
[4.274s] -- Up-to-date: /home/patrick/turtlebot3_ENAE450_ws/install/dynamixel_sdk_custom_interfaces/share/dynamixel_sdk_custom_interfaces/cmake/dynamixel_sdk_custom_interfaces__rosidl_typesupport_introspection_cppExport.cmake
[4.274s] -- Up-to-date: /home/patrick/turtlebot3_ENAE450_ws/install/dynamixel_sdk_custom_interfaces/share/dynamixel_sdk_custom_interfaces/cmake/dynamixel_sdk_custom_interfaces__rosidl_typesupport_introspection_cppExport-noconfig.cmake
[4.275s] -- Up-to-date: /home/patrick/turtlebot3_ENAE450_ws/install/dynamixel_sdk_custom_interfaces/share/dynamixel_sdk_custom_interfaces/cmake/dynamixel_sdk_custom_interfaces__rosidl_typesupport_cppExport.cmake
[4.275s] -- Up-to-date: /home/patrick/turtlebot3_ENAE450_ws/install/dynamixel_sdk_custom_interfaces/share/dynamixel_sdk_custom_interfaces/cmake/dynamixel_sdk_custom_interfaces__rosidl_typesupport_cppExport-noconfig.cmake
[4.277s] -- Up-to-date: /home/patrick/turtlebot3_ENAE450_ws/install/dynamixel_sdk_custom_interfaces/share/dynamixel_sdk_custom_interfaces/cmake/export_dynamixel_sdk_custom_interfaces__rosidl_generator_pyExport.cmake
[4.277s] -- Up-to-date: /home/patrick/turtlebot3_ENAE450_ws/install/dynamixel_sdk_custom_interfaces/share/dynamixel_sdk_custom_interfaces/cmake/export_dynamixel_sdk_custom_interfaces__rosidl_generator_pyExport-noconfig.cmake
[4.294s] Invoked command in '/home/patrick/turtlebot3_ENAE450_ws/build/dynamixel_sdk_custom_interfaces' returned '0': CMAKE_PREFIX_PATH=${CMAKE_PREFIX_PATH}:/home/patrick/turtlebot3_ENAE450_ws/install/turtlebot3_teleop:/home/patrick/turtlebot3_ENAE450_ws/install/turtlebot3_example:/home/patrick/turtlebot3_ENAE450_ws/install/turtlebot3_controller:/home/patrick/turtlebot3_ws/install/turtlebot3_teleop:/home/patrick/turtlebot3_ws/install/turtlebot3_example:/home/patrick/turtlebot3_ws/install/turtlebot3_controller:/opt/ros/humble /usr/bin/cmake --install /home/patrick/turtlebot3_ENAE450_ws/build/dynamixel_sdk_custom_interfaces
