[0.043s] Invoking command in '/home/patrick/turtlebot3_ENAE450_ws/build/dynamixel_sdk': CMAKE_PREFIX_PATH=${CMAKE_PREFIX_PATH}:/home/patrick/turtlebot3_ws/install/turtlebot3_teleop:/home/patrick/turtlebot3_ws/install/turtlebot3_example:/home/patrick/turtlebot3_ws/install/turtlebot3_controller:/opt/ros/humble /usr/bin/cmake /home/patrick/turtlebot3_ENAE450_ws/src/DynamixelSDK/ros/dynamixel_sdk -DAMENT_CMAKE_SYMLINK_INSTALL=1 -DCMAKE_INSTALL_PREFIX=/home/patrick/turtlebot3_ENAE450_ws/install/dynamixel_sdk
[0.295s] -- The C compiler identification is GNU 11.4.0
[0.476s] -- The CXX compiler identification is GNU 11.4.0
[0.506s] -- Detecting C compiler ABI info
[0.671s] -- Detecting C compiler ABI info - done
[0.685s] -- Check for working C compiler: /usr/bin/cc - skipped
[0.688s] -- Detecting C compile features
[0.695s] -- Detecting C compile features - done
[0.707s] -- Detecting CXX compiler ABI info
[0.932s] -- Detecting CXX compiler ABI info - done
[0.945s] -- Check for working CXX compiler: /usr/bin/c++ - skipped
[0.946s] -- Detecting CXX compile features
[0.946s] -- Detecting CXX compile features - done
[0.986s] -- Found ament_cmake: 1.3.11 (/opt/ros/humble/share/ament_cmake/cmake)
[1.330s] -- Found Python3: /usr/bin/python3 (found version "3.10.12") found components: Interpreter 
[1.483s] -- Override CMake install command with custom implementation using symlinks instead of copying resources
[1.912s] -- Configuring done
[1.926s] -- Generating done
[1.931s] -- Build files have been written to: /home/patrick/turtlebot3_ENAE450_ws/build/dynamixel_sdk
[1.939s] Invoked command in '/home/patrick/turtlebot3_ENAE450_ws/build/dynamixel_sdk' returned '0': CMAKE_PREFIX_PATH=${CMAKE_PREFIX_PATH}:/home/patrick/turtlebot3_ws/install/turtlebot3_teleop:/home/patrick/turtlebot3_ws/install/turtlebot3_example:/home/patrick/turtlebot3_ws/install/turtlebot3_controller:/opt/ros/humble /usr/bin/cmake /home/patrick/turtlebot3_ENAE450_ws/src/DynamixelSDK/ros/dynamixel_sdk -DAMENT_CMAKE_SYMLINK_INSTALL=1 -DCMAKE_INSTALL_PREFIX=/home/patrick/turtlebot3_ENAE450_ws/install/dynamixel_sdk
[1.940s] Invoking command in '/home/patrick/turtlebot3_ENAE450_ws/build/dynamixel_sdk': CMAKE_PREFIX_PATH=${CMAKE_PREFIX_PATH}:/home/patrick/turtlebot3_ws/install/turtlebot3_teleop:/home/patrick/turtlebot3_ws/install/turtlebot3_example:/home/patrick/turtlebot3_ws/install/turtlebot3_controller:/opt/ros/humble /usr/bin/cmake --build /home/patrick/turtlebot3_ENAE450_ws/build/dynamixel_sdk -- -j2 -l2
[2.056s] [  7%] [32mBuilding CXX object CMakeFiles/dynamixel_sdk.dir/src/dynamixel_sdk/packet_handler.cpp.o[0m
[2.081s] [  7%] Built target ament_cmake_python_symlink_dynamixel_sdk
[2.097s] [ 15%] [32mBuilding CXX object CMakeFiles/dynamixel_sdk.dir/src/dynamixel_sdk/protocol1_packet_handler.cpp.o[0m
[2.673s] [ 23%] [32mBuilding CXX object CMakeFiles/dynamixel_sdk.dir/src/dynamixel_sdk/protocol2_packet_handler.cpp.o[0m
[2.971s] running egg_info
[2.971s] creating dynamixel_sdk.egg-info
[2.971s] writing dynamixel_sdk.egg-info/PKG-INFO
[2.971s] writing dependency_links to dynamixel_sdk.egg-info/dependency_links.txt
[2.971s] writing top-level names to dynamixel_sdk.egg-info/top_level.txt
[2.975s] writing manifest file 'dynamixel_sdk.egg-info/SOURCES.txt'
[2.986s] reading manifest file 'dynamixel_sdk.egg-info/SOURCES.txt'
[2.990s] writing manifest file 'dynamixel_sdk.egg-info/SOURCES.txt'
[3.100s] [ 23%] Built target ament_cmake_python_build_dynamixel_sdk_egg
[3.119s] [ 30%] [32mBuilding CXX object CMakeFiles/dynamixel_sdk.dir/src/dynamixel_sdk/group_sync_read.cpp.o[0m
[3.203s] [ 38%] [32mBuilding CXX object CMakeFiles/dynamixel_sdk.dir/src/dynamixel_sdk/group_sync_write.cpp.o[0m
[4.029s] [ 46%] [32mBuilding CXX object CMakeFiles/dynamixel_sdk.dir/src/dynamixel_sdk/group_bulk_read.cpp.o[0m
[4.215s] [ 53%] [32mBuilding CXX object CMakeFiles/dynamixel_sdk.dir/src/dynamixel_sdk/group_bulk_write.cpp.o[0m
[5.054s] [ 61%] [32mBuilding CXX object CMakeFiles/dynamixel_sdk.dir/src/dynamixel_sdk/group_fast_bulk_read.cpp.o[0m
[5.331s] [ 69%] [32mBuilding CXX object CMakeFiles/dynamixel_sdk.dir/src/dynamixel_sdk/group_fast_sync_read.cpp.o[0m
[6.161s] [ 76%] [32mBuilding CXX object CMakeFiles/dynamixel_sdk.dir/src/dynamixel_sdk/group_handler.cpp.o[0m
[6.209s] [ 84%] [32mBuilding CXX object CMakeFiles/dynamixel_sdk.dir/src/dynamixel_sdk/port_handler.cpp.o[0m
[6.312s] [ 92%] [32mBuilding CXX object CMakeFiles/dynamixel_sdk.dir/src/dynamixel_sdk/port_handler_linux.cpp.o[0m
[6.873s] [100%] [32m[1mLinking CXX shared library libdynamixel_sdk.so[0m
[7.426s] [100%] Built target dynamixel_sdk
[7.525s] Invoked command in '/home/patrick/turtlebot3_ENAE450_ws/build/dynamixel_sdk' returned '0': CMAKE_PREFIX_PATH=${CMAKE_PREFIX_PATH}:/home/patrick/turtlebot3_ws/install/turtlebot3_teleop:/home/patrick/turtlebot3_ws/install/turtlebot3_example:/home/patrick/turtlebot3_ws/install/turtlebot3_controller:/opt/ros/humble /usr/bin/cmake --build /home/patrick/turtlebot3_ENAE450_ws/build/dynamixel_sdk -- -j2 -l2
[7.626s] Invoking command in '/home/patrick/turtlebot3_ENAE450_ws/build/dynamixel_sdk': CMAKE_PREFIX_PATH=${CMAKE_PREFIX_PATH}:/home/patrick/turtlebot3_ws/install/turtlebot3_teleop:/home/patrick/turtlebot3_ws/install/turtlebot3_example:/home/patrick/turtlebot3_ws/install/turtlebot3_controller:/opt/ros/humble /usr/bin/cmake --install /home/patrick/turtlebot3_ENAE450_ws/build/dynamixel_sdk
[7.680s] -- Install configuration: ""
[7.690s] -- Execute custom install script
[7.698s] -- Symlinking: /home/patrick/turtlebot3_ENAE450_ws/install/dynamixel_sdk/include//dynamixel_sdk/dynamixel_sdk.h
[7.776s] -- Symlinking: /home/patrick/turtlebot3_ENAE450_ws/install/dynamixel_sdk/include//dynamixel_sdk/group_bulk_read.h
[7.840s] -- Symlinking: /home/patrick/turtlebot3_ENAE450_ws/install/dynamixel_sdk/include//dynamixel_sdk/group_bulk_write.h
[7.930s] -- Symlinking: /home/patrick/turtlebot3_ENAE450_ws/install/dynamixel_sdk/include//dynamixel_sdk/group_fast_bulk_read.h
[7.987s] -- Symlinking: /home/patrick/turtlebot3_ENAE450_ws/install/dynamixel_sdk/include//dynamixel_sdk/group_fast_sync_read.h
[8.063s] -- Symlinking: /home/patrick/turtlebot3_ENAE450_ws/install/dynamixel_sdk/include//dynamixel_sdk/group_handler.h
[8.142s] -- Symlinking: /home/patrick/turtlebot3_ENAE450_ws/install/dynamixel_sdk/include//dynamixel_sdk/group_sync_read.h
[8.228s] -- Symlinking: /home/patrick/turtlebot3_ENAE450_ws/install/dynamixel_sdk/include//dynamixel_sdk/group_sync_write.h
[8.295s] -- Symlinking: /home/patrick/turtlebot3_ENAE450_ws/install/dynamixel_sdk/include//dynamixel_sdk/packet_handler.h
[8.367s] -- Symlinking: /home/patrick/turtlebot3_ENAE450_ws/install/dynamixel_sdk/include//dynamixel_sdk/port_handler.h
[8.446s] -- Symlinking: /home/patrick/turtlebot3_ENAE450_ws/install/dynamixel_sdk/include//dynamixel_sdk/port_handler_arduino.h
[8.523s] -- Symlinking: /home/patrick/turtlebot3_ENAE450_ws/install/dynamixel_sdk/include//dynamixel_sdk/port_handler_linux.h
[8.605s] -- Symlinking: /home/patrick/turtlebot3_ENAE450_ws/install/dynamixel_sdk/include//dynamixel_sdk/port_handler_mac.h
[8.660s] -- Symlinking: /home/patrick/turtlebot3_ENAE450_ws/install/dynamixel_sdk/include//dynamixel_sdk/port_handler_windows.h
[8.719s] -- Symlinking: /home/patrick/turtlebot3_ENAE450_ws/install/dynamixel_sdk/include//dynamixel_sdk/protocol1_packet_handler.h
[8.785s] -- Symlinking: /home/patrick/turtlebot3_ENAE450_ws/install/dynamixel_sdk/include//dynamixel_sdk/protocol2_packet_handler.h
[8.839s] -- Symlinking: /home/patrick/turtlebot3_ENAE450_ws/install/dynamixel_sdk/lib/libdynamixel_sdk.so
[8.920s] -- Symlinking: /home/patrick/turtlebot3_ENAE450_ws/install/dynamixel_sdk/share/dynamixel_sdk/environment/pythonpath.sh
[8.982s] -- Symlinking: /home/patrick/turtlebot3_ENAE450_ws/install/dynamixel_sdk/share/dynamixel_sdk/environment/pythonpath.dsv
[9.047s] -- Symlinking: /home/patrick/turtlebot3_ENAE450_ws/install/dynamixel_sdk/local/lib/python3.10/dist-packages/dynamixel_sdk-3.8.3-py3.10.egg-info/PKG-INFO
[9.134s] -- Symlinking: /home/patrick/turtlebot3_ENAE450_ws/install/dynamixel_sdk/local/lib/python3.10/dist-packages/dynamixel_sdk-3.8.3-py3.10.egg-info/SOURCES.txt
[9.200s] -- Symlinking: /home/patrick/turtlebot3_ENAE450_ws/install/dynamixel_sdk/local/lib/python3.10/dist-packages/dynamixel_sdk-3.8.3-py3.10.egg-info/dependency_links.txt
[9.285s] -- Symlinking: /home/patrick/turtlebot3_ENAE450_ws/install/dynamixel_sdk/local/lib/python3.10/dist-packages/dynamixel_sdk-3.8.3-py3.10.egg-info/top_level.txt
[9.352s] -- Symlinking: /home/patrick/turtlebot3_ENAE450_ws/install/dynamixel_sdk/local/lib/python3.10/dist-packages/dynamixel_sdk/__init__.py
[9.414s] -- Symlinking: /home/patrick/turtlebot3_ENAE450_ws/install/dynamixel_sdk/local/lib/python3.10/dist-packages/dynamixel_sdk/group_bulk_read.cpp
[9.472s] -- Symlinking: /home/patrick/turtlebot3_ENAE450_ws/install/dynamixel_sdk/local/lib/python3.10/dist-packages/dynamixel_sdk/group_bulk_read.py
[9.552s] -- Symlinking: /home/patrick/turtlebot3_ENAE450_ws/install/dynamixel_sdk/local/lib/python3.10/dist-packages/dynamixel_sdk/group_bulk_write.cpp
[9.615s] -- Symlinking: /home/patrick/turtlebot3_ENAE450_ws/install/dynamixel_sdk/local/lib/python3.10/dist-packages/dynamixel_sdk/group_bulk_write.py
[9.673s] -- Symlinking: /home/patrick/turtlebot3_ENAE450_ws/install/dynamixel_sdk/local/lib/python3.10/dist-packages/dynamixel_sdk/group_fast_bulk_read.cpp
[9.738s] -- Symlinking: /home/patrick/turtlebot3_ENAE450_ws/install/dynamixel_sdk/local/lib/python3.10/dist-packages/dynamixel_sdk/group_fast_sync_read.cpp
[9.787s] -- Symlinking: /home/patrick/turtlebot3_ENAE450_ws/install/dynamixel_sdk/local/lib/python3.10/dist-packages/dynamixel_sdk/group_handler.cpp
[9.824s] -- Symlinking: /home/patrick/turtlebot3_ENAE450_ws/install/dynamixel_sdk/local/lib/python3.10/dist-packages/dynamixel_sdk/group_sync_read.cpp
[9.865s] -- Symlinking: /home/patrick/turtlebot3_ENAE450_ws/install/dynamixel_sdk/local/lib/python3.10/dist-packages/dynamixel_sdk/group_sync_read.py
[9.900s] -- Symlinking: /home/patrick/turtlebot3_ENAE450_ws/install/dynamixel_sdk/local/lib/python3.10/dist-packages/dynamixel_sdk/group_sync_write.cpp
[9.959s] -- Symlinking: /home/patrick/turtlebot3_ENAE450_ws/install/dynamixel_sdk/local/lib/python3.10/dist-packages/dynamixel_sdk/group_sync_write.py
[10.018s] -- Symlinking: /home/patrick/turtlebot3_ENAE450_ws/install/dynamixel_sdk/local/lib/python3.10/dist-packages/dynamixel_sdk/packet_handler.cpp
[10.083s] -- Symlinking: /home/patrick/turtlebot3_ENAE450_ws/install/dynamixel_sdk/local/lib/python3.10/dist-packages/dynamixel_sdk/packet_handler.py
[10.141s] -- Symlinking: /home/patrick/turtlebot3_ENAE450_ws/install/dynamixel_sdk/local/lib/python3.10/dist-packages/dynamixel_sdk/port_handler.cpp
[10.212s] -- Symlinking: /home/patrick/turtlebot3_ENAE450_ws/install/dynamixel_sdk/local/lib/python3.10/dist-packages/dynamixel_sdk/port_handler.py
[10.252s] -- Symlinking: /home/patrick/turtlebot3_ENAE450_ws/install/dynamixel_sdk/local/lib/python3.10/dist-packages/dynamixel_sdk/port_handler_arduino.cpp
[10.286s] -- Symlinking: /home/patrick/turtlebot3_ENAE450_ws/install/dynamixel_sdk/local/lib/python3.10/dist-packages/dynamixel_sdk/port_handler_linux.cpp
[10.322s] -- Symlinking: /home/patrick/turtlebot3_ENAE450_ws/install/dynamixel_sdk/local/lib/python3.10/dist-packages/dynamixel_sdk/port_handler_mac.cpp
[10.359s] -- Symlinking: /home/patrick/turtlebot3_ENAE450_ws/install/dynamixel_sdk/local/lib/python3.10/dist-packages/dynamixel_sdk/port_handler_windows.cpp
[10.389s] -- Symlinking: /home/patrick/turtlebot3_ENAE450_ws/install/dynamixel_sdk/local/lib/python3.10/dist-packages/dynamixel_sdk/protocol1_packet_handler.cpp
[10.420s] -- Symlinking: /home/patrick/turtlebot3_ENAE450_ws/install/dynamixel_sdk/local/lib/python3.10/dist-packages/dynamixel_sdk/protocol1_packet_handler.py
[10.458s] -- Symlinking: /home/patrick/turtlebot3_ENAE450_ws/install/dynamixel_sdk/local/lib/python3.10/dist-packages/dynamixel_sdk/protocol2_packet_handler.cpp
[10.494s] -- Symlinking: /home/patrick/turtlebot3_ENAE450_ws/install/dynamixel_sdk/local/lib/python3.10/dist-packages/dynamixel_sdk/protocol2_packet_handler.py
[10.541s] -- Symlinking: /home/patrick/turtlebot3_ENAE450_ws/install/dynamixel_sdk/local/lib/python3.10/dist-packages/dynamixel_sdk/robotis_def.py
[10.580s] -- Symlinking: /home/patrick/turtlebot3_ENAE450_ws/install/dynamixel_sdk/share/dynamixel_sdk/environment/library_path.sh
[10.613s] -- Symlinking: /home/patrick/turtlebot3_ENAE450_ws/install/dynamixel_sdk/share/dynamixel_sdk/environment/library_path.dsv
[10.626s] -- Symlinking: /home/patrick/turtlebot3_ENAE450_ws/install/dynamixel_sdk/share/ament_index/resource_index/package_run_dependencies/dynamixel_sdk
[10.650s] -- Symlinking: /home/patrick/turtlebot3_ENAE450_ws/install/dynamixel_sdk/share/ament_index/resource_index/parent_prefix_path/dynamixel_sdk
[10.679s] -- Symlinking: /home/patrick/turtlebot3_ENAE450_ws/install/dynamixel_sdk/share/dynamixel_sdk/environment/ament_prefix_path.sh
[10.694s] -- Symlinking: /home/patrick/turtlebot3_ENAE450_ws/install/dynamixel_sdk/share/dynamixel_sdk/environment/ament_prefix_path.dsv
[10.724s] -- Symlinking: /home/patrick/turtlebot3_ENAE450_ws/install/dynamixel_sdk/share/dynamixel_sdk/environment/path.sh
[10.747s] -- Symlinking: /home/patrick/turtlebot3_ENAE450_ws/install/dynamixel_sdk/share/dynamixel_sdk/environment/path.dsv
[10.763s] -- Symlinking: /home/patrick/turtlebot3_ENAE450_ws/install/dynamixel_sdk/share/dynamixel_sdk/local_setup.bash
[10.803s] -- Symlinking: /home/patrick/turtlebot3_ENAE450_ws/install/dynamixel_sdk/share/dynamixel_sdk/local_setup.sh
[10.820s] -- Symlinking: /home/patrick/turtlebot3_ENAE450_ws/install/dynamixel_sdk/share/dynamixel_sdk/local_setup.zsh
[10.851s] -- Symlinking: /home/patrick/turtlebot3_ENAE450_ws/install/dynamixel_sdk/share/dynamixel_sdk/local_setup.dsv
[10.868s] -- Symlinking: /home/patrick/turtlebot3_ENAE450_ws/install/dynamixel_sdk/share/dynamixel_sdk/package.dsv
[10.894s] -- Symlinking: /home/patrick/turtlebot3_ENAE450_ws/install/dynamixel_sdk/share/ament_index/resource_index/packages/dynamixel_sdk
[10.910s] -- Symlinking: /home/patrick/turtlebot3_ENAE450_ws/install/dynamixel_sdk/share/dynamixel_sdk/cmake/ament_cmake_export_include_directories-extras.cmake
[10.929s] -- Symlinking: /home/patrick/turtlebot3_ENAE450_ws/install/dynamixel_sdk/share/dynamixel_sdk/cmake/ament_cmake_export_libraries-extras.cmake
[10.969s] -- Symlinking: /home/patrick/turtlebot3_ENAE450_ws/install/dynamixel_sdk/share/dynamixel_sdk/cmake/dynamixel_sdkConfig.cmake
[10.986s] -- Symlinking: /home/patrick/turtlebot3_ENAE450_ws/install/dynamixel_sdk/share/dynamixel_sdk/cmake/dynamixel_sdkConfig-version.cmake
[11.007s] -- Symlinking: /home/patrick/turtlebot3_ENAE450_ws/install/dynamixel_sdk/share/dynamixel_sdk/package.xml
[11.166s] Listing '/home/patrick/turtlebot3_ENAE450_ws/install/dynamixel_sdk/local/lib/python3.10/dist-packages/dynamixel_sdk'...
[11.166s] Compiling '/home/patrick/turtlebot3_ENAE450_ws/install/dynamixel_sdk/local/lib/python3.10/dist-packages/dynamixel_sdk/__init__.py'...
[11.166s] Compiling '/home/patrick/turtlebot3_ENAE450_ws/install/dynamixel_sdk/local/lib/python3.10/dist-packages/dynamixel_sdk/group_bulk_read.py'...
[11.166s] Compiling '/home/patrick/turtlebot3_ENAE450_ws/install/dynamixel_sdk/local/lib/python3.10/dist-packages/dynamixel_sdk/group_bulk_write.py'...
[11.166s] Compiling '/home/patrick/turtlebot3_ENAE450_ws/install/dynamixel_sdk/local/lib/python3.10/dist-packages/dynamixel_sdk/group_sync_read.py'...
[11.166s] Compiling '/home/patrick/turtlebot3_ENAE450_ws/install/dynamixel_sdk/local/lib/python3.10/dist-packages/dynamixel_sdk/group_sync_write.py'...
[11.167s] Compiling '/home/patrick/turtlebot3_ENAE450_ws/install/dynamixel_sdk/local/lib/python3.10/dist-packages/dynamixel_sdk/packet_handler.py'...
[11.167s] Compiling '/home/patrick/turtlebot3_ENAE450_ws/install/dynamixel_sdk/local/lib/python3.10/dist-packages/dynamixel_sdk/port_handler.py'...
[11.167s] Compiling '/home/patrick/turtlebot3_ENAE450_ws/install/dynamixel_sdk/local/lib/python3.10/dist-packages/dynamixel_sdk/protocol1_packet_handler.py'...
[11.167s] Compiling '/home/patrick/turtlebot3_ENAE450_ws/install/dynamixel_sdk/local/lib/python3.10/dist-packages/dynamixel_sdk/protocol2_packet_handler.py'...
[11.167s] Compiling '/home/patrick/turtlebot3_ENAE450_ws/install/dynamixel_sdk/local/lib/python3.10/dist-packages/dynamixel_sdk/robotis_def.py'...
[11.193s] Invoked command in '/home/patrick/turtlebot3_ENAE450_ws/build/dynamixel_sdk' returned '0': CMAKE_PREFIX_PATH=${CMAKE_PREFIX_PATH}:/home/patrick/turtlebot3_ws/install/turtlebot3_teleop:/home/patrick/turtlebot3_ws/install/turtlebot3_example:/home/patrick/turtlebot3_ws/install/turtlebot3_controller:/opt/ros/humble /usr/bin/cmake --install /home/patrick/turtlebot3_ENAE450_ws/build/dynamixel_sdk
