[3.584s] Invoking command in '/home/patrick/turtlebot3_ENAE450_ws/build/turtlebot3_controller': PYTHONPATH=/home/patrick/turtlebot3_ENAE450_ws/build/turtlebot3_controller/prefix_override:/usr/lib/python3/dist-packages/colcon_core/task/python/colcon_distutils_commands:/home/patrick/turtlebot3_ENAE450_ws/install/turtlebot3_controller/lib/python3.10/site-packages:${PYTHONPATH} /usr/bin/python3 -W ignore:setup.py install is deprecated -W ignore:easy_install command is deprecated setup.py develop --editable --build-directory /home/patrick/turtlebot3_ENAE450_ws/build/turtlebot3_controller/build --no-deps symlink_data
[4.940s] running develop
[5.843s] running egg_info
[5.846s] creating turtlebot3_controller.egg-info
[5.849s] writing turtlebot3_controller.egg-info/PKG-INFO
[5.852s] writing dependency_links to turtlebot3_controller.egg-info/dependency_links.txt
[5.852s] writing entry points to turtlebot3_controller.egg-info/entry_points.txt
[5.855s] writing requirements to turtlebot3_controller.egg-info/requires.txt
[5.855s] writing top-level names to turtlebot3_controller.egg-info/top_level.txt
[5.855s] writing manifest file 'turtlebot3_controller.egg-info/SOURCES.txt'
[5.865s] reading manifest file 'turtlebot3_controller.egg-info/SOURCES.txt'
[5.870s] writing manifest file 'turtlebot3_controller.egg-info/SOURCES.txt'
[5.879s] running build_ext
[5.879s] Creating /home/patrick/turtlebot3_ENAE450_ws/install/turtlebot3_controller/lib/python3.10/site-packages/turtlebot3-controller.egg-link (link to .)
[5.879s] Installing drive_forward script to /home/patrick/turtlebot3_ENAE450_ws/install/turtlebot3_controller/lib/turtlebot3_controller
[5.884s] 
[5.884s] Installed /home/patrick/turtlebot3_ENAE450_ws/build/turtlebot3_controller
[5.884s] running symlink_data
[5.884s] creating /home/patrick/turtlebot3_ENAE450_ws/install/turtlebot3_controller/share/ament_index
[5.885s] creating /home/patrick/turtlebot3_ENAE450_ws/install/turtlebot3_controller/share/ament_index/resource_index
[5.885s] creating /home/patrick/turtlebot3_ENAE450_ws/install/turtlebot3_controller/share/ament_index/resource_index/packages
[5.886s] symbolically linking /home/patrick/turtlebot3_ENAE450_ws/build/turtlebot3_controller/resource/turtlebot3_controller -> /home/patrick/turtlebot3_ENAE450_ws/install/turtlebot3_controller/share/ament_index/resource_index/packages
[5.889s] symbolically linking /home/patrick/turtlebot3_ENAE450_ws/build/turtlebot3_controller/package.xml -> /home/patrick/turtlebot3_ENAE450_ws/install/turtlebot3_controller/share/turtlebot3_controller
[6.123s] Invoked command in '/home/patrick/turtlebot3_ENAE450_ws/build/turtlebot3_controller' returned '0': PYTHONPATH=/home/patrick/turtlebot3_ENAE450_ws/build/turtlebot3_controller/prefix_override:/usr/lib/python3/dist-packages/colcon_core/task/python/colcon_distutils_commands:/home/patrick/turtlebot3_ENAE450_ws/install/turtlebot3_controller/lib/python3.10/site-packages:${PYTHONPATH} /usr/bin/python3 -W ignore:setup.py install is deprecated -W ignore:easy_install command is deprecated setup.py develop --editable --build-directory /home/patrick/turtlebot3_ENAE450_ws/build/turtlebot3_controller/build --no-deps symlink_data
