[0.015s] Invoking command in '/home/patrick/turtlebot3_ENAE450_ws/build/turtlebot3_cartographer': CMAKE_PREFIX_PATH=${CMAKE_PREFIX_PATH}:/home/patrick/turtlebot3_ws/install/turtlebot3_teleop:/home/patrick/turtlebot3_ws/install/turtlebot3_example:/home/patrick/turtlebot3_ws/install/turtlebot3_controller:/opt/ros/humble /usr/bin/cmake /home/patrick/turtlebot3_ENAE450_ws/src/turtlebot3/turtlebot3_cartographer -DAMENT_CMAKE_SYMLINK_INSTALL=1 -DCMAKE_INSTALL_PREFIX=/home/patrick/turtlebot3_ENAE450_ws/install/turtlebot3_cartographer
[0.134s] -- The C compiler identification is GNU 11.4.0
[0.247s] -- The CXX compiler identification is GNU 11.4.0
[0.259s] -- Detecting C compiler ABI info
[0.416s] -- Detecting C compiler ABI info - done
[0.424s] -- Check for working C compiler: /usr/bin/cc - skipped
[0.424s] -- Detecting C compile features
[0.426s] -- Detecting C compile features - done
[0.432s] -- Detecting CXX compiler ABI info
[0.569s] -- Detecting CXX compiler ABI info - done
[0.593s] -- Check for working CXX compiler: /usr/bin/c++ - skipped
[0.597s] -- Detecting CXX compile features
[0.600s] -- Detecting CXX compile features - done
[0.619s] -- Found ament_cmake: 1.3.11 (/opt/ros/humble/share/ament_cmake/cmake)
[1.206s] -- Found Python3: /usr/bin/python3 (found version "3.10.12") found components: Interpreter 
[1.342s] -- Override CMake install command with custom implementation using symlinks instead of copying resources
[1.727s] -- Configuring done
[1.738s] -- Generating done
[1.744s] -- Build files have been written to: /home/patrick/turtlebot3_ENAE450_ws/build/turtlebot3_cartographer
[1.762s] Invoked command in '/home/patrick/turtlebot3_ENAE450_ws/build/turtlebot3_cartographer' returned '0': CMAKE_PREFIX_PATH=${CMAKE_PREFIX_PATH}:/home/patrick/turtlebot3_ws/install/turtlebot3_teleop:/home/patrick/turtlebot3_ws/install/turtlebot3_example:/home/patrick/turtlebot3_ws/install/turtlebot3_controller:/opt/ros/humble /usr/bin/cmake /home/patrick/turtlebot3_ENAE450_ws/src/turtlebot3/turtlebot3_cartographer -DAMENT_CMAKE_SYMLINK_INSTALL=1 -DCMAKE_INSTALL_PREFIX=/home/patrick/turtlebot3_ENAE450_ws/install/turtlebot3_cartographer
[1.765s] Invoking command in '/home/patrick/turtlebot3_ENAE450_ws/build/turtlebot3_cartographer': CMAKE_PREFIX_PATH=${CMAKE_PREFIX_PATH}:/home/patrick/turtlebot3_ws/install/turtlebot3_teleop:/home/patrick/turtlebot3_ws/install/turtlebot3_example:/home/patrick/turtlebot3_ws/install/turtlebot3_controller:/opt/ros/humble /usr/bin/cmake --build /home/patrick/turtlebot3_ENAE450_ws/build/turtlebot3_cartographer -- -j2 -l2
[1.980s] Invoked command in '/home/patrick/turtlebot3_ENAE450_ws/build/turtlebot3_cartographer' returned '0': CMAKE_PREFIX_PATH=${CMAKE_PREFIX_PATH}:/home/patrick/turtlebot3_ws/install/turtlebot3_teleop:/home/patrick/turtlebot3_ws/install/turtlebot3_example:/home/patrick/turtlebot3_ws/install/turtlebot3_controller:/opt/ros/humble /usr/bin/cmake --build /home/patrick/turtlebot3_ENAE450_ws/build/turtlebot3_cartographer -- -j2 -l2
[1.981s] Invoking command in '/home/patrick/turtlebot3_ENAE450_ws/build/turtlebot3_cartographer': CMAKE_PREFIX_PATH=${CMAKE_PREFIX_PATH}:/home/patrick/turtlebot3_ws/install/turtlebot3_teleop:/home/patrick/turtlebot3_ws/install/turtlebot3_example:/home/patrick/turtlebot3_ws/install/turtlebot3_controller:/opt/ros/humble /usr/bin/cmake --install /home/patrick/turtlebot3_ENAE450_ws/build/turtlebot3_cartographer
[2.028s] -- Install configuration: ""
[2.036s] -- Execute custom install script
[2.036s] -- Symlinking: /home/patrick/turtlebot3_ENAE450_ws/install/turtlebot3_cartographer/share/turtlebot3_cartographer/config/turtlebot3_lds_2d.lua
[2.089s] -- Symlinking: /home/patrick/turtlebot3_ENAE450_ws/install/turtlebot3_cartographer/share/turtlebot3_cartographer/launch/cartographer.launch.py
[2.135s] -- Symlinking: /home/patrick/turtlebot3_ENAE450_ws/install/turtlebot3_cartographer/share/turtlebot3_cartographer/launch/occupancy_grid.launch.py
[2.187s] -- Symlinking: /home/patrick/turtlebot3_ENAE450_ws/install/turtlebot3_cartographer/share/turtlebot3_cartographer/rviz/tb3_cartographer.rviz
[2.230s] -- Symlinking: /home/patrick/turtlebot3_ENAE450_ws/install/turtlebot3_cartographer/share/ament_index/resource_index/package_run_dependencies/turtlebot3_cartographer
[2.283s] -- Symlinking: /home/patrick/turtlebot3_ENAE450_ws/install/turtlebot3_cartographer/share/ament_index/resource_index/parent_prefix_path/turtlebot3_cartographer
[2.334s] -- Symlinking: /home/patrick/turtlebot3_ENAE450_ws/install/turtlebot3_cartographer/share/turtlebot3_cartographer/environment/ament_prefix_path.sh
[2.386s] -- Symlinking: /home/patrick/turtlebot3_ENAE450_ws/install/turtlebot3_cartographer/share/turtlebot3_cartographer/environment/ament_prefix_path.dsv
[2.429s] -- Symlinking: /home/patrick/turtlebot3_ENAE450_ws/install/turtlebot3_cartographer/share/turtlebot3_cartographer/environment/path.sh
[2.472s] -- Symlinking: /home/patrick/turtlebot3_ENAE450_ws/install/turtlebot3_cartographer/share/turtlebot3_cartographer/environment/path.dsv
[2.518s] -- Symlinking: /home/patrick/turtlebot3_ENAE450_ws/install/turtlebot3_cartographer/share/turtlebot3_cartographer/local_setup.bash
[2.574s] -- Symlinking: /home/patrick/turtlebot3_ENAE450_ws/install/turtlebot3_cartographer/share/turtlebot3_cartographer/local_setup.sh
[2.625s] -- Symlinking: /home/patrick/turtlebot3_ENAE450_ws/install/turtlebot3_cartographer/share/turtlebot3_cartographer/local_setup.zsh
[2.667s] -- Symlinking: /home/patrick/turtlebot3_ENAE450_ws/install/turtlebot3_cartographer/share/turtlebot3_cartographer/local_setup.dsv
[2.717s] -- Symlinking: /home/patrick/turtlebot3_ENAE450_ws/install/turtlebot3_cartographer/share/turtlebot3_cartographer/package.dsv
[2.767s] -- Symlinking: /home/patrick/turtlebot3_ENAE450_ws/install/turtlebot3_cartographer/share/ament_index/resource_index/packages/turtlebot3_cartographer
[2.814s] -- Symlinking: /home/patrick/turtlebot3_ENAE450_ws/install/turtlebot3_cartographer/share/turtlebot3_cartographer/cmake/turtlebot3_cartographerConfig.cmake
[2.867s] -- Symlinking: /home/patrick/turtlebot3_ENAE450_ws/install/turtlebot3_cartographer/share/turtlebot3_cartographer/cmake/turtlebot3_cartographerConfig-version.cmake
[2.915s] -- Symlinking: /home/patrick/turtlebot3_ENAE450_ws/install/turtlebot3_cartographer/share/turtlebot3_cartographer/package.xml
[2.965s] Invoked command in '/home/patrick/turtlebot3_ENAE450_ws/build/turtlebot3_cartographer' returned '0': CMAKE_PREFIX_PATH=${CMAKE_PREFIX_PATH}:/home/patrick/turtlebot3_ws/install/turtlebot3_teleop:/home/patrick/turtlebot3_ws/install/turtlebot3_example:/home/patrick/turtlebot3_ws/install/turtlebot3_controller:/opt/ros/humble /usr/bin/cmake --install /home/patrick/turtlebot3_ENAE450_ws/build/turtlebot3_cartographer
