[0.111s] Invoking command in '/home/patrick/turtlebot3_ENAE450_ws/build/dynamixel_sdk_examples': AMENT_PREFIX_PATH=/home/patrick/turtlebot3_ENAE450_ws/install/dynamixel_sdk_custom_interfaces:/home/patrick/turtlebot3_ENAE450_ws/install/dynamixel_sdk:${AMENT_PREFIX_PATH} CMAKE_PREFIX_PATH=/home/patrick/turtlebot3_ENAE450_ws/install/dynamixel_sdk_custom_interfaces:/home/patrick/turtlebot3_ENAE450_ws/install/dynamixel_sdk:/home/patrick/turtlebot3_ws/install/turtlebot3:/home/patrick/turtlebot3_ws/install/turtlebot3_simulations:/home/patrick/turtlebot3_ws/install/turtlebot3_bringup:/home/patrick/turtlebot3_ws/install/turtlebot3_node:/home/patrick/turtlebot3_ws/install/turtlebot3_navigation2:/home/patrick/turtlebot3_ws/install/turtlebot3_fake_node:/home/patrick/turtlebot3_ws/install/turtlebot3_msgs:/home/patrick/turtlebot3_ws/install/turtlebot3_gazebo:/home/patrick/turtlebot3_ws/install/turtlebot3_description:/home/patrick/turtlebot3_ws/install/turtlebot3_cartographer:/home/patrick/turtlebot3_ws/install/dynamixel_sdk_examples:/home/patrick/turtlebot3_ws/install/dynamixel_sdk_custom_interfaces:/home/patrick/turtlebot3_ws/install/dynamixel_sdk:/home/patrick/turtlebot3_ws/install/turtlebot3_teleop:/home/patrick/turtlebot3_ws/install/turtlebot3_example:/home/patrick/turtlebot3_ws/install/turtlebot3_controller:/opt/ros/humble LD_LIBRARY_PATH=/home/patrick/turtlebot3_ENAE450_ws/install/dynamixel_sdk_custom_interfaces/lib:/home/patrick/turtlebot3_ENAE450_ws/install/dynamixel_sdk/lib:/home/patrick/turtlebot3_ws/install/turtlebot3_msgs/lib:/home/patrick/turtlebot3_ws/install/dynamixel_sdk_custom_interfaces/lib:/home/patrick/turtlebot3_ws/install/dynamixel_sdk/lib:/usr/lib/x86_64-linux-gnu/gazebo-11/plugins:/opt/ros/humble/opt/rviz_ogre_vendor/lib:/opt/ros/humble/lib/x86_64-linux-gnu:/opt/ros/humble/lib:/usr/lib/x86_64-linux-gnu/gazebo-11/plugins:/usr/lib/x86_64-linux-gnu/gazebo-11/plugins:/usr/lib/x86_64-linux-gnu/gazebo-11/plugins:/usr/lib/x86_64-linux-gnu/gazebo-11/plugins:/usr/lib/x86_64-linux-gnu/gazebo-11/plugins:/usr/lib/x86_64-linux-gnu/gazebo-11/plugins PYTHONPATH=/home/patrick/turtlebot3_ENAE450_ws/install/dynamixel_sdk_custom_interfaces/local/lib/python3.10/dist-packages:/home/patrick/turtlebot3_ENAE450_ws/install/dynamixel_sdk/local/lib/python3.10/dist-packages:${PYTHONPATH} /usr/bin/cmake /home/patrick/turtlebot3_ENAE450_ws/src/DynamixelSDK/ros/dynamixel_sdk_examples -DAMENT_CMAKE_SYMLINK_INSTALL=1 -DCMAKE_INSTALL_PREFIX=/home/patrick/turtlebot3_ENAE450_ws/install/dynamixel_sdk_examples
[0.371s] -- The C compiler identification is GNU 11.4.0
[0.561s] -- The CXX compiler identification is GNU 11.4.0
[0.567s] -- Detecting C compiler ABI info
[0.790s] -- Detecting C compiler ABI info - done
[0.833s] -- Check for working C compiler: /usr/bin/cc - skipped
[0.836s] -- Detecting C compile features
[0.840s] -- Detecting C compile features - done
[0.857s] -- Detecting CXX compiler ABI info
[1.293s] -- Detecting CXX compiler ABI info - done
[1.327s] -- Check for working CXX compiler: /usr/bin/c++ - skipped
[1.327s] -- Detecting CXX compile features
[1.328s] -- Detecting CXX compile features - done
[1.354s] -- Found ament_cmake: 1.3.11 (/opt/ros/humble/share/ament_cmake/cmake)
[2.189s] -- Found Python3: /usr/bin/python3 (found version "3.10.12") found components: Interpreter 
[2.494s] -- Override CMake install command with custom implementation using symlinks instead of copying resources
[2.727s] -- Found dynamixel_sdk: 3.8.3 (/home/patrick/turtlebot3_ENAE450_ws/install/dynamixel_sdk/share/dynamixel_sdk/cmake)
[2.734s] -- Found dynamixel_sdk_custom_interfaces: 3.8.3 (/home/patrick/turtlebot3_ENAE450_ws/install/dynamixel_sdk_custom_interfaces/share/dynamixel_sdk_custom_interfaces/cmake)
[2.996s] -- Found rosidl_generator_c: 3.1.6 (/opt/ros/humble/share/rosidl_generator_c/cmake)
[3.037s] -- Found rosidl_adapter: 3.1.6 (/opt/ros/humble/share/rosidl_adapter/cmake)
[3.098s] -- Found rosidl_generator_cpp: 3.1.6 (/opt/ros/humble/share/rosidl_generator_cpp/cmake)
[3.165s] -- Using all available rosidl_typesupport_c: rosidl_typesupport_fastrtps_c;rosidl_typesupport_introspection_c
[3.268s] -- Using all available rosidl_typesupport_cpp: rosidl_typesupport_fastrtps_cpp;rosidl_typesupport_introspection_cpp
[3.398s] -- Found rclcpp: 16.0.11 (/opt/ros/humble/share/rclcpp/cmake)
[3.670s] -- Found rmw_implementation_cmake: 6.1.2 (/opt/ros/humble/share/rmw_implementation_cmake/cmake)
[3.701s] -- Found rmw_fastrtps_cpp: 6.2.7 (/opt/ros/humble/share/rmw_fastrtps_cpp/cmake)
[4.135s] -- Found OpenSSL: /usr/lib/x86_64-linux-gnu/libcrypto.so (found version "3.0.2")  
[4.300s] -- Found FastRTPS: /opt/ros/humble/include  
[4.573s] -- Using RMW implementation 'rmw_fastrtps_cpp' as default
[4.631s] -- Looking for pthread.h
[5.072s] -- Looking for pthread.h - found
[5.079s] -- Performing Test CMAKE_HAVE_LIBC_PTHREAD
[5.435s] -- Performing Test CMAKE_HAVE_LIBC_PTHREAD - Success
[5.435s] -- Found Threads: TRUE  
[5.763s] -- Found rclpy: 3.3.15 (/opt/ros/humble/share/rclpy/cmake)
[5.792s] -- Found ament_lint_auto: 0.12.11 (/opt/ros/humble/share/ament_lint_auto/cmake)
[6.375s] -- Added test 'copyright' to check source files copyright and LICENSE
[6.379s] -- Added test 'cppcheck' to perform static code analysis on C / C++ code
[6.379s] -- Configured cppcheck include dirs: /home/patrick/turtlebot3_ENAE450_ws/src/DynamixelSDK/ros/dynamixel_sdk_examples/include
[6.379s] -- Configured cppcheck exclude dirs and/or files: 
[6.392s] -- Added test 'cpplint' to check C / C++ code against the Google style
[6.392s] -- Configured cpplint exclude dirs and/or files: 
[6.399s] -- Added test 'flake8' to check Python code syntax and style conventions
[6.414s] -- Added test 'lint_cmake' to check CMake code style
[6.414s] -- Added test 'pep257' to check Python code against some of the docstring style conventions in PEP 257
[6.423s] -- Added test 'uncrustify' to check C / C++ code style
[6.423s] -- Configured uncrustify additional arguments: 
[6.429s] -- Added test 'xmllint' to check XML markup files
[6.434s] -- Configuring done
[6.488s] -- Generating done
[6.510s] -- Build files have been written to: /home/patrick/turtlebot3_ENAE450_ws/build/dynamixel_sdk_examples
[6.558s] Invoked command in '/home/patrick/turtlebot3_ENAE450_ws/build/dynamixel_sdk_examples' returned '0': AMENT_PREFIX_PATH=/home/patrick/turtlebot3_ENAE450_ws/install/dynamixel_sdk_custom_interfaces:/home/patrick/turtlebot3_ENAE450_ws/install/dynamixel_sdk:${AMENT_PREFIX_PATH} CMAKE_PREFIX_PATH=/home/patrick/turtlebot3_ENAE450_ws/install/dynamixel_sdk_custom_interfaces:/home/patrick/turtlebot3_ENAE450_ws/install/dynamixel_sdk:/home/patrick/turtlebot3_ws/install/turtlebot3:/home/patrick/turtlebot3_ws/install/turtlebot3_simulations:/home/patrick/turtlebot3_ws/install/turtlebot3_bringup:/home/patrick/turtlebot3_ws/install/turtlebot3_node:/home/patrick/turtlebot3_ws/install/turtlebot3_navigation2:/home/patrick/turtlebot3_ws/install/turtlebot3_fake_node:/home/patrick/turtlebot3_ws/install/turtlebot3_msgs:/home/patrick/turtlebot3_ws/install/turtlebot3_gazebo:/home/patrick/turtlebot3_ws/install/turtlebot3_description:/home/patrick/turtlebot3_ws/install/turtlebot3_cartographer:/home/patrick/turtlebot3_ws/install/dynamixel_sdk_examples:/home/patrick/turtlebot3_ws/install/dynamixel_sdk_custom_interfaces:/home/patrick/turtlebot3_ws/install/dynamixel_sdk:/home/patrick/turtlebot3_ws/install/turtlebot3_teleop:/home/patrick/turtlebot3_ws/install/turtlebot3_example:/home/patrick/turtlebot3_ws/install/turtlebot3_controller:/opt/ros/humble LD_LIBRARY_PATH=/home/patrick/turtlebot3_ENAE450_ws/install/dynamixel_sdk_custom_interfaces/lib:/home/patrick/turtlebot3_ENAE450_ws/install/dynamixel_sdk/lib:/home/patrick/turtlebot3_ws/install/turtlebot3_msgs/lib:/home/patrick/turtlebot3_ws/install/dynamixel_sdk_custom_interfaces/lib:/home/patrick/turtlebot3_ws/install/dynamixel_sdk/lib:/usr/lib/x86_64-linux-gnu/gazebo-11/plugins:/opt/ros/humble/opt/rviz_ogre_vendor/lib:/opt/ros/humble/lib/x86_64-linux-gnu:/opt/ros/humble/lib:/usr/lib/x86_64-linux-gnu/gazebo-11/plugins:/usr/lib/x86_64-linux-gnu/gazebo-11/plugins:/usr/lib/x86_64-linux-gnu/gazebo-11/plugins:/usr/lib/x86_64-linux-gnu/gazebo-11/plugins:/usr/lib/x86_64-linux-gnu/gazebo-11/plugins:/usr/lib/x86_64-linux-gnu/gazebo-11/plugins PYTHONPATH=/home/patrick/turtlebot3_ENAE450_ws/install/dynamixel_sdk_custom_interfaces/local/lib/python3.10/dist-packages:/home/patrick/turtlebot3_ENAE450_ws/install/dynamixel_sdk/local/lib/python3.10/dist-packages:${PYTHONPATH} /usr/bin/cmake /home/patrick/turtlebot3_ENAE450_ws/src/DynamixelSDK/ros/dynamixel_sdk_examples -DAMENT_CMAKE_SYMLINK_INSTALL=1 -DCMAKE_INSTALL_PREFIX=/home/patrick/turtlebot3_ENAE450_ws/install/dynamixel_sdk_examples
[6.561s] Invoking command in '/home/patrick/turtlebot3_ENAE450_ws/build/dynamixel_sdk_examples': AMENT_PREFIX_PATH=/home/patrick/turtlebot3_ENAE450_ws/install/dynamixel_sdk_custom_interfaces:/home/patrick/turtlebot3_ENAE450_ws/install/dynamixel_sdk:${AMENT_PREFIX_PATH} CMAKE_PREFIX_PATH=/home/patrick/turtlebot3_ENAE450_ws/install/dynamixel_sdk_custom_interfaces:/home/patrick/turtlebot3_ENAE450_ws/install/dynamixel_sdk:/home/patrick/turtlebot3_ws/install/turtlebot3:/home/patrick/turtlebot3_ws/install/turtlebot3_simulations:/home/patrick/turtlebot3_ws/install/turtlebot3_bringup:/home/patrick/turtlebot3_ws/install/turtlebot3_node:/home/patrick/turtlebot3_ws/install/turtlebot3_navigation2:/home/patrick/turtlebot3_ws/install/turtlebot3_fake_node:/home/patrick/turtlebot3_ws/install/turtlebot3_msgs:/home/patrick/turtlebot3_ws/install/turtlebot3_gazebo:/home/patrick/turtlebot3_ws/install/turtlebot3_description:/home/patrick/turtlebot3_ws/install/turtlebot3_cartographer:/home/patrick/turtlebot3_ws/install/dynamixel_sdk_examples:/home/patrick/turtlebot3_ws/install/dynamixel_sdk_custom_interfaces:/home/patrick/turtlebot3_ws/install/dynamixel_sdk:/home/patrick/turtlebot3_ws/install/turtlebot3_teleop:/home/patrick/turtlebot3_ws/install/turtlebot3_example:/home/patrick/turtlebot3_ws/install/turtlebot3_controller:/opt/ros/humble LD_LIBRARY_PATH=/home/patrick/turtlebot3_ENAE450_ws/install/dynamixel_sdk_custom_interfaces/lib:/home/patrick/turtlebot3_ENAE450_ws/install/dynamixel_sdk/lib:/home/patrick/turtlebot3_ws/install/turtlebot3_msgs/lib:/home/patrick/turtlebot3_ws/install/dynamixel_sdk_custom_interfaces/lib:/home/patrick/turtlebot3_ws/install/dynamixel_sdk/lib:/usr/lib/x86_64-linux-gnu/gazebo-11/plugins:/opt/ros/humble/opt/rviz_ogre_vendor/lib:/opt/ros/humble/lib/x86_64-linux-gnu:/opt/ros/humble/lib:/usr/lib/x86_64-linux-gnu/gazebo-11/plugins:/usr/lib/x86_64-linux-gnu/gazebo-11/plugins:/usr/lib/x86_64-linux-gnu/gazebo-11/plugins:/usr/lib/x86_64-linux-gnu/gazebo-11/plugins:/usr/lib/x86_64-linux-gnu/gazebo-11/plugins:/usr/lib/x86_64-linux-gnu/gazebo-11/plugins PYTHONPATH=/home/patrick/turtlebot3_ENAE450_ws/install/dynamixel_sdk_custom_interfaces/local/lib/python3.10/dist-packages:/home/patrick/turtlebot3_ENAE450_ws/install/dynamixel_sdk/local/lib/python3.10/dist-packages:${PYTHONPATH} /usr/bin/cmake --build /home/patrick/turtlebot3_ENAE450_ws/build/dynamixel_sdk_examples -- -j2 -l2
[6.922s] [ 50%] [32mBuilding CXX object CMakeFiles/read_write_node.dir/src/read_write_node.cpp.o[0m
[27.792s] [100%] [32m[1mLinking CXX executable read_write_node[0m
[28.787s] [100%] Built target read_write_node
[28.815s] Invoked command in '/home/patrick/turtlebot3_ENAE450_ws/build/dynamixel_sdk_examples' returned '0': AMENT_PREFIX_PATH=/home/patrick/turtlebot3_ENAE450_ws/install/dynamixel_sdk_custom_interfaces:/home/patrick/turtlebot3_ENAE450_ws/install/dynamixel_sdk:${AMENT_PREFIX_PATH} CMAKE_PREFIX_PATH=/home/patrick/turtlebot3_ENAE450_ws/install/dynamixel_sdk_custom_interfaces:/home/patrick/turtlebot3_ENAE450_ws/install/dynamixel_sdk:/home/patrick/turtlebot3_ws/install/turtlebot3:/home/patrick/turtlebot3_ws/install/turtlebot3_simulations:/home/patrick/turtlebot3_ws/install/turtlebot3_bringup:/home/patrick/turtlebot3_ws/install/turtlebot3_node:/home/patrick/turtlebot3_ws/install/turtlebot3_navigation2:/home/patrick/turtlebot3_ws/install/turtlebot3_fake_node:/home/patrick/turtlebot3_ws/install/turtlebot3_msgs:/home/patrick/turtlebot3_ws/install/turtlebot3_gazebo:/home/patrick/turtlebot3_ws/install/turtlebot3_description:/home/patrick/turtlebot3_ws/install/turtlebot3_cartographer:/home/patrick/turtlebot3_ws/install/dynamixel_sdk_examples:/home/patrick/turtlebot3_ws/install/dynamixel_sdk_custom_interfaces:/home/patrick/turtlebot3_ws/install/dynamixel_sdk:/home/patrick/turtlebot3_ws/install/turtlebot3_teleop:/home/patrick/turtlebot3_ws/install/turtlebot3_example:/home/patrick/turtlebot3_ws/install/turtlebot3_controller:/opt/ros/humble LD_LIBRARY_PATH=/home/patrick/turtlebot3_ENAE450_ws/install/dynamixel_sdk_custom_interfaces/lib:/home/patrick/turtlebot3_ENAE450_ws/install/dynamixel_sdk/lib:/home/patrick/turtlebot3_ws/install/turtlebot3_msgs/lib:/home/patrick/turtlebot3_ws/install/dynamixel_sdk_custom_interfaces/lib:/home/patrick/turtlebot3_ws/install/dynamixel_sdk/lib:/usr/lib/x86_64-linux-gnu/gazebo-11/plugins:/opt/ros/humble/opt/rviz_ogre_vendor/lib:/opt/ros/humble/lib/x86_64-linux-gnu:/opt/ros/humble/lib:/usr/lib/x86_64-linux-gnu/gazebo-11/plugins:/usr/lib/x86_64-linux-gnu/gazebo-11/plugins:/usr/lib/x86_64-linux-gnu/gazebo-11/plugins:/usr/lib/x86_64-linux-gnu/gazebo-11/plugins:/usr/lib/x86_64-linux-gnu/gazebo-11/plugins:/usr/lib/x86_64-linux-gnu/gazebo-11/plugins PYTHONPATH=/home/patrick/turtlebot3_ENAE450_ws/install/dynamixel_sdk_custom_interfaces/local/lib/python3.10/dist-packages:/home/patrick/turtlebot3_ENAE450_ws/install/dynamixel_sdk/local/lib/python3.10/dist-packages:${PYTHONPATH} /usr/bin/cmake --build /home/patrick/turtlebot3_ENAE450_ws/build/dynamixel_sdk_examples -- -j2 -l2
[28.818s] Invoking command in '/home/patrick/turtlebot3_ENAE450_ws/build/dynamixel_sdk_examples': AMENT_PREFIX_PATH=/home/patrick/turtlebot3_ENAE450_ws/install/dynamixel_sdk_custom_interfaces:/home/patrick/turtlebot3_ENAE450_ws/install/dynamixel_sdk:${AMENT_PREFIX_PATH} CMAKE_PREFIX_PATH=/home/patrick/turtlebot3_ENAE450_ws/install/dynamixel_sdk_custom_interfaces:/home/patrick/turtlebot3_ENAE450_ws/install/dynamixel_sdk:/home/patrick/turtlebot3_ws/install/turtlebot3:/home/patrick/turtlebot3_ws/install/turtlebot3_simulations:/home/patrick/turtlebot3_ws/install/turtlebot3_bringup:/home/patrick/turtlebot3_ws/install/turtlebot3_node:/home/patrick/turtlebot3_ws/install/turtlebot3_navigation2:/home/patrick/turtlebot3_ws/install/turtlebot3_fake_node:/home/patrick/turtlebot3_ws/install/turtlebot3_msgs:/home/patrick/turtlebot3_ws/install/turtlebot3_gazebo:/home/patrick/turtlebot3_ws/install/turtlebot3_description:/home/patrick/turtlebot3_ws/install/turtlebot3_cartographer:/home/patrick/turtlebot3_ws/install/dynamixel_sdk_examples:/home/patrick/turtlebot3_ws/install/dynamixel_sdk_custom_interfaces:/home/patrick/turtlebot3_ws/install/dynamixel_sdk:/home/patrick/turtlebot3_ws/install/turtlebot3_teleop:/home/patrick/turtlebot3_ws/install/turtlebot3_example:/home/patrick/turtlebot3_ws/install/turtlebot3_controller:/opt/ros/humble LD_LIBRARY_PATH=/home/patrick/turtlebot3_ENAE450_ws/install/dynamixel_sdk_custom_interfaces/lib:/home/patrick/turtlebot3_ENAE450_ws/install/dynamixel_sdk/lib:/home/patrick/turtlebot3_ws/install/turtlebot3_msgs/lib:/home/patrick/turtlebot3_ws/install/dynamixel_sdk_custom_interfaces/lib:/home/patrick/turtlebot3_ws/install/dynamixel_sdk/lib:/usr/lib/x86_64-linux-gnu/gazebo-11/plugins:/opt/ros/humble/opt/rviz_ogre_vendor/lib:/opt/ros/humble/lib/x86_64-linux-gnu:/opt/ros/humble/lib:/usr/lib/x86_64-linux-gnu/gazebo-11/plugins:/usr/lib/x86_64-linux-gnu/gazebo-11/plugins:/usr/lib/x86_64-linux-gnu/gazebo-11/plugins:/usr/lib/x86_64-linux-gnu/gazebo-11/plugins:/usr/lib/x86_64-linux-gnu/gazebo-11/plugins:/usr/lib/x86_64-linux-gnu/gazebo-11/plugins PYTHONPATH=/home/patrick/turtlebot3_ENAE450_ws/install/dynamixel_sdk_custom_interfaces/local/lib/python3.10/dist-packages:/home/patrick/turtlebot3_ENAE450_ws/install/dynamixel_sdk/local/lib/python3.10/dist-packages:${PYTHONPATH} /usr/bin/cmake --install /home/patrick/turtlebot3_ENAE450_ws/build/dynamixel_sdk_examples
[28.835s] -- Install configuration: ""
[28.835s] -- Execute custom install script
[28.837s] -- Symlinking: /home/patrick/turtlebot3_ENAE450_ws/install/dynamixel_sdk_examples/lib/dynamixel_sdk_examples/read_write_node
[28.856s] -- Symlinking: /home/patrick/turtlebot3_ENAE450_ws/install/dynamixel_sdk_examples/lib/dynamixel_sdk_examples/read_write_node.py
[28.875s] -- Symlinking: /home/patrick/turtlebot3_ENAE450_ws/install/dynamixel_sdk_examples/share/ament_index/resource_index/package_run_dependencies/dynamixel_sdk_examples
[28.895s] -- Symlinking: /home/patrick/turtlebot3_ENAE450_ws/install/dynamixel_sdk_examples/share/ament_index/resource_index/parent_prefix_path/dynamixel_sdk_examples
[28.914s] -- Symlinking: /home/patrick/turtlebot3_ENAE450_ws/install/dynamixel_sdk_examples/share/dynamixel_sdk_examples/environment/ament_prefix_path.sh
[28.940s] -- Symlinking: /home/patrick/turtlebot3_ENAE450_ws/install/dynamixel_sdk_examples/share/dynamixel_sdk_examples/environment/ament_prefix_path.dsv
[28.954s] -- Symlinking: /home/patrick/turtlebot3_ENAE450_ws/install/dynamixel_sdk_examples/share/dynamixel_sdk_examples/environment/path.sh
[28.973s] -- Symlinking: /home/patrick/turtlebot3_ENAE450_ws/install/dynamixel_sdk_examples/share/dynamixel_sdk_examples/environment/path.dsv
[28.993s] -- Symlinking: /home/patrick/turtlebot3_ENAE450_ws/install/dynamixel_sdk_examples/share/dynamixel_sdk_examples/local_setup.bash
[29.016s] -- Symlinking: /home/patrick/turtlebot3_ENAE450_ws/install/dynamixel_sdk_examples/share/dynamixel_sdk_examples/local_setup.sh
[29.037s] -- Symlinking: /home/patrick/turtlebot3_ENAE450_ws/install/dynamixel_sdk_examples/share/dynamixel_sdk_examples/local_setup.zsh
[29.055s] -- Symlinking: /home/patrick/turtlebot3_ENAE450_ws/install/dynamixel_sdk_examples/share/dynamixel_sdk_examples/local_setup.dsv
[29.074s] -- Symlinking: /home/patrick/turtlebot3_ENAE450_ws/install/dynamixel_sdk_examples/share/dynamixel_sdk_examples/package.dsv
[29.095s] -- Symlinking: /home/patrick/turtlebot3_ENAE450_ws/install/dynamixel_sdk_examples/share/ament_index/resource_index/packages/dynamixel_sdk_examples
[29.119s] -- Symlinking: /home/patrick/turtlebot3_ENAE450_ws/install/dynamixel_sdk_examples/share/dynamixel_sdk_examples/cmake/dynamixel_sdk_examplesConfig.cmake
[29.138s] -- Symlinking: /home/patrick/turtlebot3_ENAE450_ws/install/dynamixel_sdk_examples/share/dynamixel_sdk_examples/cmake/dynamixel_sdk_examplesConfig-version.cmake
[29.156s] -- Symlinking: /home/patrick/turtlebot3_ENAE450_ws/install/dynamixel_sdk_examples/share/dynamixel_sdk_examples/package.xml
[29.179s] Invoked command in '/home/patrick/turtlebot3_ENAE450_ws/build/dynamixel_sdk_examples' returned '0': AMENT_PREFIX_PATH=/home/patrick/turtlebot3_ENAE450_ws/install/dynamixel_sdk_custom_interfaces:/home/patrick/turtlebot3_ENAE450_ws/install/dynamixel_sdk:${AMENT_PREFIX_PATH} CMAKE_PREFIX_PATH=/home/patrick/turtlebot3_ENAE450_ws/install/dynamixel_sdk_custom_interfaces:/home/patrick/turtlebot3_ENAE450_ws/install/dynamixel_sdk:/home/patrick/turtlebot3_ws/install/turtlebot3:/home/patrick/turtlebot3_ws/install/turtlebot3_simulations:/home/patrick/turtlebot3_ws/install/turtlebot3_bringup:/home/patrick/turtlebot3_ws/install/turtlebot3_node:/home/patrick/turtlebot3_ws/install/turtlebot3_navigation2:/home/patrick/turtlebot3_ws/install/turtlebot3_fake_node:/home/patrick/turtlebot3_ws/install/turtlebot3_msgs:/home/patrick/turtlebot3_ws/install/turtlebot3_gazebo:/home/patrick/turtlebot3_ws/install/turtlebot3_description:/home/patrick/turtlebot3_ws/install/turtlebot3_cartographer:/home/patrick/turtlebot3_ws/install/dynamixel_sdk_examples:/home/patrick/turtlebot3_ws/install/dynamixel_sdk_custom_interfaces:/home/patrick/turtlebot3_ws/install/dynamixel_sdk:/home/patrick/turtlebot3_ws/install/turtlebot3_teleop:/home/patrick/turtlebot3_ws/install/turtlebot3_example:/home/patrick/turtlebot3_ws/install/turtlebot3_controller:/opt/ros/humble LD_LIBRARY_PATH=/home/patrick/turtlebot3_ENAE450_ws/install/dynamixel_sdk_custom_interfaces/lib:/home/patrick/turtlebot3_ENAE450_ws/install/dynamixel_sdk/lib:/home/patrick/turtlebot3_ws/install/turtlebot3_msgs/lib:/home/patrick/turtlebot3_ws/install/dynamixel_sdk_custom_interfaces/lib:/home/patrick/turtlebot3_ws/install/dynamixel_sdk/lib:/usr/lib/x86_64-linux-gnu/gazebo-11/plugins:/opt/ros/humble/opt/rviz_ogre_vendor/lib:/opt/ros/humble/lib/x86_64-linux-gnu:/opt/ros/humble/lib:/usr/lib/x86_64-linux-gnu/gazebo-11/plugins:/usr/lib/x86_64-linux-gnu/gazebo-11/plugins:/usr/lib/x86_64-linux-gnu/gazebo-11/plugins:/usr/lib/x86_64-linux-gnu/gazebo-11/plugins:/usr/lib/x86_64-linux-gnu/gazebo-11/plugins:/usr/lib/x86_64-linux-gnu/gazebo-11/plugins PYTHONPATH=/home/patrick/turtlebot3_ENAE450_ws/install/dynamixel_sdk_custom_interfaces/local/lib/python3.10/dist-packages:/home/patrick/turtlebot3_ENAE450_ws/install/dynamixel_sdk/local/lib/python3.10/dist-packages:${PYTHONPATH} /usr/bin/cmake --install /home/patrick/turtlebot3_ENAE450_ws/build/dynamixel_sdk_examples
