[0.035s] Invoking command in '/home/patrick/turtlebot3_ENAE450_ws/build/turtlebot3_description': CMAKE_PREFIX_PATH=${CMAKE_PREFIX_PATH}:/home/patrick/turtlebot3_ws/install/turtlebot3_teleop:/home/patrick/turtlebot3_ws/install/turtlebot3_example:/home/patrick/turtlebot3_ws/install/turtlebot3_controller:/opt/ros/humble /usr/bin/cmake /home/patrick/turtlebot3_ENAE450_ws/src/turtlebot3/turtlebot3_description -DAMENT_CMAKE_SYMLINK_INSTALL=1 -DCMAKE_INSTALL_PREFIX=/home/patrick/turtlebot3_ENAE450_ws/install/turtlebot3_description
[0.179s] -- The C compiler identification is GNU 11.4.0
[0.293s] -- The CXX compiler identification is GNU 11.4.0
[0.317s] -- Detecting C compiler ABI info
[0.546s] -- Detecting C compiler ABI info - done
[0.556s] -- Check for working C compiler: /usr/bin/cc - skipped
[0.556s] -- Detecting C compile features
[0.556s] -- Detecting C compile features - done
[0.560s] -- Detecting CXX compiler ABI info
[0.734s] -- Detecting CXX compiler ABI info - done
[0.745s] -- Check for working CXX compiler: /usr/bin/c++ - skipped
[0.747s] -- Detecting CXX compile features
[0.747s] -- Detecting CXX compile features - done
[0.755s] -- Found ament_cmake: 1.3.11 (/opt/ros/humble/share/ament_cmake/cmake)
[1.337s] -- Found Python3: /usr/bin/python3 (found version "3.10.12") found components: Interpreter 
[1.572s] -- Override CMake install command with custom implementation using symlinks instead of copying resources
[1.681s] -- Found urdf: 2.6.1 (/opt/ros/humble/share/urdf/cmake)
[2.205s] -- Configuring done
[2.228s] -- Generating done
[2.239s] -- Build files have been written to: /home/patrick/turtlebot3_ENAE450_ws/build/turtlebot3_description
[2.258s] Invoked command in '/home/patrick/turtlebot3_ENAE450_ws/build/turtlebot3_description' returned '0': CMAKE_PREFIX_PATH=${CMAKE_PREFIX_PATH}:/home/patrick/turtlebot3_ws/install/turtlebot3_teleop:/home/patrick/turtlebot3_ws/install/turtlebot3_example:/home/patrick/turtlebot3_ws/install/turtlebot3_controller:/opt/ros/humble /usr/bin/cmake /home/patrick/turtlebot3_ENAE450_ws/src/turtlebot3/turtlebot3_description -DAMENT_CMAKE_SYMLINK_INSTALL=1 -DCMAKE_INSTALL_PREFIX=/home/patrick/turtlebot3_ENAE450_ws/install/turtlebot3_description
[2.262s] Invoking command in '/home/patrick/turtlebot3_ENAE450_ws/build/turtlebot3_description': CMAKE_PREFIX_PATH=${CMAKE_PREFIX_PATH}:/home/patrick/turtlebot3_ws/install/turtlebot3_teleop:/home/patrick/turtlebot3_ws/install/turtlebot3_example:/home/patrick/turtlebot3_ws/install/turtlebot3_controller:/opt/ros/humble /usr/bin/cmake --build /home/patrick/turtlebot3_ENAE450_ws/build/turtlebot3_description -- -j2 -l2
[2.335s] Invoked command in '/home/patrick/turtlebot3_ENAE450_ws/build/turtlebot3_description' returned '0': CMAKE_PREFIX_PATH=${CMAKE_PREFIX_PATH}:/home/patrick/turtlebot3_ws/install/turtlebot3_teleop:/home/patrick/turtlebot3_ws/install/turtlebot3_example:/home/patrick/turtlebot3_ws/install/turtlebot3_controller:/opt/ros/humble /usr/bin/cmake --build /home/patrick/turtlebot3_ENAE450_ws/build/turtlebot3_description -- -j2 -l2
[2.338s] Invoking command in '/home/patrick/turtlebot3_ENAE450_ws/build/turtlebot3_description': CMAKE_PREFIX_PATH=${CMAKE_PREFIX_PATH}:/home/patrick/turtlebot3_ws/install/turtlebot3_teleop:/home/patrick/turtlebot3_ws/install/turtlebot3_example:/home/patrick/turtlebot3_ws/install/turtlebot3_controller:/opt/ros/humble /usr/bin/cmake --install /home/patrick/turtlebot3_ENAE450_ws/build/turtlebot3_description
[2.370s] -- Install configuration: ""
[2.370s] -- Execute custom install script
[2.373s] -- Symlinking: /home/patrick/turtlebot3_ENAE450_ws/install/turtlebot3_description/share/turtlebot3_description/meshes/bases/burger_base.stl
[2.413s] -- Symlinking: /home/patrick/turtlebot3_ENAE450_ws/install/turtlebot3_description/share/turtlebot3_description/meshes/bases/waffle_base.stl
[2.449s] -- Symlinking: /home/patrick/turtlebot3_ENAE450_ws/install/turtlebot3_description/share/turtlebot3_description/meshes/bases/waffle_pi_base.stl
[2.479s] -- Symlinking: /home/patrick/turtlebot3_ENAE450_ws/install/turtlebot3_description/share/turtlebot3_description/meshes/sensors/astra.dae
[2.504s] -- Symlinking: /home/patrick/turtlebot3_ENAE450_ws/install/turtlebot3_description/share/turtlebot3_description/meshes/sensors/astra.jpg
[2.540s] -- Symlinking: /home/patrick/turtlebot3_ENAE450_ws/install/turtlebot3_description/share/turtlebot3_description/meshes/sensors/lds.stl
[2.574s] -- Symlinking: /home/patrick/turtlebot3_ENAE450_ws/install/turtlebot3_description/share/turtlebot3_description/meshes/sensors/r200.dae
[2.608s] -- Symlinking: /home/patrick/turtlebot3_ENAE450_ws/install/turtlebot3_description/share/turtlebot3_description/meshes/sensors/r200.jpg
[2.640s] -- Symlinking: /home/patrick/turtlebot3_ENAE450_ws/install/turtlebot3_description/share/turtlebot3_description/meshes/wheels/left_tire.stl
[2.672s] -- Symlinking: /home/patrick/turtlebot3_ENAE450_ws/install/turtlebot3_description/share/turtlebot3_description/meshes/wheels/right_tire.stl
[2.701s] -- Symlinking: /home/patrick/turtlebot3_ENAE450_ws/install/turtlebot3_description/share/turtlebot3_description/rviz/model.rviz
[2.738s] -- Symlinking: /home/patrick/turtlebot3_ENAE450_ws/install/turtlebot3_description/share/turtlebot3_description/urdf/common_properties.urdf
[2.769s] -- Symlinking: /home/patrick/turtlebot3_ENAE450_ws/install/turtlebot3_description/share/turtlebot3_description/urdf/turtlebot3_burger.urdf
[2.797s] -- Symlinking: /home/patrick/turtlebot3_ENAE450_ws/install/turtlebot3_description/share/turtlebot3_description/urdf/turtlebot3_waffle.urdf
[2.831s] -- Symlinking: /home/patrick/turtlebot3_ENAE450_ws/install/turtlebot3_description/share/turtlebot3_description/urdf/turtlebot3_waffle_pi.urdf
[2.862s] -- Symlinking: /home/patrick/turtlebot3_ENAE450_ws/install/turtlebot3_description/share/ament_index/resource_index/package_run_dependencies/turtlebot3_description
[2.894s] -- Symlinking: /home/patrick/turtlebot3_ENAE450_ws/install/turtlebot3_description/share/ament_index/resource_index/parent_prefix_path/turtlebot3_description
[2.935s] -- Symlinking: /home/patrick/turtlebot3_ENAE450_ws/install/turtlebot3_description/share/turtlebot3_description/environment/ament_prefix_path.sh
[2.966s] -- Symlinking: /home/patrick/turtlebot3_ENAE450_ws/install/turtlebot3_description/share/turtlebot3_description/environment/ament_prefix_path.dsv
[2.997s] -- Symlinking: /home/patrick/turtlebot3_ENAE450_ws/install/turtlebot3_description/share/turtlebot3_description/environment/path.sh
[3.032s] -- Symlinking: /home/patrick/turtlebot3_ENAE450_ws/install/turtlebot3_description/share/turtlebot3_description/environment/path.dsv
[3.064s] -- Symlinking: /home/patrick/turtlebot3_ENAE450_ws/install/turtlebot3_description/share/turtlebot3_description/local_setup.bash
[3.093s] -- Symlinking: /home/patrick/turtlebot3_ENAE450_ws/install/turtlebot3_description/share/turtlebot3_description/local_setup.sh
[3.121s] -- Symlinking: /home/patrick/turtlebot3_ENAE450_ws/install/turtlebot3_description/share/turtlebot3_description/local_setup.zsh
[3.137s] -- Symlinking: /home/patrick/turtlebot3_ENAE450_ws/install/turtlebot3_description/share/turtlebot3_description/local_setup.dsv
[3.149s] -- Symlinking: /home/patrick/turtlebot3_ENAE450_ws/install/turtlebot3_description/share/turtlebot3_description/package.dsv
[3.171s] -- Symlinking: /home/patrick/turtlebot3_ENAE450_ws/install/turtlebot3_description/share/ament_index/resource_index/packages/turtlebot3_description
[3.181s] -- Symlinking: /home/patrick/turtlebot3_ENAE450_ws/install/turtlebot3_description/share/turtlebot3_description/cmake/turtlebot3_descriptionConfig.cmake
[3.198s] -- Symlinking: /home/patrick/turtlebot3_ENAE450_ws/install/turtlebot3_description/share/turtlebot3_description/cmake/turtlebot3_descriptionConfig-version.cmake
[3.215s] -- Symlinking: /home/patrick/turtlebot3_ENAE450_ws/install/turtlebot3_description/share/turtlebot3_description/package.xml
[3.245s] Invoked command in '/home/patrick/turtlebot3_ENAE450_ws/build/turtlebot3_description' returned '0': CMAKE_PREFIX_PATH=${CMAKE_PREFIX_PATH}:/home/patrick/turtlebot3_ws/install/turtlebot3_teleop:/home/patrick/turtlebot3_ws/install/turtlebot3_example:/home/patrick/turtlebot3_ws/install/turtlebot3_controller:/opt/ros/humble /usr/bin/cmake --install /home/patrick/turtlebot3_ENAE450_ws/build/turtlebot3_description
