[0.075s] Invoking command in '/home/patrick/turtlebot3_ENAE450_ws/build/turtlebot3_cartographer': CMAKE_PREFIX_PATH=${CMAKE_PREFIX_PATH}:/home/patrick/turtlebot3_ENAE450_ws/install/turtlebot3_teleop:/home/patrick/turtlebot3_ENAE450_ws/install/turtlebot3_example:/home/patrick/turtlebot3_ENAE450_ws/install/turtlebot3_controller:/home/patrick/turtlebot3_ws/install/turtlebot3_teleop:/home/patrick/turtlebot3_ws/install/turtlebot3_example:/home/patrick/turtlebot3_ws/install/turtlebot3_controller:/opt/ros/humble /usr/bin/cmake --build /home/patrick/turtlebot3_ENAE450_ws/build/turtlebot3_cartographer -- -j2 -l2
[0.353s] Invoked command in '/home/patrick/turtlebot3_ENAE450_ws/build/turtlebot3_cartographer' returned '0': CMAKE_PREFIX_PATH=${CMAKE_PREFIX_PATH}:/home/patrick/turtlebot3_ENAE450_ws/install/turtlebot3_teleop:/home/patrick/turtlebot3_ENAE450_ws/install/turtlebot3_example:/home/patrick/turtlebot3_ENAE450_ws/install/turtlebot3_controller:/home/patrick/turtlebot3_ws/install/turtlebot3_teleop:/home/patrick/turtlebot3_ws/install/turtlebot3_example:/home/patrick/turtlebot3_ws/install/turtlebot3_controller:/opt/ros/humble /usr/bin/cmake --build /home/patrick/turtlebot3_ENAE450_ws/build/turtlebot3_cartographer -- -j2 -l2
[0.364s] Invoking command in '/home/patrick/turtlebot3_ENAE450_ws/build/turtlebot3_cartographer': CMAKE_PREFIX_PATH=${CMAKE_PREFIX_PATH}:/home/patrick/turtlebot3_ENAE450_ws/install/turtlebot3_teleop:/home/patrick/turtlebot3_ENAE450_ws/install/turtlebot3_example:/home/patrick/turtlebot3_ENAE450_ws/install/turtlebot3_controller:/home/patrick/turtlebot3_ws/install/turtlebot3_teleop:/home/patrick/turtlebot3_ws/install/turtlebot3_example:/home/patrick/turtlebot3_ws/install/turtlebot3_controller:/opt/ros/humble /usr/bin/cmake --install /home/patrick/turtlebot3_ENAE450_ws/build/turtlebot3_cartographer
[0.405s] -- Install configuration: ""
[0.407s] -- Execute custom install script
[0.412s] -- Up-to-date symlink: /home/patrick/turtlebot3_ENAE450_ws/install/turtlebot3_cartographer/share/turtlebot3_cartographer/config/turtlebot3_lds_2d.lua
[0.412s] -- Up-to-date symlink: /home/patrick/turtlebot3_ENAE450_ws/install/turtlebot3_cartographer/share/turtlebot3_cartographer/launch/cartographer.launch.py
[0.412s] -- Up-to-date symlink: /home/patrick/turtlebot3_ENAE450_ws/install/turtlebot3_cartographer/share/turtlebot3_cartographer/launch/occupancy_grid.launch.py
[0.412s] -- Up-to-date symlink: /home/patrick/turtlebot3_ENAE450_ws/install/turtlebot3_cartographer/share/turtlebot3_cartographer/rviz/tb3_cartographer.rviz
[0.414s] -- Up-to-date symlink: /home/patrick/turtlebot3_ENAE450_ws/install/turtlebot3_cartographer/share/ament_index/resource_index/package_run_dependencies/turtlebot3_cartographer
[0.414s] -- Up-to-date symlink: /home/patrick/turtlebot3_ENAE450_ws/install/turtlebot3_cartographer/share/ament_index/resource_index/parent_prefix_path/turtlebot3_cartographer
[0.417s] -- Up-to-date symlink: /home/patrick/turtlebot3_ENAE450_ws/install/turtlebot3_cartographer/share/turtlebot3_cartographer/environment/ament_prefix_path.sh
[0.417s] -- Up-to-date symlink: /home/patrick/turtlebot3_ENAE450_ws/install/turtlebot3_cartographer/share/turtlebot3_cartographer/environment/ament_prefix_path.dsv
[0.423s] -- Up-to-date symlink: /home/patrick/turtlebot3_ENAE450_ws/install/turtlebot3_cartographer/share/turtlebot3_cartographer/environment/path.sh
[0.423s] -- Up-to-date symlink: /home/patrick/turtlebot3_ENAE450_ws/install/turtlebot3_cartographer/share/turtlebot3_cartographer/environment/path.dsv
[0.423s] -- Up-to-date symlink: /home/patrick/turtlebot3_ENAE450_ws/install/turtlebot3_cartographer/share/turtlebot3_cartographer/local_setup.bash
[0.423s] -- Up-to-date symlink: /home/patrick/turtlebot3_ENAE450_ws/install/turtlebot3_cartographer/share/turtlebot3_cartographer/local_setup.sh
[0.423s] -- Up-to-date symlink: /home/patrick/turtlebot3_ENAE450_ws/install/turtlebot3_cartographer/share/turtlebot3_cartographer/local_setup.zsh
[0.423s] -- Up-to-date symlink: /home/patrick/turtlebot3_ENAE450_ws/install/turtlebot3_cartographer/share/turtlebot3_cartographer/local_setup.dsv
[0.423s] -- Symlinking: /home/patrick/turtlebot3_ENAE450_ws/install/turtlebot3_cartographer/share/turtlebot3_cartographer/package.dsv
[0.491s] -- Up-to-date symlink: /home/patrick/turtlebot3_ENAE450_ws/install/turtlebot3_cartographer/share/ament_index/resource_index/packages/turtlebot3_cartographer
[0.491s] -- Up-to-date symlink: /home/patrick/turtlebot3_ENAE450_ws/install/turtlebot3_cartographer/share/turtlebot3_cartographer/cmake/turtlebot3_cartographerConfig.cmake
[0.491s] -- Up-to-date symlink: /home/patrick/turtlebot3_ENAE450_ws/install/turtlebot3_cartographer/share/turtlebot3_cartographer/cmake/turtlebot3_cartographerConfig-version.cmake
[0.491s] -- Up-to-date symlink: /home/patrick/turtlebot3_ENAE450_ws/install/turtlebot3_cartographer/share/turtlebot3_cartographer/package.xml
[0.508s] Invoked command in '/home/patrick/turtlebot3_ENAE450_ws/build/turtlebot3_cartographer' returned '0': CMAKE_PREFIX_PATH=${CMAKE_PREFIX_PATH}:/home/patrick/turtlebot3_ENAE450_ws/install/turtlebot3_teleop:/home/patrick/turtlebot3_ENAE450_ws/install/turtlebot3_example:/home/patrick/turtlebot3_ENAE450_ws/install/turtlebot3_controller:/home/patrick/turtlebot3_ws/install/turtlebot3_teleop:/home/patrick/turtlebot3_ws/install/turtlebot3_example:/home/patrick/turtlebot3_ws/install/turtlebot3_controller:/opt/ros/humble /usr/bin/cmake --install /home/patrick/turtlebot3_ENAE450_ws/build/turtlebot3_cartographer
