[0.031s] Invoking command in '/home/patrick/turtlebot3_ENAE450_ws/build/turtlebot3_msgs': CMAKE_PREFIX_PATH=${CMAKE_PREFIX_PATH}:/home/patrick/turtlebot3_ws/install/turtlebot3_teleop:/home/patrick/turtlebot3_ws/install/turtlebot3_example:/home/patrick/turtlebot3_ws/install/turtlebot3_controller:/opt/ros/humble /usr/bin/cmake /home/patrick/turtlebot3_ENAE450_ws/src/turtlebot3_msgs -DAMENT_CMAKE_SYMLINK_INSTALL=1 -DCMAKE_INSTALL_PREFIX=/home/patrick/turtlebot3_ENAE450_ws/install/turtlebot3_msgs
[0.274s] -- The C compiler identification is GNU 11.4.0
[0.465s] -- The CXX compiler identification is GNU 11.4.0
[0.482s] -- Detecting C compiler ABI info
[0.663s] -- Detecting C compiler ABI info - done
[0.678s] -- Check for working C compiler: /usr/bin/cc - skipped
[0.679s] -- Detecting C compile features
[0.680s] -- Detecting C compile features - done
[0.685s] -- Detecting CXX compiler ABI info
[0.900s] -- Detecting CXX compiler ABI info - done
[0.911s] -- Check for working CXX compiler: /usr/bin/c++ - skipped
[0.911s] -- Detecting CXX compile features
[0.912s] -- Detecting CXX compile features - done
[0.945s] -- Found action_msgs: 1.2.1 (/opt/ros/humble/share/action_msgs/cmake)
[1.256s] -- Found Python3: /usr/bin/python3 (found version "3.10.12") found components: Interpreter 
[1.388s] -- Override CMake install command with custom implementation using symlinks instead of copying resources
[1.651s] -- Found rosidl_generator_c: 3.1.6 (/opt/ros/humble/share/rosidl_generator_c/cmake)
[1.672s] -- Found rosidl_adapter: 3.1.6 (/opt/ros/humble/share/rosidl_adapter/cmake)
[1.701s] -- Found rosidl_generator_cpp: 3.1.6 (/opt/ros/humble/share/rosidl_generator_cpp/cmake)
[1.776s] -- Using all available rosidl_typesupport_c: rosidl_typesupport_fastrtps_c;rosidl_typesupport_introspection_c
[1.828s] -- Using all available rosidl_typesupport_cpp: rosidl_typesupport_fastrtps_cpp;rosidl_typesupport_introspection_cpp
[1.967s] -- Found rosidl_default_generators: 1.2.0 (/opt/ros/humble/share/rosidl_default_generators/cmake)
[2.039s] -- Found std_msgs: 4.2.4 (/opt/ros/humble/share/std_msgs/cmake)
[2.102s] -- Found geometry_msgs: 4.2.4 (/opt/ros/humble/share/geometry_msgs/cmake)
[3.027s] -- Found ament_cmake_cppcheck: 0.12.11 (/opt/ros/humble/share/ament_cmake_cppcheck/cmake)
[3.046s] -- Found ament_cmake_cpplint: 0.12.11 (/opt/ros/humble/share/ament_cmake_cpplint/cmake)
[3.069s] -- Found ament_cmake_uncrustify: 0.12.11 (/opt/ros/humble/share/ament_cmake_uncrustify/cmake)
[3.086s] -- Found ament_cmake_ros: 0.10.0 (/opt/ros/humble/share/ament_cmake_ros/cmake)
[4.538s] -- Using all available rosidl_typesupport_c: rosidl_typesupport_fastrtps_c;rosidl_typesupport_introspection_c
[5.102s] -- Using all available rosidl_typesupport_cpp: rosidl_typesupport_fastrtps_cpp;rosidl_typesupport_introspection_cpp
[5.195s] -- Found PythonInterp: /usr/bin/python3 (found suitable version "3.10.12", minimum required is "3.6") 
[5.215s] -- Found python_cmake_module: 0.10.0 (/opt/ros/humble/share/python_cmake_module/cmake)
[5.314s] -- Found PythonLibs: /usr/lib/x86_64-linux-gnu/libpython3.10.so (found suitable version "3.10.12", minimum required is "3.5") 
[5.317s] -- Using PYTHON_EXECUTABLE: /usr/bin/python3
[5.317s] -- Using PYTHON_INCLUDE_DIRS: /usr/include/python3.10
[5.318s] -- Using PYTHON_LIBRARIES: /usr/lib/x86_64-linux-gnu/libpython3.10.so
[5.358s] -- Found PythonExtra: .so  
[5.573s] -- Found ament_cmake_flake8: 0.12.11 (/opt/ros/humble/share/ament_cmake_flake8/cmake)
[5.590s] -- Found ament_cmake_pep257: 0.12.11 (/opt/ros/humble/share/ament_cmake_pep257/cmake)
[5.646s] -- Configuring done
[5.976s] -- Generating done
[6.021s] -- Build files have been written to: /home/patrick/turtlebot3_ENAE450_ws/build/turtlebot3_msgs
[6.041s] Invoked command in '/home/patrick/turtlebot3_ENAE450_ws/build/turtlebot3_msgs' returned '0': CMAKE_PREFIX_PATH=${CMAKE_PREFIX_PATH}:/home/patrick/turtlebot3_ws/install/turtlebot3_teleop:/home/patrick/turtlebot3_ws/install/turtlebot3_example:/home/patrick/turtlebot3_ws/install/turtlebot3_controller:/opt/ros/humble /usr/bin/cmake /home/patrick/turtlebot3_ENAE450_ws/src/turtlebot3_msgs -DAMENT_CMAKE_SYMLINK_INSTALL=1 -DCMAKE_INSTALL_PREFIX=/home/patrick/turtlebot3_ENAE450_ws/install/turtlebot3_msgs
[6.043s] Invoking command in '/home/patrick/turtlebot3_ENAE450_ws/build/turtlebot3_msgs': CMAKE_PREFIX_PATH=${CMAKE_PREFIX_PATH}:/home/patrick/turtlebot3_ws/install/turtlebot3_teleop:/home/patrick/turtlebot3_ws/install/turtlebot3_example:/home/patrick/turtlebot3_ws/install/turtlebot3_controller:/opt/ros/humble /usr/bin/cmake --build /home/patrick/turtlebot3_ENAE450_ws/build/turtlebot3_msgs -- -j2 -l2
[6.206s] [  1%] [34m[1mGenerating C code for ROS interfaces[0m
[6.256s] [  2%] [34m[1mGenerating C++ code for ROS interfaces[0m
[11.240s] [  2%] Built target turtlebot3_msgs__cpp
[11.337s] [  4%] [32mBuilding C object CMakeFiles/turtlebot3_msgs__rosidl_generator_c.dir/rosidl_generator_c/turtlebot3_msgs/msg/detail/sensor_state__functions.c.o[0m
[11.366s] [  4%] Built target ament_cmake_python_symlink_turtlebot3_msgs
[11.402s] [  5%] [34m[1mGenerating C++ type support dispatch for ROS interfaces[0m
[11.570s] [  7%] [32mBuilding C object CMakeFiles/turtlebot3_msgs__rosidl_generator_c.dir/rosidl_generator_c/turtlebot3_msgs/msg/detail/sound__functions.c.o[0m
[11.699s] [  8%] [32mBuilding C object CMakeFiles/turtlebot3_msgs__rosidl_generator_c.dir/rosidl_generator_c/turtlebot3_msgs/msg/detail/version_info__functions.c.o[0m
[11.890s] [  9%] [32mBuilding C object CMakeFiles/turtlebot3_msgs__rosidl_generator_c.dir/rosidl_generator_c/turtlebot3_msgs/srv/detail/sound__functions.c.o[0m
[12.102s] [ 11%] [32mBuilding C object CMakeFiles/turtlebot3_msgs__rosidl_generator_c.dir/rosidl_generator_c/turtlebot3_msgs/srv/detail/dqn__functions.c.o[0m
[12.323s] [ 12%] [32mBuilding C object CMakeFiles/turtlebot3_msgs__rosidl_generator_c.dir/rosidl_generator_c/turtlebot3_msgs/action/detail/patrol__functions.c.o[0m
[12.664s] [ 14%] [32m[1mLinking C shared library libturtlebot3_msgs__rosidl_generator_c.so[0m
[12.821s] [ 14%] Built target turtlebot3_msgs__rosidl_generator_c
[12.861s] [ 15%] [34m[1mGenerating C++ type support for eProsima Fast-RTPS[0m
[13.094s] [ 16%] [32mBuilding CXX object CMakeFiles/turtlebot3_msgs__rosidl_typesupport_cpp.dir/rosidl_typesupport_cpp/turtlebot3_msgs/msg/sensor_state__type_support.cpp.o[0m
[13.785s] [ 18%] [32mBuilding CXX object CMakeFiles/turtlebot3_msgs__rosidl_typesupport_cpp.dir/rosidl_typesupport_cpp/turtlebot3_msgs/msg/sound__type_support.cpp.o[0m
[14.570s] [ 19%] [32mBuilding CXX object CMakeFiles/turtlebot3_msgs__rosidl_typesupport_cpp.dir/rosidl_typesupport_cpp/turtlebot3_msgs/msg/version_info__type_support.cpp.o[0m
[14.953s] [ 21%] [32mBuilding CXX object CMakeFiles/turtlebot3_msgs__rosidl_typesupport_fastrtps_cpp.dir/rosidl_typesupport_fastrtps_cpp/turtlebot3_msgs/msg/detail/dds_fastrtps/sensor_state__type_support.cpp.o[0m
[15.286s] [ 22%] [32mBuilding CXX object CMakeFiles/turtlebot3_msgs__rosidl_typesupport_cpp.dir/rosidl_typesupport_cpp/turtlebot3_msgs/srv/sound__type_support.cpp.o[0m
[16.340s] [ 23%] [32mBuilding CXX object CMakeFiles/turtlebot3_msgs__rosidl_typesupport_cpp.dir/rosidl_typesupport_cpp/turtlebot3_msgs/srv/dqn__type_support.cpp.o[0m
[16.343s] [ 25%] [32mBuilding CXX object CMakeFiles/turtlebot3_msgs__rosidl_typesupport_fastrtps_cpp.dir/rosidl_typesupport_fastrtps_cpp/turtlebot3_msgs/msg/detail/dds_fastrtps/sound__type_support.cpp.o[0m
[17.057s] [ 26%] [32mBuilding CXX object CMakeFiles/turtlebot3_msgs__rosidl_typesupport_cpp.dir/rosidl_typesupport_cpp/turtlebot3_msgs/action/patrol__type_support.cpp.o[0m
[17.333s] [ 28%] [32mBuilding CXX object CMakeFiles/turtlebot3_msgs__rosidl_typesupport_fastrtps_cpp.dir/rosidl_typesupport_fastrtps_cpp/turtlebot3_msgs/msg/detail/dds_fastrtps/version_info__type_support.cpp.o[0m
[18.740s] [ 29%] [32m[1mLinking CXX shared library libturtlebot3_msgs__rosidl_typesupport_cpp.so[0m
[18.915s] [ 29%] Built target turtlebot3_msgs__rosidl_typesupport_cpp
[18.962s] [ 30%] [34m[1mGenerating C introspection for ROS interfaces[0m
[18.974s] [ 32%] [32mBuilding CXX object CMakeFiles/turtlebot3_msgs__rosidl_typesupport_fastrtps_cpp.dir/rosidl_typesupport_fastrtps_cpp/turtlebot3_msgs/srv/detail/dds_fastrtps/sound__type_support.cpp.o[0m
[20.398s] [ 33%] [32mBuilding CXX object CMakeFiles/turtlebot3_msgs__rosidl_typesupport_fastrtps_cpp.dir/rosidl_typesupport_fastrtps_cpp/turtlebot3_msgs/srv/detail/dds_fastrtps/dqn__type_support.cpp.o[0m
[21.994s] [ 35%] [32mBuilding C object CMakeFiles/turtlebot3_msgs__rosidl_typesupport_introspection_c.dir/rosidl_typesupport_introspection_c/turtlebot3_msgs/msg/detail/sensor_state__type_support.c.o[0m
[22.131s] [ 36%] [32mBuilding C object CMakeFiles/turtlebot3_msgs__rosidl_typesupport_introspection_c.dir/rosidl_typesupport_introspection_c/turtlebot3_msgs/msg/detail/sound__type_support.c.o[0m
[22.190s] [ 38%] [32mBuilding CXX object CMakeFiles/turtlebot3_msgs__rosidl_typesupport_fastrtps_cpp.dir/rosidl_typesupport_fastrtps_cpp/turtlebot3_msgs/action/detail/dds_fastrtps/patrol__type_support.cpp.o[0m
[22.256s] [ 39%] [32mBuilding C object CMakeFiles/turtlebot3_msgs__rosidl_typesupport_introspection_c.dir/rosidl_typesupport_introspection_c/turtlebot3_msgs/msg/detail/version_info__type_support.c.o[0m
[22.347s] [ 40%] [32mBuilding C object CMakeFiles/turtlebot3_msgs__rosidl_typesupport_introspection_c.dir/rosidl_typesupport_introspection_c/turtlebot3_msgs/srv/detail/sound__type_support.c.o[0m
[22.426s] [ 42%] [32mBuilding C object CMakeFiles/turtlebot3_msgs__rosidl_typesupport_introspection_c.dir/rosidl_typesupport_introspection_c/turtlebot3_msgs/srv/detail/dqn__type_support.c.o[0m
[22.600s] [ 43%] [32mBuilding C object CMakeFiles/turtlebot3_msgs__rosidl_typesupport_introspection_c.dir/rosidl_typesupport_introspection_c/turtlebot3_msgs/action/detail/patrol__type_support.c.o[0m
[22.806s] [ 45%] [32m[1mLinking C shared library libturtlebot3_msgs__rosidl_typesupport_introspection_c.so[0m
[22.942s] [ 45%] Built target turtlebot3_msgs__rosidl_typesupport_introspection_c
[22.977s] [ 46%] [34m[1mGenerating C type support dispatch for ROS interfaces[0m
[24.419s] [ 47%] [32m[1mLinking CXX shared library libturtlebot3_msgs__rosidl_typesupport_fastrtps_cpp.so[0m
[24.857s] [ 47%] Built target turtlebot3_msgs__rosidl_typesupport_fastrtps_cpp
[24.899s] [ 49%] [34m[1mGenerating C++ introspection for ROS interfaces[0m
[25.390s] [ 50%] [32mBuilding CXX object CMakeFiles/turtlebot3_msgs__rosidl_typesupport_c.dir/rosidl_typesupport_c/turtlebot3_msgs/msg/sensor_state__type_support.cpp.o[0m
[25.499s] [ 52%] [32mBuilding CXX object CMakeFiles/turtlebot3_msgs__rosidl_typesupport_c.dir/rosidl_typesupport_c/turtlebot3_msgs/msg/sound__type_support.cpp.o[0m
[25.596s] [ 53%] [32mBuilding CXX object CMakeFiles/turtlebot3_msgs__rosidl_typesupport_c.dir/rosidl_typesupport_c/turtlebot3_msgs/msg/version_info__type_support.cpp.o[0m
[25.693s] [ 54%] [32mBuilding CXX object CMakeFiles/turtlebot3_msgs__rosidl_typesupport_c.dir/rosidl_typesupport_c/turtlebot3_msgs/srv/sound__type_support.cpp.o[0m
[25.803s] [ 56%] [32mBuilding CXX object CMakeFiles/turtlebot3_msgs__rosidl_typesupport_c.dir/rosidl_typesupport_c/turtlebot3_msgs/srv/dqn__type_support.cpp.o[0m
[25.921s] [ 57%] [32mBuilding CXX object CMakeFiles/turtlebot3_msgs__rosidl_typesupport_c.dir/rosidl_typesupport_c/turtlebot3_msgs/action/patrol__type_support.cpp.o[0m
[26.091s] [ 59%] [32m[1mLinking CXX shared library libturtlebot3_msgs__rosidl_typesupport_c.so[0m
[26.244s] [ 59%] Built target turtlebot3_msgs__rosidl_typesupport_c
[27.147s] running egg_info
[27.147s] creating turtlebot3_msgs.egg-info
[27.154s] writing turtlebot3_msgs.egg-info/PKG-INFO
[27.154s] writing dependency_links to turtlebot3_msgs.egg-info/dependency_links.txt
[27.154s] writing top-level names to turtlebot3_msgs.egg-info/top_level.txt
[27.154s] writing manifest file 'turtlebot3_msgs.egg-info/SOURCES.txt'
[27.171s] reading manifest file 'turtlebot3_msgs.egg-info/SOURCES.txt'
[27.171s] writing manifest file 'turtlebot3_msgs.egg-info/SOURCES.txt'
[27.310s] [ 59%] Built target ament_cmake_python_build_turtlebot3_msgs_egg
[27.363s] [ 60%] [34m[1mGenerating C type support for eProsima Fast-RTPS[0m
[27.646s] [ 61%] [32mBuilding CXX object CMakeFiles/turtlebot3_msgs__rosidl_typesupport_introspection_cpp.dir/rosidl_typesupport_introspection_cpp/turtlebot3_msgs/msg/detail/sensor_state__type_support.cpp.o[0m
[28.928s] [ 63%] [32mBuilding CXX object CMakeFiles/turtlebot3_msgs__rosidl_typesupport_introspection_cpp.dir/rosidl_typesupport_introspection_cpp/turtlebot3_msgs/msg/detail/sound__type_support.cpp.o[0m
[30.240s] [ 64%] [32mBuilding CXX object CMakeFiles/turtlebot3_msgs__rosidl_typesupport_introspection_cpp.dir/rosidl_typesupport_introspection_cpp/turtlebot3_msgs/msg/detail/version_info__type_support.cpp.o[0m
[30.331s] [ 66%] [32mBuilding CXX object CMakeFiles/turtlebot3_msgs__rosidl_typesupport_fastrtps_c.dir/rosidl_typesupport_fastrtps_c/turtlebot3_msgs/msg/detail/sensor_state__type_support_c.cpp.o[0m
[31.119s] [ 67%] [32mBuilding CXX object CMakeFiles/turtlebot3_msgs__rosidl_typesupport_fastrtps_c.dir/rosidl_typesupport_fastrtps_c/turtlebot3_msgs/msg/detail/sound__type_support_c.cpp.o[0m
[31.173s] [ 69%] [32mBuilding CXX object CMakeFiles/turtlebot3_msgs__rosidl_typesupport_introspection_cpp.dir/rosidl_typesupport_introspection_cpp/turtlebot3_msgs/srv/detail/sound__type_support.cpp.o[0m
[31.968s] [ 70%] [32mBuilding CXX object CMakeFiles/turtlebot3_msgs__rosidl_typesupport_fastrtps_c.dir/rosidl_typesupport_fastrtps_c/turtlebot3_msgs/msg/detail/version_info__type_support_c.cpp.o[0m
[32.067s] [ 71%] [32mBuilding CXX object CMakeFiles/turtlebot3_msgs__rosidl_typesupport_introspection_cpp.dir/rosidl_typesupport_introspection_cpp/turtlebot3_msgs/srv/detail/dqn__type_support.cpp.o[0m
[32.899s] [ 73%] [32mBuilding CXX object CMakeFiles/turtlebot3_msgs__rosidl_typesupport_fastrtps_c.dir/rosidl_typesupport_fastrtps_c/turtlebot3_msgs/srv/detail/sound__type_support_c.cpp.o[0m
[33.177s] [ 74%] [32mBuilding CXX object CMakeFiles/turtlebot3_msgs__rosidl_typesupport_introspection_cpp.dir/rosidl_typesupport_introspection_cpp/turtlebot3_msgs/action/detail/patrol__type_support.cpp.o[0m
[33.942s] [ 76%] [32mBuilding CXX object CMakeFiles/turtlebot3_msgs__rosidl_typesupport_fastrtps_c.dir/rosidl_typesupport_fastrtps_c/turtlebot3_msgs/srv/detail/dqn__type_support_c.cpp.o[0m
[34.730s] [ 77%] [32m[1mLinking CXX shared library libturtlebot3_msgs__rosidl_typesupport_introspection_cpp.so[0m
[34.843s] [ 78%] [32mBuilding CXX object CMakeFiles/turtlebot3_msgs__rosidl_typesupport_fastrtps_c.dir/rosidl_typesupport_fastrtps_c/turtlebot3_msgs/action/detail/patrol__type_support_c.cpp.o[0m
[34.929s] [ 78%] Built target turtlebot3_msgs__rosidl_typesupport_introspection_cpp
[35.715s] [ 80%] [32m[1mLinking CXX shared library libturtlebot3_msgs__rosidl_typesupport_fastrtps_c.so[0m
[35.895s] [ 80%] Built target turtlebot3_msgs__rosidl_typesupport_fastrtps_c
[35.927s] [ 80%] Built target turtlebot3_msgs
[35.966s] [ 81%] [34m[1mGenerating Python code for ROS interfaces[0m
[41.357s] [ 81%] Built target turtlebot3_msgs__py
[41.489s] [ 83%] [32mBuilding C object CMakeFiles/turtlebot3_msgs__rosidl_generator_py.dir/rosidl_generator_py/turtlebot3_msgs/msg/_sensor_state_s.c.o[0m
[42.080s] [ 84%] [32mBuilding C object CMakeFiles/turtlebot3_msgs__rosidl_generator_py.dir/rosidl_generator_py/turtlebot3_msgs/msg/_sound_s.c.o[0m
[42.631s] [ 85%] [32mBuilding C object CMakeFiles/turtlebot3_msgs__rosidl_generator_py.dir/rosidl_generator_py/turtlebot3_msgs/msg/_version_info_s.c.o[0m
[43.040s] [ 87%] [32mBuilding C object CMakeFiles/turtlebot3_msgs__rosidl_generator_py.dir/rosidl_generator_py/turtlebot3_msgs/srv/_sound_s.c.o[0m
[43.514s] [ 88%] [32mBuilding C object CMakeFiles/turtlebot3_msgs__rosidl_generator_py.dir/rosidl_generator_py/turtlebot3_msgs/srv/_dqn_s.c.o[0m
[44.016s] [ 90%] [32mBuilding C object CMakeFiles/turtlebot3_msgs__rosidl_generator_py.dir/rosidl_generator_py/turtlebot3_msgs/action/_patrol_s.c.o[0m
[44.567s] [ 91%] [32m[1mLinking C shared library rosidl_generator_py/turtlebot3_msgs/libturtlebot3_msgs__rosidl_generator_py.so[0m
[44.831s] [ 91%] Built target turtlebot3_msgs__rosidl_generator_py
[44.943s] [ 92%] [32mBuilding C object CMakeFiles/turtlebot3_msgs__rosidl_typesupport_fastrtps_c__pyext.dir/rosidl_generator_py/turtlebot3_msgs/_turtlebot3_msgs_s.ep.rosidl_typesupport_fastrtps_c.c.o[0m
[45.657s] [ 94%] [32m[1mLinking C shared library rosidl_generator_py/turtlebot3_msgs/turtlebot3_msgs_s__rosidl_typesupport_fastrtps_c.cpython-310-x86_64-linux-gnu.so[0m
[45.895s] [ 94%] Built target turtlebot3_msgs__rosidl_typesupport_fastrtps_c__pyext
[45.978s] [ 95%] [32mBuilding C object CMakeFiles/turtlebot3_msgs__rosidl_typesupport_introspection_c__pyext.dir/rosidl_generator_py/turtlebot3_msgs/_turtlebot3_msgs_s.ep.rosidl_typesupport_introspection_c.c.o[0m
[46.551s] [ 97%] [32m[1mLinking C shared library rosidl_generator_py/turtlebot3_msgs/turtlebot3_msgs_s__rosidl_typesupport_introspection_c.cpython-310-x86_64-linux-gnu.so[0m
[46.777s] [ 97%] Built target turtlebot3_msgs__rosidl_typesupport_introspection_c__pyext
[46.887s] [ 98%] [32mBuilding C object CMakeFiles/turtlebot3_msgs__rosidl_typesupport_c__pyext.dir/rosidl_generator_py/turtlebot3_msgs/_turtlebot3_msgs_s.ep.rosidl_typesupport_c.c.o[0m
[47.602s] [100%] [32m[1mLinking C shared library rosidl_generator_py/turtlebot3_msgs/turtlebot3_msgs_s__rosidl_typesupport_c.cpython-310-x86_64-linux-gnu.so[0m
[47.850s] [100%] Built target turtlebot3_msgs__rosidl_typesupport_c__pyext
[47.949s] Invoked command in '/home/patrick/turtlebot3_ENAE450_ws/build/turtlebot3_msgs' returned '0': CMAKE_PREFIX_PATH=${CMAKE_PREFIX_PATH}:/home/patrick/turtlebot3_ws/install/turtlebot3_teleop:/home/patrick/turtlebot3_ws/install/turtlebot3_example:/home/patrick/turtlebot3_ws/install/turtlebot3_controller:/opt/ros/humble /usr/bin/cmake --build /home/patrick/turtlebot3_ENAE450_ws/build/turtlebot3_msgs -- -j2 -l2
[47.956s] Invoking command in '/home/patrick/turtlebot3_ENAE450_ws/build/turtlebot3_msgs': CMAKE_PREFIX_PATH=${CMAKE_PREFIX_PATH}:/home/patrick/turtlebot3_ws/install/turtlebot3_teleop:/home/patrick/turtlebot3_ws/install/turtlebot3_example:/home/patrick/turtlebot3_ws/install/turtlebot3_controller:/opt/ros/humble /usr/bin/cmake --install /home/patrick/turtlebot3_ENAE450_ws/build/turtlebot3_msgs
[48.020s] -- Install configuration: ""
[48.023s] -- Execute custom install script
[48.025s] -- Symlinking: /home/patrick/turtlebot3_ENAE450_ws/install/turtlebot3_msgs/share/ament_index/resource_index/rosidl_interfaces/turtlebot3_msgs
[48.090s] -- Symlinking: /home/patrick/turtlebot3_ENAE450_ws/install/turtlebot3_msgs/include/turtlebot3_msgs/turtlebot3_msgs/action/detail/patrol__functions.h
[48.134s] -- Symlinking: /home/patrick/turtlebot3_ENAE450_ws/install/turtlebot3_msgs/include/turtlebot3_msgs/turtlebot3_msgs/action/detail/patrol__struct.h
[48.178s] -- Symlinking: /home/patrick/turtlebot3_ENAE450_ws/install/turtlebot3_msgs/include/turtlebot3_msgs/turtlebot3_msgs/action/detail/patrol__type_support.h
[48.223s] -- Symlinking: /home/patrick/turtlebot3_ENAE450_ws/install/turtlebot3_msgs/include/turtlebot3_msgs/turtlebot3_msgs/action/patrol.h
[48.263s] -- Symlinking: /home/patrick/turtlebot3_ENAE450_ws/install/turtlebot3_msgs/include/turtlebot3_msgs/turtlebot3_msgs/msg/detail/sensor_state__functions.h
[48.299s] -- Symlinking: /home/patrick/turtlebot3_ENAE450_ws/install/turtlebot3_msgs/include/turtlebot3_msgs/turtlebot3_msgs/msg/detail/sensor_state__struct.h
[48.336s] -- Symlinking: /home/patrick/turtlebot3_ENAE450_ws/install/turtlebot3_msgs/include/turtlebot3_msgs/turtlebot3_msgs/msg/detail/sensor_state__type_support.h
[48.370s] -- Symlinking: /home/patrick/turtlebot3_ENAE450_ws/install/turtlebot3_msgs/include/turtlebot3_msgs/turtlebot3_msgs/msg/detail/sound__functions.h
[48.411s] -- Symlinking: /home/patrick/turtlebot3_ENAE450_ws/install/turtlebot3_msgs/include/turtlebot3_msgs/turtlebot3_msgs/msg/detail/sound__struct.h
[48.461s] -- Symlinking: /home/patrick/turtlebot3_ENAE450_ws/install/turtlebot3_msgs/include/turtlebot3_msgs/turtlebot3_msgs/msg/detail/sound__type_support.h
[48.513s] -- Symlinking: /home/patrick/turtlebot3_ENAE450_ws/install/turtlebot3_msgs/include/turtlebot3_msgs/turtlebot3_msgs/msg/detail/version_info__functions.h
[48.565s] -- Symlinking: /home/patrick/turtlebot3_ENAE450_ws/install/turtlebot3_msgs/include/turtlebot3_msgs/turtlebot3_msgs/msg/detail/version_info__struct.h
[48.647s] -- Symlinking: /home/patrick/turtlebot3_ENAE450_ws/install/turtlebot3_msgs/include/turtlebot3_msgs/turtlebot3_msgs/msg/detail/version_info__type_support.h
[48.722s] -- Symlinking: /home/patrick/turtlebot3_ENAE450_ws/install/turtlebot3_msgs/include/turtlebot3_msgs/turtlebot3_msgs/msg/rosidl_generator_c__visibility_control.h
[48.762s] -- Symlinking: /home/patrick/turtlebot3_ENAE450_ws/install/turtlebot3_msgs/include/turtlebot3_msgs/turtlebot3_msgs/msg/sensor_state.h
[48.803s] -- Symlinking: /home/patrick/turtlebot3_ENAE450_ws/install/turtlebot3_msgs/include/turtlebot3_msgs/turtlebot3_msgs/msg/sound.h
[48.873s] -- Symlinking: /home/patrick/turtlebot3_ENAE450_ws/install/turtlebot3_msgs/include/turtlebot3_msgs/turtlebot3_msgs/msg/version_info.h
[48.911s] -- Symlinking: /home/patrick/turtlebot3_ENAE450_ws/install/turtlebot3_msgs/include/turtlebot3_msgs/turtlebot3_msgs/srv/detail/dqn__functions.h
[48.959s] -- Symlinking: /home/patrick/turtlebot3_ENAE450_ws/install/turtlebot3_msgs/include/turtlebot3_msgs/turtlebot3_msgs/srv/detail/dqn__struct.h
[49.013s] -- Symlinking: /home/patrick/turtlebot3_ENAE450_ws/install/turtlebot3_msgs/include/turtlebot3_msgs/turtlebot3_msgs/srv/detail/dqn__type_support.h
[49.056s] -- Symlinking: /home/patrick/turtlebot3_ENAE450_ws/install/turtlebot3_msgs/include/turtlebot3_msgs/turtlebot3_msgs/srv/detail/sound__functions.h
[49.106s] -- Symlinking: /home/patrick/turtlebot3_ENAE450_ws/install/turtlebot3_msgs/include/turtlebot3_msgs/turtlebot3_msgs/srv/detail/sound__struct.h
[49.151s] -- Symlinking: /home/patrick/turtlebot3_ENAE450_ws/install/turtlebot3_msgs/include/turtlebot3_msgs/turtlebot3_msgs/srv/detail/sound__type_support.h
[49.192s] -- Symlinking: /home/patrick/turtlebot3_ENAE450_ws/install/turtlebot3_msgs/include/turtlebot3_msgs/turtlebot3_msgs/srv/dqn.h
[49.239s] -- Symlinking: /home/patrick/turtlebot3_ENAE450_ws/install/turtlebot3_msgs/include/turtlebot3_msgs/turtlebot3_msgs/srv/sound.h
[49.282s] -- Symlinking: /home/patrick/turtlebot3_ENAE450_ws/install/turtlebot3_msgs/share/turtlebot3_msgs/environment/library_path.sh
[49.313s] -- Symlinking: /home/patrick/turtlebot3_ENAE450_ws/install/turtlebot3_msgs/share/turtlebot3_msgs/environment/library_path.dsv
[49.361s] -- Symlinking: /home/patrick/turtlebot3_ENAE450_ws/install/turtlebot3_msgs/include/turtlebot3_msgs/turtlebot3_msgs/action/detail/patrol__rosidl_typesupport_fastrtps_c.h
[49.405s] -- Symlinking: /home/patrick/turtlebot3_ENAE450_ws/install/turtlebot3_msgs/include/turtlebot3_msgs/turtlebot3_msgs/msg/detail/sensor_state__rosidl_typesupport_fastrtps_c.h
[49.459s] -- Symlinking: /home/patrick/turtlebot3_ENAE450_ws/install/turtlebot3_msgs/include/turtlebot3_msgs/turtlebot3_msgs/msg/detail/sound__rosidl_typesupport_fastrtps_c.h
[49.499s] -- Symlinking: /home/patrick/turtlebot3_ENAE450_ws/install/turtlebot3_msgs/include/turtlebot3_msgs/turtlebot3_msgs/msg/detail/version_info__rosidl_typesupport_fastrtps_c.h
[49.548s] -- Symlinking: /home/patrick/turtlebot3_ENAE450_ws/install/turtlebot3_msgs/include/turtlebot3_msgs/turtlebot3_msgs/msg/rosidl_typesupport_fastrtps_c__visibility_control.h
[49.594s] -- Symlinking: /home/patrick/turtlebot3_ENAE450_ws/install/turtlebot3_msgs/include/turtlebot3_msgs/turtlebot3_msgs/srv/detail/dqn__rosidl_typesupport_fastrtps_c.h
[49.639s] -- Symlinking: /home/patrick/turtlebot3_ENAE450_ws/install/turtlebot3_msgs/include/turtlebot3_msgs/turtlebot3_msgs/srv/detail/sound__rosidl_typesupport_fastrtps_c.h
[49.681s] -- Symlinking: /home/patrick/turtlebot3_ENAE450_ws/install/turtlebot3_msgs/include/turtlebot3_msgs/turtlebot3_msgs/action/detail/patrol__builder.hpp
[49.728s] -- Symlinking: /home/patrick/turtlebot3_ENAE450_ws/install/turtlebot3_msgs/include/turtlebot3_msgs/turtlebot3_msgs/action/detail/patrol__struct.hpp
[49.780s] -- Symlinking: /home/patrick/turtlebot3_ENAE450_ws/install/turtlebot3_msgs/include/turtlebot3_msgs/turtlebot3_msgs/action/detail/patrol__traits.hpp
[49.829s] -- Symlinking: /home/patrick/turtlebot3_ENAE450_ws/install/turtlebot3_msgs/include/turtlebot3_msgs/turtlebot3_msgs/action/detail/patrol__type_support.hpp
[49.868s] -- Symlinking: /home/patrick/turtlebot3_ENAE450_ws/install/turtlebot3_msgs/include/turtlebot3_msgs/turtlebot3_msgs/action/patrol.hpp
[49.906s] -- Symlinking: /home/patrick/turtlebot3_ENAE450_ws/install/turtlebot3_msgs/include/turtlebot3_msgs/turtlebot3_msgs/msg/detail/sensor_state__builder.hpp
[49.949s] -- Symlinking: /home/patrick/turtlebot3_ENAE450_ws/install/turtlebot3_msgs/include/turtlebot3_msgs/turtlebot3_msgs/msg/detail/sensor_state__struct.hpp
[49.992s] -- Symlinking: /home/patrick/turtlebot3_ENAE450_ws/install/turtlebot3_msgs/include/turtlebot3_msgs/turtlebot3_msgs/msg/detail/sensor_state__traits.hpp
[50.025s] -- Symlinking: /home/patrick/turtlebot3_ENAE450_ws/install/turtlebot3_msgs/include/turtlebot3_msgs/turtlebot3_msgs/msg/detail/sensor_state__type_support.hpp
[50.057s] -- Symlinking: /home/patrick/turtlebot3_ENAE450_ws/install/turtlebot3_msgs/include/turtlebot3_msgs/turtlebot3_msgs/msg/detail/sound__builder.hpp
[50.096s] -- Symlinking: /home/patrick/turtlebot3_ENAE450_ws/install/turtlebot3_msgs/include/turtlebot3_msgs/turtlebot3_msgs/msg/detail/sound__struct.hpp
[50.144s] -- Symlinking: /home/patrick/turtlebot3_ENAE450_ws/install/turtlebot3_msgs/include/turtlebot3_msgs/turtlebot3_msgs/msg/detail/sound__traits.hpp
[50.182s] -- Symlinking: /home/patrick/turtlebot3_ENAE450_ws/install/turtlebot3_msgs/include/turtlebot3_msgs/turtlebot3_msgs/msg/detail/sound__type_support.hpp
[50.231s] -- Symlinking: /home/patrick/turtlebot3_ENAE450_ws/install/turtlebot3_msgs/include/turtlebot3_msgs/turtlebot3_msgs/msg/detail/version_info__builder.hpp
[50.269s] -- Symlinking: /home/patrick/turtlebot3_ENAE450_ws/install/turtlebot3_msgs/include/turtlebot3_msgs/turtlebot3_msgs/msg/detail/version_info__struct.hpp
[50.311s] -- Symlinking: /home/patrick/turtlebot3_ENAE450_ws/install/turtlebot3_msgs/include/turtlebot3_msgs/turtlebot3_msgs/msg/detail/version_info__traits.hpp
[50.336s] -- Symlinking: /home/patrick/turtlebot3_ENAE450_ws/install/turtlebot3_msgs/include/turtlebot3_msgs/turtlebot3_msgs/msg/detail/version_info__type_support.hpp
[50.372s] -- Symlinking: /home/patrick/turtlebot3_ENAE450_ws/install/turtlebot3_msgs/include/turtlebot3_msgs/turtlebot3_msgs/msg/rosidl_generator_cpp__visibility_control.hpp
[50.417s] -- Symlinking: /home/patrick/turtlebot3_ENAE450_ws/install/turtlebot3_msgs/include/turtlebot3_msgs/turtlebot3_msgs/msg/sensor_state.hpp
[50.463s] -- Symlinking: /home/patrick/turtlebot3_ENAE450_ws/install/turtlebot3_msgs/include/turtlebot3_msgs/turtlebot3_msgs/msg/sound.hpp
[50.499s] -- Symlinking: /home/patrick/turtlebot3_ENAE450_ws/install/turtlebot3_msgs/include/turtlebot3_msgs/turtlebot3_msgs/msg/version_info.hpp
[50.530s] -- Symlinking: /home/patrick/turtlebot3_ENAE450_ws/install/turtlebot3_msgs/include/turtlebot3_msgs/turtlebot3_msgs/srv/detail/dqn__builder.hpp
[50.558s] -- Symlinking: /home/patrick/turtlebot3_ENAE450_ws/install/turtlebot3_msgs/include/turtlebot3_msgs/turtlebot3_msgs/srv/detail/dqn__struct.hpp
[50.604s] -- Symlinking: /home/patrick/turtlebot3_ENAE450_ws/install/turtlebot3_msgs/include/turtlebot3_msgs/turtlebot3_msgs/srv/detail/dqn__traits.hpp
[50.634s] -- Symlinking: /home/patrick/turtlebot3_ENAE450_ws/install/turtlebot3_msgs/include/turtlebot3_msgs/turtlebot3_msgs/srv/detail/dqn__type_support.hpp
[50.680s] -- Symlinking: /home/patrick/turtlebot3_ENAE450_ws/install/turtlebot3_msgs/include/turtlebot3_msgs/turtlebot3_msgs/srv/detail/sound__builder.hpp
[50.721s] -- Symlinking: /home/patrick/turtlebot3_ENAE450_ws/install/turtlebot3_msgs/include/turtlebot3_msgs/turtlebot3_msgs/srv/detail/sound__struct.hpp
[50.758s] -- Symlinking: /home/patrick/turtlebot3_ENAE450_ws/install/turtlebot3_msgs/include/turtlebot3_msgs/turtlebot3_msgs/srv/detail/sound__traits.hpp
[50.804s] -- Symlinking: /home/patrick/turtlebot3_ENAE450_ws/install/turtlebot3_msgs/include/turtlebot3_msgs/turtlebot3_msgs/srv/detail/sound__type_support.hpp
[50.856s] -- Symlinking: /home/patrick/turtlebot3_ENAE450_ws/install/turtlebot3_msgs/include/turtlebot3_msgs/turtlebot3_msgs/srv/dqn.hpp
[50.894s] -- Symlinking: /home/patrick/turtlebot3_ENAE450_ws/install/turtlebot3_msgs/include/turtlebot3_msgs/turtlebot3_msgs/srv/sound.hpp
[50.954s] -- Symlinking: /home/patrick/turtlebot3_ENAE450_ws/install/turtlebot3_msgs/include/turtlebot3_msgs/turtlebot3_msgs/action/detail/patrol__rosidl_typesupport_fastrtps_cpp.hpp
[50.992s] -- Symlinking: /home/patrick/turtlebot3_ENAE450_ws/install/turtlebot3_msgs/include/turtlebot3_msgs/turtlebot3_msgs/msg/detail/sensor_state__rosidl_typesupport_fastrtps_cpp.hpp
[51.028s] -- Symlinking: /home/patrick/turtlebot3_ENAE450_ws/install/turtlebot3_msgs/include/turtlebot3_msgs/turtlebot3_msgs/msg/detail/sound__rosidl_typesupport_fastrtps_cpp.hpp
[51.088s] -- Symlinking: /home/patrick/turtlebot3_ENAE450_ws/install/turtlebot3_msgs/include/turtlebot3_msgs/turtlebot3_msgs/msg/detail/version_info__rosidl_typesupport_fastrtps_cpp.hpp
[51.136s] -- Symlinking: /home/patrick/turtlebot3_ENAE450_ws/install/turtlebot3_msgs/include/turtlebot3_msgs/turtlebot3_msgs/msg/rosidl_typesupport_fastrtps_cpp__visibility_control.h
[51.186s] -- Symlinking: /home/patrick/turtlebot3_ENAE450_ws/install/turtlebot3_msgs/include/turtlebot3_msgs/turtlebot3_msgs/srv/detail/dqn__rosidl_typesupport_fastrtps_cpp.hpp
[51.235s] -- Symlinking: /home/patrick/turtlebot3_ENAE450_ws/install/turtlebot3_msgs/include/turtlebot3_msgs/turtlebot3_msgs/srv/detail/sound__rosidl_typesupport_fastrtps_cpp.hpp
[51.263s] -- Symlinking: /home/patrick/turtlebot3_ENAE450_ws/install/turtlebot3_msgs/include/turtlebot3_msgs/turtlebot3_msgs/action/detail/patrol__rosidl_typesupport_introspection_c.h
[51.298s] -- Symlinking: /home/patrick/turtlebot3_ENAE450_ws/install/turtlebot3_msgs/include/turtlebot3_msgs/turtlebot3_msgs/msg/detail/sensor_state__rosidl_typesupport_introspection_c.h
[51.356s] -- Symlinking: /home/patrick/turtlebot3_ENAE450_ws/install/turtlebot3_msgs/include/turtlebot3_msgs/turtlebot3_msgs/msg/detail/sound__rosidl_typesupport_introspection_c.h
[51.387s] -- Symlinking: /home/patrick/turtlebot3_ENAE450_ws/install/turtlebot3_msgs/include/turtlebot3_msgs/turtlebot3_msgs/msg/detail/version_info__rosidl_typesupport_introspection_c.h
[51.425s] -- Symlinking: /home/patrick/turtlebot3_ENAE450_ws/install/turtlebot3_msgs/include/turtlebot3_msgs/turtlebot3_msgs/msg/rosidl_typesupport_introspection_c__visibility_control.h
[51.471s] -- Symlinking: /home/patrick/turtlebot3_ENAE450_ws/install/turtlebot3_msgs/include/turtlebot3_msgs/turtlebot3_msgs/srv/detail/dqn__rosidl_typesupport_introspection_c.h
[51.534s] -- Symlinking: /home/patrick/turtlebot3_ENAE450_ws/install/turtlebot3_msgs/include/turtlebot3_msgs/turtlebot3_msgs/srv/detail/sound__rosidl_typesupport_introspection_c.h
[51.583s] -- Symlinking: /home/patrick/turtlebot3_ENAE450_ws/install/turtlebot3_msgs/include/turtlebot3_msgs/turtlebot3_msgs/action/detail/patrol__rosidl_typesupport_introspection_cpp.hpp
[51.641s] -- Symlinking: /home/patrick/turtlebot3_ENAE450_ws/install/turtlebot3_msgs/include/turtlebot3_msgs/turtlebot3_msgs/msg/detail/sensor_state__rosidl_typesupport_introspection_cpp.hpp
[51.695s] -- Symlinking: /home/patrick/turtlebot3_ENAE450_ws/install/turtlebot3_msgs/include/turtlebot3_msgs/turtlebot3_msgs/msg/detail/sound__rosidl_typesupport_introspection_cpp.hpp
[51.736s] -- Symlinking: /home/patrick/turtlebot3_ENAE450_ws/install/turtlebot3_msgs/include/turtlebot3_msgs/turtlebot3_msgs/msg/detail/version_info__rosidl_typesupport_introspection_cpp.hpp
[51.792s] -- Symlinking: /home/patrick/turtlebot3_ENAE450_ws/install/turtlebot3_msgs/include/turtlebot3_msgs/turtlebot3_msgs/srv/detail/dqn__rosidl_typesupport_introspection_cpp.hpp
[51.846s] -- Symlinking: /home/patrick/turtlebot3_ENAE450_ws/install/turtlebot3_msgs/include/turtlebot3_msgs/turtlebot3_msgs/srv/detail/sound__rosidl_typesupport_introspection_cpp.hpp
[51.908s] -- Symlinking: /home/patrick/turtlebot3_ENAE450_ws/install/turtlebot3_msgs/share/turtlebot3_msgs/environment/pythonpath.sh
[51.979s] -- Symlinking: /home/patrick/turtlebot3_ENAE450_ws/install/turtlebot3_msgs/share/turtlebot3_msgs/environment/pythonpath.dsv
[52.041s] -- Symlinking: /home/patrick/turtlebot3_ENAE450_ws/install/turtlebot3_msgs/local/lib/python3.10/dist-packages/turtlebot3_msgs-2.3.0-py3.10.egg-info/PKG-INFO
[52.067s] -- Symlinking: /home/patrick/turtlebot3_ENAE450_ws/install/turtlebot3_msgs/local/lib/python3.10/dist-packages/turtlebot3_msgs-2.3.0-py3.10.egg-info/SOURCES.txt
[52.091s] -- Symlinking: /home/patrick/turtlebot3_ENAE450_ws/install/turtlebot3_msgs/local/lib/python3.10/dist-packages/turtlebot3_msgs-2.3.0-py3.10.egg-info/dependency_links.txt
[52.119s] -- Symlinking: /home/patrick/turtlebot3_ENAE450_ws/install/turtlebot3_msgs/local/lib/python3.10/dist-packages/turtlebot3_msgs-2.3.0-py3.10.egg-info/top_level.txt
[52.165s] -- Symlinking: /home/patrick/turtlebot3_ENAE450_ws/install/turtlebot3_msgs/local/lib/python3.10/dist-packages/turtlebot3_msgs/__init__.py
[52.190s] -- Symlinking: /home/patrick/turtlebot3_ENAE450_ws/install/turtlebot3_msgs/local/lib/python3.10/dist-packages/turtlebot3_msgs/_turtlebot3_msgs_s.ep.rosidl_typesupport_c.c
[52.221s] -- Symlinking: /home/patrick/turtlebot3_ENAE450_ws/install/turtlebot3_msgs/local/lib/python3.10/dist-packages/turtlebot3_msgs/_turtlebot3_msgs_s.ep.rosidl_typesupport_fastrtps_c.c
[52.242s] -- Symlinking: /home/patrick/turtlebot3_ENAE450_ws/install/turtlebot3_msgs/local/lib/python3.10/dist-packages/turtlebot3_msgs/_turtlebot3_msgs_s.ep.rosidl_typesupport_introspection_c.c
[52.302s] -- Symlinking: /home/patrick/turtlebot3_ENAE450_ws/install/turtlebot3_msgs/local/lib/python3.10/dist-packages/turtlebot3_msgs/action/__init__.py
[52.345s] -- Symlinking: /home/patrick/turtlebot3_ENAE450_ws/install/turtlebot3_msgs/local/lib/python3.10/dist-packages/turtlebot3_msgs/action/_patrol.py
[52.393s] -- Symlinking: /home/patrick/turtlebot3_ENAE450_ws/install/turtlebot3_msgs/local/lib/python3.10/dist-packages/turtlebot3_msgs/action/_patrol_s.c
[52.445s] -- Symlinking: /home/patrick/turtlebot3_ENAE450_ws/install/turtlebot3_msgs/local/lib/python3.10/dist-packages/turtlebot3_msgs/libturtlebot3_msgs__rosidl_generator_py.so
[52.494s] -- Symlinking: /home/patrick/turtlebot3_ENAE450_ws/install/turtlebot3_msgs/local/lib/python3.10/dist-packages/turtlebot3_msgs/msg/__init__.py
[52.558s] -- Symlinking: /home/patrick/turtlebot3_ENAE450_ws/install/turtlebot3_msgs/local/lib/python3.10/dist-packages/turtlebot3_msgs/msg/_sensor_state.py
[52.610s] -- Symlinking: /home/patrick/turtlebot3_ENAE450_ws/install/turtlebot3_msgs/local/lib/python3.10/dist-packages/turtlebot3_msgs/msg/_sensor_state_s.c
[52.664s] -- Symlinking: /home/patrick/turtlebot3_ENAE450_ws/install/turtlebot3_msgs/local/lib/python3.10/dist-packages/turtlebot3_msgs/msg/_sound.py
[52.700s] -- Symlinking: /home/patrick/turtlebot3_ENAE450_ws/install/turtlebot3_msgs/local/lib/python3.10/dist-packages/turtlebot3_msgs/msg/_sound_s.c
[52.734s] -- Symlinking: /home/patrick/turtlebot3_ENAE450_ws/install/turtlebot3_msgs/local/lib/python3.10/dist-packages/turtlebot3_msgs/msg/_version_info.py
[52.777s] -- Symlinking: /home/patrick/turtlebot3_ENAE450_ws/install/turtlebot3_msgs/local/lib/python3.10/dist-packages/turtlebot3_msgs/msg/_version_info_s.c
[52.833s] -- Symlinking: /home/patrick/turtlebot3_ENAE450_ws/install/turtlebot3_msgs/local/lib/python3.10/dist-packages/turtlebot3_msgs/srv/__init__.py
[52.900s] -- Symlinking: /home/patrick/turtlebot3_ENAE450_ws/install/turtlebot3_msgs/local/lib/python3.10/dist-packages/turtlebot3_msgs/srv/_dqn.py
[52.965s] -- Symlinking: /home/patrick/turtlebot3_ENAE450_ws/install/turtlebot3_msgs/local/lib/python3.10/dist-packages/turtlebot3_msgs/srv/_dqn_s.c
[53.018s] -- Symlinking: /home/patrick/turtlebot3_ENAE450_ws/install/turtlebot3_msgs/local/lib/python3.10/dist-packages/turtlebot3_msgs/srv/_sound.py
[53.063s] -- Symlinking: /home/patrick/turtlebot3_ENAE450_ws/install/turtlebot3_msgs/local/lib/python3.10/dist-packages/turtlebot3_msgs/srv/_sound_s.c
[53.127s] -- Symlinking: /home/patrick/turtlebot3_ENAE450_ws/install/turtlebot3_msgs/local/lib/python3.10/dist-packages/turtlebot3_msgs/turtlebot3_msgs_s__rosidl_typesupport_c.cpython-310-x86_64-linux-gnu.so
[53.192s] -- Symlinking: /home/patrick/turtlebot3_ENAE450_ws/install/turtlebot3_msgs/local/lib/python3.10/dist-packages/turtlebot3_msgs/turtlebot3_msgs_s__rosidl_typesupport_fastrtps_c.cpython-310-x86_64-linux-gnu.so
[53.231s] -- Symlinking: /home/patrick/turtlebot3_ENAE450_ws/install/turtlebot3_msgs/local/lib/python3.10/dist-packages/turtlebot3_msgs/turtlebot3_msgs_s__rosidl_typesupport_introspection_c.cpython-310-x86_64-linux-gnu.so
[53.271s] -- Up-to-date symlink: /home/patrick/turtlebot3_ENAE450_ws/install/turtlebot3_msgs/local/lib/python3.10/dist-packages/turtlebot3_msgs/turtlebot3_msgs_s__rosidl_typesupport_fastrtps_c.cpython-310-x86_64-linux-gnu.so
[53.271s] -- Up-to-date symlink: /home/patrick/turtlebot3_ENAE450_ws/install/turtlebot3_msgs/local/lib/python3.10/dist-packages/turtlebot3_msgs/turtlebot3_msgs_s__rosidl_typesupport_introspection_c.cpython-310-x86_64-linux-gnu.so
[53.273s] -- Up-to-date symlink: /home/patrick/turtlebot3_ENAE450_ws/install/turtlebot3_msgs/local/lib/python3.10/dist-packages/turtlebot3_msgs/turtlebot3_msgs_s__rosidl_typesupport_c.cpython-310-x86_64-linux-gnu.so
[53.275s] -- Symlinking: /home/patrick/turtlebot3_ENAE450_ws/install/turtlebot3_msgs/share/turtlebot3_msgs/msg/SensorState.idl
[53.344s] -- Symlinking: /home/patrick/turtlebot3_ENAE450_ws/install/turtlebot3_msgs/share/turtlebot3_msgs/msg/Sound.idl
[53.402s] -- Symlinking: /home/patrick/turtlebot3_ENAE450_ws/install/turtlebot3_msgs/share/turtlebot3_msgs/msg/VersionInfo.idl
[53.466s] -- Symlinking: /home/patrick/turtlebot3_ENAE450_ws/install/turtlebot3_msgs/share/turtlebot3_msgs/srv/Sound.idl
[53.531s] -- Symlinking: /home/patrick/turtlebot3_ENAE450_ws/install/turtlebot3_msgs/share/turtlebot3_msgs/srv/Dqn.idl
[53.580s] -- Symlinking: /home/patrick/turtlebot3_ENAE450_ws/install/turtlebot3_msgs/share/turtlebot3_msgs/action/Patrol.idl
[53.631s] -- Symlinking: /home/patrick/turtlebot3_ENAE450_ws/install/turtlebot3_msgs/share/turtlebot3_msgs/msg/SensorState.msg
[53.685s] -- Symlinking: /home/patrick/turtlebot3_ENAE450_ws/install/turtlebot3_msgs/share/turtlebot3_msgs/msg/Sound.msg
[53.744s] -- Symlinking: /home/patrick/turtlebot3_ENAE450_ws/install/turtlebot3_msgs/share/turtlebot3_msgs/msg/VersionInfo.msg
[53.807s] -- Symlinking: /home/patrick/turtlebot3_ENAE450_ws/install/turtlebot3_msgs/share/turtlebot3_msgs/srv/Sound.srv
[53.860s] -- Symlinking: /home/patrick/turtlebot3_ENAE450_ws/install/turtlebot3_msgs/share/turtlebot3_msgs/srv/Sound_Request.msg
[53.914s] -- Symlinking: /home/patrick/turtlebot3_ENAE450_ws/install/turtlebot3_msgs/share/turtlebot3_msgs/srv/Sound_Response.msg
[53.973s] -- Symlinking: /home/patrick/turtlebot3_ENAE450_ws/install/turtlebot3_msgs/share/turtlebot3_msgs/srv/Dqn.srv
[54.021s] -- Symlinking: /home/patrick/turtlebot3_ENAE450_ws/install/turtlebot3_msgs/share/turtlebot3_msgs/srv/Dqn_Request.msg
[54.063s] -- Symlinking: /home/patrick/turtlebot3_ENAE450_ws/install/turtlebot3_msgs/share/turtlebot3_msgs/srv/Dqn_Response.msg
[54.111s] -- Symlinking: /home/patrick/turtlebot3_ENAE450_ws/install/turtlebot3_msgs/share/turtlebot3_msgs/action/Patrol.action
[54.169s] -- Symlinking: /home/patrick/turtlebot3_ENAE450_ws/install/turtlebot3_msgs/share/ament_index/resource_index/package_run_dependencies/turtlebot3_msgs
[54.227s] -- Symlinking: /home/patrick/turtlebot3_ENAE450_ws/install/turtlebot3_msgs/share/ament_index/resource_index/parent_prefix_path/turtlebot3_msgs
[54.278s] -- Symlinking: /home/patrick/turtlebot3_ENAE450_ws/install/turtlebot3_msgs/share/turtlebot3_msgs/environment/ament_prefix_path.sh
[54.340s] -- Symlinking: /home/patrick/turtlebot3_ENAE450_ws/install/turtlebot3_msgs/share/turtlebot3_msgs/environment/ament_prefix_path.dsv
[54.390s] -- Symlinking: /home/patrick/turtlebot3_ENAE450_ws/install/turtlebot3_msgs/share/turtlebot3_msgs/environment/path.sh
[54.440s] -- Symlinking: /home/patrick/turtlebot3_ENAE450_ws/install/turtlebot3_msgs/share/turtlebot3_msgs/environment/path.dsv
[54.487s] -- Symlinking: /home/patrick/turtlebot3_ENAE450_ws/install/turtlebot3_msgs/share/turtlebot3_msgs/local_setup.bash
[54.537s] -- Symlinking: /home/patrick/turtlebot3_ENAE450_ws/install/turtlebot3_msgs/share/turtlebot3_msgs/local_setup.sh
[54.582s] -- Symlinking: /home/patrick/turtlebot3_ENAE450_ws/install/turtlebot3_msgs/share/turtlebot3_msgs/local_setup.zsh
[54.635s] -- Symlinking: /home/patrick/turtlebot3_ENAE450_ws/install/turtlebot3_msgs/share/turtlebot3_msgs/local_setup.dsv
[54.670s] -- Symlinking: /home/patrick/turtlebot3_ENAE450_ws/install/turtlebot3_msgs/share/turtlebot3_msgs/package.dsv
[54.740s] -- Symlinking: /home/patrick/turtlebot3_ENAE450_ws/install/turtlebot3_msgs/share/ament_index/resource_index/packages/turtlebot3_msgs
[54.783s] -- Symlinking: /home/patrick/turtlebot3_ENAE450_ws/install/turtlebot3_msgs/share/turtlebot3_msgs/cmake/rosidl_cmake-extras.cmake
[54.845s] -- Symlinking: /home/patrick/turtlebot3_ENAE450_ws/install/turtlebot3_msgs/share/turtlebot3_msgs/cmake/ament_cmake_export_dependencies-extras.cmake
[54.886s] -- Symlinking: /home/patrick/turtlebot3_ENAE450_ws/install/turtlebot3_msgs/share/turtlebot3_msgs/cmake/ament_cmake_export_include_directories-extras.cmake
[54.932s] -- Symlinking: /home/patrick/turtlebot3_ENAE450_ws/install/turtlebot3_msgs/share/turtlebot3_msgs/cmake/ament_cmake_export_libraries-extras.cmake
[54.982s] -- Symlinking: /home/patrick/turtlebot3_ENAE450_ws/install/turtlebot3_msgs/share/turtlebot3_msgs/cmake/ament_cmake_export_targets-extras.cmake
[55.032s] -- Symlinking: /home/patrick/turtlebot3_ENAE450_ws/install/turtlebot3_msgs/share/turtlebot3_msgs/cmake/rosidl_cmake_export_typesupport_targets-extras.cmake
[55.089s] -- Symlinking: /home/patrick/turtlebot3_ENAE450_ws/install/turtlebot3_msgs/share/turtlebot3_msgs/cmake/rosidl_cmake_export_typesupport_libraries-extras.cmake
[55.150s] -- Symlinking: /home/patrick/turtlebot3_ENAE450_ws/install/turtlebot3_msgs/share/turtlebot3_msgs/cmake/turtlebot3_msgsConfig.cmake
[55.214s] -- Symlinking: /home/patrick/turtlebot3_ENAE450_ws/install/turtlebot3_msgs/share/turtlebot3_msgs/cmake/turtlebot3_msgsConfig-version.cmake
[55.264s] -- Symlinking: /home/patrick/turtlebot3_ENAE450_ws/install/turtlebot3_msgs/share/turtlebot3_msgs/package.xml
[55.311s] -- Installing: /home/patrick/turtlebot3_ENAE450_ws/install/turtlebot3_msgs/lib/libturtlebot3_msgs__rosidl_generator_c.so
[55.318s] -- Set runtime path of "/home/patrick/turtlebot3_ENAE450_ws/install/turtlebot3_msgs/lib/libturtlebot3_msgs__rosidl_generator_c.so" to ""
[55.318s] -- Installing: /home/patrick/turtlebot3_ENAE450_ws/install/turtlebot3_msgs/lib/libturtlebot3_msgs__rosidl_typesupport_fastrtps_c.so
[55.318s] -- Set runtime path of "/home/patrick/turtlebot3_ENAE450_ws/install/turtlebot3_msgs/lib/libturtlebot3_msgs__rosidl_typesupport_fastrtps_c.so" to ""
[55.318s] -- Installing: /home/patrick/turtlebot3_ENAE450_ws/install/turtlebot3_msgs/lib/libturtlebot3_msgs__rosidl_typesupport_fastrtps_cpp.so
[55.326s] -- Set runtime path of "/home/patrick/turtlebot3_ENAE450_ws/install/turtlebot3_msgs/lib/libturtlebot3_msgs__rosidl_typesupport_fastrtps_cpp.so" to ""
[55.326s] -- Installing: /home/patrick/turtlebot3_ENAE450_ws/install/turtlebot3_msgs/lib/libturtlebot3_msgs__rosidl_typesupport_introspection_c.so
[55.326s] -- Set runtime path of "/home/patrick/turtlebot3_ENAE450_ws/install/turtlebot3_msgs/lib/libturtlebot3_msgs__rosidl_typesupport_introspection_c.so" to ""
[55.326s] -- Installing: /home/patrick/turtlebot3_ENAE450_ws/install/turtlebot3_msgs/lib/libturtlebot3_msgs__rosidl_typesupport_c.so
[55.326s] -- Set runtime path of "/home/patrick/turtlebot3_ENAE450_ws/install/turtlebot3_msgs/lib/libturtlebot3_msgs__rosidl_typesupport_c.so" to ""
[55.327s] -- Installing: /home/patrick/turtlebot3_ENAE450_ws/install/turtlebot3_msgs/lib/libturtlebot3_msgs__rosidl_typesupport_introspection_cpp.so
[55.327s] -- Set runtime path of "/home/patrick/turtlebot3_ENAE450_ws/install/turtlebot3_msgs/lib/libturtlebot3_msgs__rosidl_typesupport_introspection_cpp.so" to ""
[55.327s] -- Installing: /home/patrick/turtlebot3_ENAE450_ws/install/turtlebot3_msgs/lib/libturtlebot3_msgs__rosidl_typesupport_cpp.so
[55.332s] -- Set runtime path of "/home/patrick/turtlebot3_ENAE450_ws/install/turtlebot3_msgs/lib/libturtlebot3_msgs__rosidl_typesupport_cpp.so" to ""
[55.545s] Listing '/home/patrick/turtlebot3_ENAE450_ws/install/turtlebot3_msgs/local/lib/python3.10/dist-packages/turtlebot3_msgs'...
[55.545s] Compiling '/home/patrick/turtlebot3_ENAE450_ws/install/turtlebot3_msgs/local/lib/python3.10/dist-packages/turtlebot3_msgs/__init__.py'...
[55.545s] Listing '/home/patrick/turtlebot3_ENAE450_ws/install/turtlebot3_msgs/local/lib/python3.10/dist-packages/turtlebot3_msgs/action'...
[55.545s] Compiling '/home/patrick/turtlebot3_ENAE450_ws/install/turtlebot3_msgs/local/lib/python3.10/dist-packages/turtlebot3_msgs/action/__init__.py'...
[55.545s] Compiling '/home/patrick/turtlebot3_ENAE450_ws/install/turtlebot3_msgs/local/lib/python3.10/dist-packages/turtlebot3_msgs/action/_patrol.py'...
[55.545s] Listing '/home/patrick/turtlebot3_ENAE450_ws/install/turtlebot3_msgs/local/lib/python3.10/dist-packages/turtlebot3_msgs/msg'...
[55.553s] Compiling '/home/patrick/turtlebot3_ENAE450_ws/install/turtlebot3_msgs/local/lib/python3.10/dist-packages/turtlebot3_msgs/msg/__init__.py'...
[55.553s] Compiling '/home/patrick/turtlebot3_ENAE450_ws/install/turtlebot3_msgs/local/lib/python3.10/dist-packages/turtlebot3_msgs/msg/_sensor_state.py'...
[55.553s] Compiling '/home/patrick/turtlebot3_ENAE450_ws/install/turtlebot3_msgs/local/lib/python3.10/dist-packages/turtlebot3_msgs/msg/_sound.py'...
[55.553s] Compiling '/home/patrick/turtlebot3_ENAE450_ws/install/turtlebot3_msgs/local/lib/python3.10/dist-packages/turtlebot3_msgs/msg/_version_info.py'...
[55.553s] Listing '/home/patrick/turtlebot3_ENAE450_ws/install/turtlebot3_msgs/local/lib/python3.10/dist-packages/turtlebot3_msgs/srv'...
[55.553s] Compiling '/home/patrick/turtlebot3_ENAE450_ws/install/turtlebot3_msgs/local/lib/python3.10/dist-packages/turtlebot3_msgs/srv/__init__.py'...
[55.553s] Compiling '/home/patrick/turtlebot3_ENAE450_ws/install/turtlebot3_msgs/local/lib/python3.10/dist-packages/turtlebot3_msgs/srv/_dqn.py'...
[55.553s] Compiling '/home/patrick/turtlebot3_ENAE450_ws/install/turtlebot3_msgs/local/lib/python3.10/dist-packages/turtlebot3_msgs/srv/_sound.py'...
[55.575s] -- Installing: /home/patrick/turtlebot3_ENAE450_ws/install/turtlebot3_msgs/lib/libturtlebot3_msgs__rosidl_generator_py.so
[55.580s] -- Set runtime path of "/home/patrick/turtlebot3_ENAE450_ws/install/turtlebot3_msgs/lib/libturtlebot3_msgs__rosidl_generator_py.so" to ""
[55.580s] -- Installing: /home/patrick/turtlebot3_ENAE450_ws/install/turtlebot3_msgs/share/turtlebot3_msgs/cmake/export_turtlebot3_msgs__rosidl_generator_cExport.cmake
[55.580s] -- Installing: /home/patrick/turtlebot3_ENAE450_ws/install/turtlebot3_msgs/share/turtlebot3_msgs/cmake/export_turtlebot3_msgs__rosidl_generator_cExport-noconfig.cmake
[55.580s] -- Installing: /home/patrick/turtlebot3_ENAE450_ws/install/turtlebot3_msgs/share/turtlebot3_msgs/cmake/export_turtlebot3_msgs__rosidl_typesupport_fastrtps_cExport.cmake
[55.580s] -- Installing: /home/patrick/turtlebot3_ENAE450_ws/install/turtlebot3_msgs/share/turtlebot3_msgs/cmake/export_turtlebot3_msgs__rosidl_typesupport_fastrtps_cExport-noconfig.cmake
[55.582s] -- Installing: /home/patrick/turtlebot3_ENAE450_ws/install/turtlebot3_msgs/share/turtlebot3_msgs/cmake/export_turtlebot3_msgs__rosidl_generator_cppExport.cmake
[55.586s] -- Installing: /home/patrick/turtlebot3_ENAE450_ws/install/turtlebot3_msgs/share/turtlebot3_msgs/cmake/export_turtlebot3_msgs__rosidl_typesupport_fastrtps_cppExport.cmake
[55.586s] -- Installing: /home/patrick/turtlebot3_ENAE450_ws/install/turtlebot3_msgs/share/turtlebot3_msgs/cmake/export_turtlebot3_msgs__rosidl_typesupport_fastrtps_cppExport-noconfig.cmake
[55.586s] -- Installing: /home/patrick/turtlebot3_ENAE450_ws/install/turtlebot3_msgs/share/turtlebot3_msgs/cmake/turtlebot3_msgs__rosidl_typesupport_introspection_cExport.cmake
[55.586s] -- Installing: /home/patrick/turtlebot3_ENAE450_ws/install/turtlebot3_msgs/share/turtlebot3_msgs/cmake/turtlebot3_msgs__rosidl_typesupport_introspection_cExport-noconfig.cmake
[55.586s] -- Installing: /home/patrick/turtlebot3_ENAE450_ws/install/turtlebot3_msgs/share/turtlebot3_msgs/cmake/turtlebot3_msgs__rosidl_typesupport_cExport.cmake
[55.586s] -- Installing: /home/patrick/turtlebot3_ENAE450_ws/install/turtlebot3_msgs/share/turtlebot3_msgs/cmake/turtlebot3_msgs__rosidl_typesupport_cExport-noconfig.cmake
[55.586s] -- Installing: /home/patrick/turtlebot3_ENAE450_ws/install/turtlebot3_msgs/share/turtlebot3_msgs/cmake/turtlebot3_msgs__rosidl_typesupport_introspection_cppExport.cmake
[55.587s] -- Installing: /home/patrick/turtlebot3_ENAE450_ws/install/turtlebot3_msgs/share/turtlebot3_msgs/cmake/turtlebot3_msgs__rosidl_typesupport_introspection_cppExport-noconfig.cmake
[55.590s] -- Installing: /home/patrick/turtlebot3_ENAE450_ws/install/turtlebot3_msgs/share/turtlebot3_msgs/cmake/turtlebot3_msgs__rosidl_typesupport_cppExport.cmake
[55.597s] -- Installing: /home/patrick/turtlebot3_ENAE450_ws/install/turtlebot3_msgs/share/turtlebot3_msgs/cmake/turtlebot3_msgs__rosidl_typesupport_cppExport-noconfig.cmake
[55.597s] -- Installing: /home/patrick/turtlebot3_ENAE450_ws/install/turtlebot3_msgs/share/turtlebot3_msgs/cmake/export_turtlebot3_msgs__rosidl_generator_pyExport.cmake
[55.603s] -- Installing: /home/patrick/turtlebot3_ENAE450_ws/install/turtlebot3_msgs/share/turtlebot3_msgs/cmake/export_turtlebot3_msgs__rosidl_generator_pyExport-noconfig.cmake
[55.607s] Invoked command in '/home/patrick/turtlebot3_ENAE450_ws/build/turtlebot3_msgs' returned '0': CMAKE_PREFIX_PATH=${CMAKE_PREFIX_PATH}:/home/patrick/turtlebot3_ws/install/turtlebot3_teleop:/home/patrick/turtlebot3_ws/install/turtlebot3_example:/home/patrick/turtlebot3_ws/install/turtlebot3_controller:/opt/ros/humble /usr/bin/cmake --install /home/patrick/turtlebot3_ENAE450_ws/build/turtlebot3_msgs
