[4.330s] Invoking command in '/home/patrick/turtlebot3_ENAE450_ws/build/turtlebot3_teleop': PYTHONPATH=/home/patrick/turtlebot3_ENAE450_ws/build/turtlebot3_teleop/prefix_override:/usr/lib/python3/dist-packages/colcon_core/task/python/colcon_distutils_commands:/home/patrick/turtlebot3_ENAE450_ws/install/turtlebot3_teleop/lib/python3.10/site-packages:${PYTHONPATH} /usr/bin/python3 -W ignore:setup.py install is deprecated -W ignore:easy_install command is deprecated setup.py develop --editable --build-directory /home/patrick/turtlebot3_ENAE450_ws/build/turtlebot3_teleop/build --no-deps symlink_data
[5.623s] running develop
[6.495s] running egg_info
[6.496s] creating turtlebot3_teleop.egg-info
[6.499s] writing turtlebot3_teleop.egg-info/PKG-INFO
[6.499s] writing dependency_links to turtlebot3_teleop.egg-info/dependency_links.txt
[6.500s] writing entry points to turtlebot3_teleop.egg-info/entry_points.txt
[6.501s] writing requirements to turtlebot3_teleop.egg-info/requires.txt
[6.501s] writing top-level names to turtlebot3_teleop.egg-info/top_level.txt
[6.503s] writing manifest file 'turtlebot3_teleop.egg-info/SOURCES.txt'
[6.512s] reading manifest file 'turtlebot3_teleop.egg-info/SOURCES.txt'
[6.516s] writing manifest file 'turtlebot3_teleop.egg-info/SOURCES.txt'
[6.519s] running build_ext
[6.526s] Creating /home/patrick/turtlebot3_ENAE450_ws/install/turtlebot3_teleop/lib/python3.10/site-packages/turtlebot3-teleop.egg-link (link to .)
[6.530s] Installing teleop_keyboard script to /home/patrick/turtlebot3_ENAE450_ws/install/turtlebot3_teleop/lib/turtlebot3_teleop
[6.533s] 
[6.534s] Installed /home/patrick/turtlebot3_ENAE450_ws/build/turtlebot3_teleop
[6.534s] running symlink_data
[6.534s] creating /home/patrick/turtlebot3_ENAE450_ws/install/turtlebot3_teleop/share/ament_index
[6.534s] creating /home/patrick/turtlebot3_ENAE450_ws/install/turtlebot3_teleop/share/ament_index/resource_index
[6.534s] creating /home/patrick/turtlebot3_ENAE450_ws/install/turtlebot3_teleop/share/ament_index/resource_index/packages
[6.534s] symbolically linking /home/patrick/turtlebot3_ENAE450_ws/build/turtlebot3_teleop/resource/turtlebot3_teleop -> /home/patrick/turtlebot3_ENAE450_ws/install/turtlebot3_teleop/share/ament_index/resource_index/packages
[6.534s] symbolically linking /home/patrick/turtlebot3_ENAE450_ws/build/turtlebot3_teleop/package.xml -> /home/patrick/turtlebot3_ENAE450_ws/install/turtlebot3_teleop/share/turtlebot3_teleop
[6.705s] Invoked command in '/home/patrick/turtlebot3_ENAE450_ws/build/turtlebot3_teleop' returned '0': PYTHONPATH=/home/patrick/turtlebot3_ENAE450_ws/build/turtlebot3_teleop/prefix_override:/usr/lib/python3/dist-packages/colcon_core/task/python/colcon_distutils_commands:/home/patrick/turtlebot3_ENAE450_ws/install/turtlebot3_teleop/lib/python3.10/site-packages:${PYTHONPATH} /usr/bin/python3 -W ignore:setup.py install is deprecated -W ignore:easy_install command is deprecated setup.py develop --editable --build-directory /home/patrick/turtlebot3_ENAE450_ws/build/turtlebot3_teleop/build --no-deps symlink_data
