[0.021s] Invoking command in '/home/patrick/turtlebot3_ENAE450_ws/build/dynamixel_sdk_custom_interfaces': CMAKE_PREFIX_PATH=${CMAKE_PREFIX_PATH}:/home/patrick/turtlebot3_ws/install/turtlebot3_teleop:/home/patrick/turtlebot3_ws/install/turtlebot3_example:/home/patrick/turtlebot3_ws/install/turtlebot3_controller:/opt/ros/humble /usr/bin/cmake /home/patrick/turtlebot3_ENAE450_ws/src/DynamixelSDK/ros/dynamixel_sdk_custom_interfaces -DAMENT_CMAKE_SYMLINK_INSTALL=1 -DCMAKE_INSTALL_PREFIX=/home/patrick/turtlebot3_ENAE450_ws/install/dynamixel_sdk_custom_interfaces
[0.293s] -- The C compiler identification is GNU 11.4.0
[0.523s] -- The CXX compiler identification is GNU 11.4.0
[0.547s] -- Detecting C compiler ABI info
[0.844s] -- Detecting C compiler ABI info - done
[0.871s] -- Check for working C compiler: /usr/bin/cc - skipped
[0.872s] -- Detecting C compile features
[0.874s] -- Detecting C compile features - done
[0.883s] -- Detecting CXX compiler ABI info
[1.087s] -- Detecting CXX compiler ABI info - done
[1.092s] -- Check for working CXX compiler: /usr/bin/c++ - skipped
[1.093s] -- Detecting CXX compile features
[1.094s] -- Detecting CXX compile features - done
[1.099s] -- Found ament_cmake: 1.3.11 (/opt/ros/humble/share/ament_cmake/cmake)
[1.374s] -- Found Python3: /usr/bin/python3 (found version "3.10.12") found components: Interpreter 
[1.491s] -- Override CMake install command with custom implementation using symlinks instead of copying resources
[1.603s] -- Found builtin_interfaces: 1.2.1 (/opt/ros/humble/share/builtin_interfaces/cmake)
[1.685s] -- Found rosidl_generator_c: 3.1.6 (/opt/ros/humble/share/rosidl_generator_c/cmake)
[1.701s] -- Found rosidl_adapter: 3.1.6 (/opt/ros/humble/share/rosidl_adapter/cmake)
[1.716s] -- Found rosidl_generator_cpp: 3.1.6 (/opt/ros/humble/share/rosidl_generator_cpp/cmake)
[1.739s] -- Using all available rosidl_typesupport_c: rosidl_typesupport_fastrtps_c;rosidl_typesupport_introspection_c
[1.782s] -- Using all available rosidl_typesupport_cpp: rosidl_typesupport_fastrtps_cpp;rosidl_typesupport_introspection_cpp
[1.820s] -- Found rosidl_default_generators: 1.2.0 (/opt/ros/humble/share/rosidl_default_generators/cmake)
[2.709s] -- Found ament_cmake_ros: 0.10.0 (/opt/ros/humble/share/ament_cmake_ros/cmake)
[3.227s] -- Using all available rosidl_typesupport_c: rosidl_typesupport_fastrtps_c;rosidl_typesupport_introspection_c
[3.449s] -- Using all available rosidl_typesupport_cpp: rosidl_typesupport_fastrtps_cpp;rosidl_typesupport_introspection_cpp
[3.487s] -- Found PythonInterp: /usr/bin/python3 (found suitable version "3.10.12", minimum required is "3.6") 
[3.492s] -- Found python_cmake_module: 0.10.0 (/opt/ros/humble/share/python_cmake_module/cmake)
[3.539s] -- Found PythonLibs: /usr/lib/x86_64-linux-gnu/libpython3.10.so (found suitable version "3.10.12", minimum required is "3.5") 
[3.539s] -- Using PYTHON_EXECUTABLE: /usr/bin/python3
[3.539s] -- Using PYTHON_INCLUDE_DIRS: /usr/include/python3.10
[3.539s] -- Using PYTHON_LIBRARIES: /usr/lib/x86_64-linux-gnu/libpython3.10.so
[3.569s] -- Found PythonExtra: .so  
[3.655s] -- Configuring done
[3.714s] -- Generating done
[3.740s] -- Build files have been written to: /home/patrick/turtlebot3_ENAE450_ws/build/dynamixel_sdk_custom_interfaces
[3.765s] Invoked command in '/home/patrick/turtlebot3_ENAE450_ws/build/dynamixel_sdk_custom_interfaces' returned '0': CMAKE_PREFIX_PATH=${CMAKE_PREFIX_PATH}:/home/patrick/turtlebot3_ws/install/turtlebot3_teleop:/home/patrick/turtlebot3_ws/install/turtlebot3_example:/home/patrick/turtlebot3_ws/install/turtlebot3_controller:/opt/ros/humble /usr/bin/cmake /home/patrick/turtlebot3_ENAE450_ws/src/DynamixelSDK/ros/dynamixel_sdk_custom_interfaces -DAMENT_CMAKE_SYMLINK_INSTALL=1 -DCMAKE_INSTALL_PREFIX=/home/patrick/turtlebot3_ENAE450_ws/install/dynamixel_sdk_custom_interfaces
[3.766s] Invoking command in '/home/patrick/turtlebot3_ENAE450_ws/build/dynamixel_sdk_custom_interfaces': CMAKE_PREFIX_PATH=${CMAKE_PREFIX_PATH}:/home/patrick/turtlebot3_ws/install/turtlebot3_teleop:/home/patrick/turtlebot3_ws/install/turtlebot3_example:/home/patrick/turtlebot3_ws/install/turtlebot3_controller:/opt/ros/humble /usr/bin/cmake --build /home/patrick/turtlebot3_ENAE450_ws/build/dynamixel_sdk_custom_interfaces -- -j2 -l2
[3.925s] [  2%] [34m[1mGenerating C code for ROS interfaces[0m
[3.991s] [  5%] [34m[1mGenerating C++ code for ROS interfaces[0m
[5.330s] [  5%] Built target dynamixel_sdk_custom_interfaces__cpp
[5.468s] [  5%] Built target ament_cmake_python_symlink_dynamixel_sdk_custom_interfaces
[5.515s] [  7%] [34m[1mGenerating C++ type support for eProsima Fast-RTPS[0m
[5.550s] [ 10%] [32mBuilding C object CMakeFiles/dynamixel_sdk_custom_interfaces__rosidl_generator_c.dir/rosidl_generator_c/dynamixel_sdk_custom_interfaces/msg/detail/set_position__functions.c.o[0m
[5.700s] [ 12%] [32mBuilding C object CMakeFiles/dynamixel_sdk_custom_interfaces__rosidl_generator_c.dir/rosidl_generator_c/dynamixel_sdk_custom_interfaces/srv/detail/get_position__functions.c.o[0m
[5.882s] [ 15%] [32m[1mLinking C shared library libdynamixel_sdk_custom_interfaces__rosidl_generator_c.so[0m
[5.953s] [ 15%] Built target dynamixel_sdk_custom_interfaces__rosidl_generator_c
[5.975s] [ 17%] [34m[1mGenerating C++ introspection for ROS interfaces[0m
[6.848s] [ 20%] [32mBuilding CXX object CMakeFiles/dynamixel_sdk_custom_interfaces__rosidl_typesupport_fastrtps_cpp.dir/rosidl_typesupport_fastrtps_cpp/dynamixel_sdk_custom_interfaces/msg/detail/dds_fastrtps/set_position__type_support.cpp.o[0m
[7.113s] [ 23%] [32mBuilding CXX object CMakeFiles/dynamixel_sdk_custom_interfaces__rosidl_typesupport_introspection_cpp.dir/rosidl_typesupport_introspection_cpp/dynamixel_sdk_custom_interfaces/msg/detail/set_position__type_support.cpp.o[0m
[8.282s] [ 25%] [32mBuilding CXX object CMakeFiles/dynamixel_sdk_custom_interfaces__rosidl_typesupport_fastrtps_cpp.dir/rosidl_typesupport_fastrtps_cpp/dynamixel_sdk_custom_interfaces/srv/detail/dds_fastrtps/get_position__type_support.cpp.o[0m
[8.428s] [ 28%] [32mBuilding CXX object CMakeFiles/dynamixel_sdk_custom_interfaces__rosidl_typesupport_introspection_cpp.dir/rosidl_typesupport_introspection_cpp/dynamixel_sdk_custom_interfaces/srv/detail/get_position__type_support.cpp.o[0m
[9.761s] [ 30%] [32m[1mLinking CXX shared library libdynamixel_sdk_custom_interfaces__rosidl_typesupport_introspection_cpp.so[0m
[9.837s] [ 33%] [32m[1mLinking CXX shared library libdynamixel_sdk_custom_interfaces__rosidl_typesupport_fastrtps_cpp.so[0m
[9.928s] [ 33%] Built target dynamixel_sdk_custom_interfaces__rosidl_typesupport_introspection_cpp
[9.964s] [ 35%] [34m[1mGenerating C++ type support dispatch for ROS interfaces[0m
[10.213s] [ 35%] Built target dynamixel_sdk_custom_interfaces__rosidl_typesupport_fastrtps_cpp
[10.259s] [ 38%] [34m[1mGenerating C type support for eProsima Fast-RTPS[0m
[10.923s] [ 41%] [32mBuilding CXX object CMakeFiles/dynamixel_sdk_custom_interfaces__rosidl_typesupport_cpp.dir/rosidl_typesupport_cpp/dynamixel_sdk_custom_interfaces/msg/set_position__type_support.cpp.o[0m
[11.410s] [ 43%] [32mBuilding CXX object CMakeFiles/dynamixel_sdk_custom_interfaces__rosidl_typesupport_fastrtps_c.dir/rosidl_typesupport_fastrtps_c/dynamixel_sdk_custom_interfaces/msg/detail/set_position__type_support_c.cpp.o[0m
[11.871s] [ 46%] [32mBuilding CXX object CMakeFiles/dynamixel_sdk_custom_interfaces__rosidl_typesupport_cpp.dir/rosidl_typesupport_cpp/dynamixel_sdk_custom_interfaces/srv/get_position__type_support.cpp.o[0m
[12.672s] [ 48%] [32mBuilding CXX object CMakeFiles/dynamixel_sdk_custom_interfaces__rosidl_typesupport_fastrtps_c.dir/rosidl_typesupport_fastrtps_c/dynamixel_sdk_custom_interfaces/srv/detail/get_position__type_support_c.cpp.o[0m
[12.888s] [ 51%] [32m[1mLinking CXX shared library libdynamixel_sdk_custom_interfaces__rosidl_typesupport_cpp.so[0m
[13.024s] [ 51%] Built target dynamixel_sdk_custom_interfaces__rosidl_typesupport_cpp
[13.880s] running egg_info
[13.887s] creating dynamixel_sdk_custom_interfaces.egg-info
[13.887s] writing dynamixel_sdk_custom_interfaces.egg-info/PKG-INFO
[13.887s] writing dependency_links to dynamixel_sdk_custom_interfaces.egg-info/dependency_links.txt
[13.887s] writing top-level names to dynamixel_sdk_custom_interfaces.egg-info/top_level.txt
[13.888s] writing manifest file 'dynamixel_sdk_custom_interfaces.egg-info/SOURCES.txt'
[13.899s] reading manifest file 'dynamixel_sdk_custom_interfaces.egg-info/SOURCES.txt'
[13.902s] writing manifest file 'dynamixel_sdk_custom_interfaces.egg-info/SOURCES.txt'
[13.910s] [ 53%] [32m[1mLinking CXX shared library libdynamixel_sdk_custom_interfaces__rosidl_typesupport_fastrtps_c.so[0m
[14.026s] [ 53%] Built target ament_cmake_python_build_dynamixel_sdk_custom_interfaces_egg
[14.066s] [ 56%] [34m[1mGenerating C introspection for ROS interfaces[0m
[14.274s] [ 56%] Built target dynamixel_sdk_custom_interfaces__rosidl_typesupport_fastrtps_c
[14.298s] [ 58%] [34m[1mGenerating C type support dispatch for ROS interfaces[0m
[15.144s] [ 61%] [32mBuilding C object CMakeFiles/dynamixel_sdk_custom_interfaces__rosidl_typesupport_introspection_c.dir/rosidl_typesupport_introspection_c/dynamixel_sdk_custom_interfaces/msg/detail/set_position__type_support.c.o[0m
[15.212s] [ 64%] [32mBuilding CXX object CMakeFiles/dynamixel_sdk_custom_interfaces__rosidl_typesupport_c.dir/rosidl_typesupport_c/dynamixel_sdk_custom_interfaces/msg/set_position__type_support.cpp.o[0m
[15.280s] [ 66%] [32mBuilding C object CMakeFiles/dynamixel_sdk_custom_interfaces__rosidl_typesupport_introspection_c.dir/rosidl_typesupport_introspection_c/dynamixel_sdk_custom_interfaces/srv/detail/get_position__type_support.c.o[0m
[15.340s] [ 69%] [32mBuilding CXX object CMakeFiles/dynamixel_sdk_custom_interfaces__rosidl_typesupport_c.dir/rosidl_typesupport_c/dynamixel_sdk_custom_interfaces/srv/get_position__type_support.cpp.o[0m
[15.368s] [ 71%] [32m[1mLinking C shared library libdynamixel_sdk_custom_interfaces__rosidl_typesupport_introspection_c.so[0m
[15.457s] [ 74%] [32m[1mLinking CXX shared library libdynamixel_sdk_custom_interfaces__rosidl_typesupport_c.so[0m
[15.496s] [ 74%] Built target dynamixel_sdk_custom_interfaces__rosidl_typesupport_introspection_c
[15.655s] [ 74%] Built target dynamixel_sdk_custom_interfaces__rosidl_typesupport_c
[15.708s] [ 74%] Built target dynamixel_sdk_custom_interfaces
[15.747s] [ 76%] [34m[1mGenerating Python code for ROS interfaces[0m
[17.311s] [ 76%] Built target dynamixel_sdk_custom_interfaces__py
[17.386s] [ 79%] [32mBuilding C object CMakeFiles/dynamixel_sdk_custom_interfaces__rosidl_generator_py.dir/rosidl_generator_py/dynamixel_sdk_custom_interfaces/msg/_set_position_s.c.o[0m
[17.405s] [ 82%] [32mBuilding C object CMakeFiles/dynamixel_sdk_custom_interfaces__rosidl_generator_py.dir/rosidl_generator_py/dynamixel_sdk_custom_interfaces/srv/_get_position_s.c.o[0m
[17.817s] [ 84%] [32m[1mLinking C shared library rosidl_generator_py/dynamixel_sdk_custom_interfaces/libdynamixel_sdk_custom_interfaces__rosidl_generator_py.so[0m
[17.995s] [ 84%] Built target dynamixel_sdk_custom_interfaces__rosidl_generator_py
[18.077s] [ 87%] [32mBuilding C object CMakeFiles/dynamixel_sdk_custom_interfaces__rosidl_typesupport_fastrtps_c__pyext.dir/rosidl_generator_py/dynamixel_sdk_custom_interfaces/_dynamixel_sdk_custom_interfaces_s.ep.rosidl_typesupport_fastrtps_c.c.o[0m
[18.533s] [ 89%] [32m[1mLinking C shared library rosidl_generator_py/dynamixel_sdk_custom_interfaces/dynamixel_sdk_custom_interfaces_s__rosidl_typesupport_fastrtps_c.cpython-310-x86_64-linux-gnu.so[0m
[18.738s] [ 89%] Built target dynamixel_sdk_custom_interfaces__rosidl_typesupport_fastrtps_c__pyext
[18.812s] [ 92%] [32mBuilding C object CMakeFiles/dynamixel_sdk_custom_interfaces__rosidl_typesupport_introspection_c__pyext.dir/rosidl_generator_py/dynamixel_sdk_custom_interfaces/_dynamixel_sdk_custom_interfaces_s.ep.rosidl_typesupport_introspection_c.c.o[0m
[19.168s] [ 94%] [32m[1mLinking C shared library rosidl_generator_py/dynamixel_sdk_custom_interfaces/dynamixel_sdk_custom_interfaces_s__rosidl_typesupport_introspection_c.cpython-310-x86_64-linux-gnu.so[0m
[19.233s] [ 94%] Built target dynamixel_sdk_custom_interfaces__rosidl_typesupport_introspection_c__pyext
[19.270s] [ 97%] [32mBuilding C object CMakeFiles/dynamixel_sdk_custom_interfaces__rosidl_typesupport_c__pyext.dir/rosidl_generator_py/dynamixel_sdk_custom_interfaces/_dynamixel_sdk_custom_interfaces_s.ep.rosidl_typesupport_c.c.o[0m
[19.526s] [100%] [32m[1mLinking C shared library rosidl_generator_py/dynamixel_sdk_custom_interfaces/dynamixel_sdk_custom_interfaces_s__rosidl_typesupport_c.cpython-310-x86_64-linux-gnu.so[0m
[19.698s] [100%] Built target dynamixel_sdk_custom_interfaces__rosidl_typesupport_c__pyext
[19.747s] Invoked command in '/home/patrick/turtlebot3_ENAE450_ws/build/dynamixel_sdk_custom_interfaces' returned '0': CMAKE_PREFIX_PATH=${CMAKE_PREFIX_PATH}:/home/patrick/turtlebot3_ws/install/turtlebot3_teleop:/home/patrick/turtlebot3_ws/install/turtlebot3_example:/home/patrick/turtlebot3_ws/install/turtlebot3_controller:/opt/ros/humble /usr/bin/cmake --build /home/patrick/turtlebot3_ENAE450_ws/build/dynamixel_sdk_custom_interfaces -- -j2 -l2
[19.747s] Invoking command in '/home/patrick/turtlebot3_ENAE450_ws/build/dynamixel_sdk_custom_interfaces': CMAKE_PREFIX_PATH=${CMAKE_PREFIX_PATH}:/home/patrick/turtlebot3_ws/install/turtlebot3_teleop:/home/patrick/turtlebot3_ws/install/turtlebot3_example:/home/patrick/turtlebot3_ws/install/turtlebot3_controller:/opt/ros/humble /usr/bin/cmake --install /home/patrick/turtlebot3_ENAE450_ws/build/dynamixel_sdk_custom_interfaces
[19.778s] -- Install configuration: ""
[19.779s] -- Execute custom install script
[19.779s] -- Symlinking: /home/patrick/turtlebot3_ENAE450_ws/install/dynamixel_sdk_custom_interfaces/share/ament_index/resource_index/rosidl_interfaces/dynamixel_sdk_custom_interfaces
[19.819s] -- Symlinking: /home/patrick/turtlebot3_ENAE450_ws/install/dynamixel_sdk_custom_interfaces/include/dynamixel_sdk_custom_interfaces/dynamixel_sdk_custom_interfaces/msg/detail/set_position__functions.h
[19.858s] -- Symlinking: /home/patrick/turtlebot3_ENAE450_ws/install/dynamixel_sdk_custom_interfaces/include/dynamixel_sdk_custom_interfaces/dynamixel_sdk_custom_interfaces/msg/detail/set_position__struct.h
[19.892s] -- Symlinking: /home/patrick/turtlebot3_ENAE450_ws/install/dynamixel_sdk_custom_interfaces/include/dynamixel_sdk_custom_interfaces/dynamixel_sdk_custom_interfaces/msg/detail/set_position__type_support.h
[19.941s] -- Symlinking: /home/patrick/turtlebot3_ENAE450_ws/install/dynamixel_sdk_custom_interfaces/include/dynamixel_sdk_custom_interfaces/dynamixel_sdk_custom_interfaces/msg/rosidl_generator_c__visibility_control.h
[19.975s] -- Symlinking: /home/patrick/turtlebot3_ENAE450_ws/install/dynamixel_sdk_custom_interfaces/include/dynamixel_sdk_custom_interfaces/dynamixel_sdk_custom_interfaces/msg/set_position.h
[20.013s] -- Symlinking: /home/patrick/turtlebot3_ENAE450_ws/install/dynamixel_sdk_custom_interfaces/include/dynamixel_sdk_custom_interfaces/dynamixel_sdk_custom_interfaces/srv/detail/get_position__functions.h
[20.056s] -- Symlinking: /home/patrick/turtlebot3_ENAE450_ws/install/dynamixel_sdk_custom_interfaces/include/dynamixel_sdk_custom_interfaces/dynamixel_sdk_custom_interfaces/srv/detail/get_position__struct.h
[20.091s] -- Symlinking: /home/patrick/turtlebot3_ENAE450_ws/install/dynamixel_sdk_custom_interfaces/include/dynamixel_sdk_custom_interfaces/dynamixel_sdk_custom_interfaces/srv/detail/get_position__type_support.h
[20.126s] -- Symlinking: /home/patrick/turtlebot3_ENAE450_ws/install/dynamixel_sdk_custom_interfaces/include/dynamixel_sdk_custom_interfaces/dynamixel_sdk_custom_interfaces/srv/get_position.h
[20.164s] -- Symlinking: /home/patrick/turtlebot3_ENAE450_ws/install/dynamixel_sdk_custom_interfaces/share/dynamixel_sdk_custom_interfaces/environment/library_path.sh
[20.198s] -- Symlinking: /home/patrick/turtlebot3_ENAE450_ws/install/dynamixel_sdk_custom_interfaces/share/dynamixel_sdk_custom_interfaces/environment/library_path.dsv
[20.224s] -- Symlinking: /home/patrick/turtlebot3_ENAE450_ws/install/dynamixel_sdk_custom_interfaces/include/dynamixel_sdk_custom_interfaces/dynamixel_sdk_custom_interfaces/msg/detail/set_position__rosidl_typesupport_fastrtps_c.h
[20.243s] -- Symlinking: /home/patrick/turtlebot3_ENAE450_ws/install/dynamixel_sdk_custom_interfaces/include/dynamixel_sdk_custom_interfaces/dynamixel_sdk_custom_interfaces/msg/rosidl_typesupport_fastrtps_c__visibility_control.h
[20.261s] -- Symlinking: /home/patrick/turtlebot3_ENAE450_ws/install/dynamixel_sdk_custom_interfaces/include/dynamixel_sdk_custom_interfaces/dynamixel_sdk_custom_interfaces/srv/detail/get_position__rosidl_typesupport_fastrtps_c.h
[20.306s] -- Symlinking: /home/patrick/turtlebot3_ENAE450_ws/install/dynamixel_sdk_custom_interfaces/include/dynamixel_sdk_custom_interfaces/dynamixel_sdk_custom_interfaces/msg/detail/set_position__builder.hpp
[20.351s] -- Symlinking: /home/patrick/turtlebot3_ENAE450_ws/install/dynamixel_sdk_custom_interfaces/include/dynamixel_sdk_custom_interfaces/dynamixel_sdk_custom_interfaces/msg/detail/set_position__struct.hpp
[20.385s] -- Symlinking: /home/patrick/turtlebot3_ENAE450_ws/install/dynamixel_sdk_custom_interfaces/include/dynamixel_sdk_custom_interfaces/dynamixel_sdk_custom_interfaces/msg/detail/set_position__traits.hpp
[20.409s] -- Symlinking: /home/patrick/turtlebot3_ENAE450_ws/install/dynamixel_sdk_custom_interfaces/include/dynamixel_sdk_custom_interfaces/dynamixel_sdk_custom_interfaces/msg/detail/set_position__type_support.hpp
[20.428s] -- Symlinking: /home/patrick/turtlebot3_ENAE450_ws/install/dynamixel_sdk_custom_interfaces/include/dynamixel_sdk_custom_interfaces/dynamixel_sdk_custom_interfaces/msg/rosidl_generator_cpp__visibility_control.hpp
[20.448s] -- Symlinking: /home/patrick/turtlebot3_ENAE450_ws/install/dynamixel_sdk_custom_interfaces/include/dynamixel_sdk_custom_interfaces/dynamixel_sdk_custom_interfaces/msg/set_position.hpp
[20.466s] -- Symlinking: /home/patrick/turtlebot3_ENAE450_ws/install/dynamixel_sdk_custom_interfaces/include/dynamixel_sdk_custom_interfaces/dynamixel_sdk_custom_interfaces/srv/detail/get_position__builder.hpp
[20.483s] -- Symlinking: /home/patrick/turtlebot3_ENAE450_ws/install/dynamixel_sdk_custom_interfaces/include/dynamixel_sdk_custom_interfaces/dynamixel_sdk_custom_interfaces/srv/detail/get_position__struct.hpp
[20.501s] -- Symlinking: /home/patrick/turtlebot3_ENAE450_ws/install/dynamixel_sdk_custom_interfaces/include/dynamixel_sdk_custom_interfaces/dynamixel_sdk_custom_interfaces/srv/detail/get_position__traits.hpp
[20.515s] -- Symlinking: /home/patrick/turtlebot3_ENAE450_ws/install/dynamixel_sdk_custom_interfaces/include/dynamixel_sdk_custom_interfaces/dynamixel_sdk_custom_interfaces/srv/detail/get_position__type_support.hpp
[20.535s] -- Symlinking: /home/patrick/turtlebot3_ENAE450_ws/install/dynamixel_sdk_custom_interfaces/include/dynamixel_sdk_custom_interfaces/dynamixel_sdk_custom_interfaces/srv/get_position.hpp
[20.562s] -- Symlinking: /home/patrick/turtlebot3_ENAE450_ws/install/dynamixel_sdk_custom_interfaces/include/dynamixel_sdk_custom_interfaces/dynamixel_sdk_custom_interfaces/msg/detail/set_position__rosidl_typesupport_fastrtps_cpp.hpp
[20.579s] -- Symlinking: /home/patrick/turtlebot3_ENAE450_ws/install/dynamixel_sdk_custom_interfaces/include/dynamixel_sdk_custom_interfaces/dynamixel_sdk_custom_interfaces/msg/rosidl_typesupport_fastrtps_cpp__visibility_control.h
[20.599s] -- Symlinking: /home/patrick/turtlebot3_ENAE450_ws/install/dynamixel_sdk_custom_interfaces/include/dynamixel_sdk_custom_interfaces/dynamixel_sdk_custom_interfaces/srv/detail/get_position__rosidl_typesupport_fastrtps_cpp.hpp
[20.613s] -- Symlinking: /home/patrick/turtlebot3_ENAE450_ws/install/dynamixel_sdk_custom_interfaces/include/dynamixel_sdk_custom_interfaces/dynamixel_sdk_custom_interfaces/msg/detail/set_position__rosidl_typesupport_introspection_c.h
[20.635s] -- Symlinking: /home/patrick/turtlebot3_ENAE450_ws/install/dynamixel_sdk_custom_interfaces/include/dynamixel_sdk_custom_interfaces/dynamixel_sdk_custom_interfaces/msg/rosidl_typesupport_introspection_c__visibility_control.h
[20.660s] -- Symlinking: /home/patrick/turtlebot3_ENAE450_ws/install/dynamixel_sdk_custom_interfaces/include/dynamixel_sdk_custom_interfaces/dynamixel_sdk_custom_interfaces/srv/detail/get_position__rosidl_typesupport_introspection_c.h
[20.684s] -- Symlinking: /home/patrick/turtlebot3_ENAE450_ws/install/dynamixel_sdk_custom_interfaces/include/dynamixel_sdk_custom_interfaces/dynamixel_sdk_custom_interfaces/msg/detail/set_position__rosidl_typesupport_introspection_cpp.hpp
[20.701s] -- Symlinking: /home/patrick/turtlebot3_ENAE450_ws/install/dynamixel_sdk_custom_interfaces/include/dynamixel_sdk_custom_interfaces/dynamixel_sdk_custom_interfaces/srv/detail/get_position__rosidl_typesupport_introspection_cpp.hpp
[20.726s] -- Symlinking: /home/patrick/turtlebot3_ENAE450_ws/install/dynamixel_sdk_custom_interfaces/share/dynamixel_sdk_custom_interfaces/environment/pythonpath.sh
[20.758s] -- Symlinking: /home/patrick/turtlebot3_ENAE450_ws/install/dynamixel_sdk_custom_interfaces/share/dynamixel_sdk_custom_interfaces/environment/pythonpath.dsv
[20.781s] -- Symlinking: /home/patrick/turtlebot3_ENAE450_ws/install/dynamixel_sdk_custom_interfaces/local/lib/python3.10/dist-packages/dynamixel_sdk_custom_interfaces-3.8.3-py3.10.egg-info/PKG-INFO
[20.812s] -- Symlinking: /home/patrick/turtlebot3_ENAE450_ws/install/dynamixel_sdk_custom_interfaces/local/lib/python3.10/dist-packages/dynamixel_sdk_custom_interfaces-3.8.3-py3.10.egg-info/SOURCES.txt
[20.833s] -- Symlinking: /home/patrick/turtlebot3_ENAE450_ws/install/dynamixel_sdk_custom_interfaces/local/lib/python3.10/dist-packages/dynamixel_sdk_custom_interfaces-3.8.3-py3.10.egg-info/dependency_links.txt
[20.863s] -- Symlinking: /home/patrick/turtlebot3_ENAE450_ws/install/dynamixel_sdk_custom_interfaces/local/lib/python3.10/dist-packages/dynamixel_sdk_custom_interfaces-3.8.3-py3.10.egg-info/top_level.txt
[20.907s] -- Symlinking: /home/patrick/turtlebot3_ENAE450_ws/install/dynamixel_sdk_custom_interfaces/local/lib/python3.10/dist-packages/dynamixel_sdk_custom_interfaces/__init__.py
[20.949s] -- Symlinking: /home/patrick/turtlebot3_ENAE450_ws/install/dynamixel_sdk_custom_interfaces/local/lib/python3.10/dist-packages/dynamixel_sdk_custom_interfaces/_dynamixel_sdk_custom_interfaces_s.ep.rosidl_typesupport_c.c
[20.968s] -- Symlinking: /home/patrick/turtlebot3_ENAE450_ws/install/dynamixel_sdk_custom_interfaces/local/lib/python3.10/dist-packages/dynamixel_sdk_custom_interfaces/_dynamixel_sdk_custom_interfaces_s.ep.rosidl_typesupport_fastrtps_c.c
[20.991s] -- Symlinking: /home/patrick/turtlebot3_ENAE450_ws/install/dynamixel_sdk_custom_interfaces/local/lib/python3.10/dist-packages/dynamixel_sdk_custom_interfaces/_dynamixel_sdk_custom_interfaces_s.ep.rosidl_typesupport_introspection_c.c
[21.009s] -- Symlinking: /home/patrick/turtlebot3_ENAE450_ws/install/dynamixel_sdk_custom_interfaces/local/lib/python3.10/dist-packages/dynamixel_sdk_custom_interfaces/dynamixel_sdk_custom_interfaces_s__rosidl_typesupport_c.cpython-310-x86_64-linux-gnu.so
[21.026s] -- Symlinking: /home/patrick/turtlebot3_ENAE450_ws/install/dynamixel_sdk_custom_interfaces/local/lib/python3.10/dist-packages/dynamixel_sdk_custom_interfaces/dynamixel_sdk_custom_interfaces_s__rosidl_typesupport_fastrtps_c.cpython-310-x86_64-linux-gnu.so
[21.047s] -- Symlinking: /home/patrick/turtlebot3_ENAE450_ws/install/dynamixel_sdk_custom_interfaces/local/lib/python3.10/dist-packages/dynamixel_sdk_custom_interfaces/dynamixel_sdk_custom_interfaces_s__rosidl_typesupport_introspection_c.cpython-310-x86_64-linux-gnu.so
[21.067s] -- Symlinking: /home/patrick/turtlebot3_ENAE450_ws/install/dynamixel_sdk_custom_interfaces/local/lib/python3.10/dist-packages/dynamixel_sdk_custom_interfaces/libdynamixel_sdk_custom_interfaces__rosidl_generator_py.so
[21.083s] -- Symlinking: /home/patrick/turtlebot3_ENAE450_ws/install/dynamixel_sdk_custom_interfaces/local/lib/python3.10/dist-packages/dynamixel_sdk_custom_interfaces/msg/__init__.py
[21.100s] -- Symlinking: /home/patrick/turtlebot3_ENAE450_ws/install/dynamixel_sdk_custom_interfaces/local/lib/python3.10/dist-packages/dynamixel_sdk_custom_interfaces/msg/_set_position.py
[21.116s] -- Symlinking: /home/patrick/turtlebot3_ENAE450_ws/install/dynamixel_sdk_custom_interfaces/local/lib/python3.10/dist-packages/dynamixel_sdk_custom_interfaces/msg/_set_position_s.c
[21.141s] -- Symlinking: /home/patrick/turtlebot3_ENAE450_ws/install/dynamixel_sdk_custom_interfaces/local/lib/python3.10/dist-packages/dynamixel_sdk_custom_interfaces/srv/__init__.py
[21.168s] -- Symlinking: /home/patrick/turtlebot3_ENAE450_ws/install/dynamixel_sdk_custom_interfaces/local/lib/python3.10/dist-packages/dynamixel_sdk_custom_interfaces/srv/_get_position.py
[21.194s] -- Symlinking: /home/patrick/turtlebot3_ENAE450_ws/install/dynamixel_sdk_custom_interfaces/local/lib/python3.10/dist-packages/dynamixel_sdk_custom_interfaces/srv/_get_position_s.c
[21.212s] -- Up-to-date symlink: /home/patrick/turtlebot3_ENAE450_ws/install/dynamixel_sdk_custom_interfaces/local/lib/python3.10/dist-packages/dynamixel_sdk_custom_interfaces/dynamixel_sdk_custom_interfaces_s__rosidl_typesupport_fastrtps_c.cpython-310-x86_64-linux-gnu.so
[21.213s] -- Up-to-date symlink: /home/patrick/turtlebot3_ENAE450_ws/install/dynamixel_sdk_custom_interfaces/local/lib/python3.10/dist-packages/dynamixel_sdk_custom_interfaces/dynamixel_sdk_custom_interfaces_s__rosidl_typesupport_introspection_c.cpython-310-x86_64-linux-gnu.so
[21.213s] -- Up-to-date symlink: /home/patrick/turtlebot3_ENAE450_ws/install/dynamixel_sdk_custom_interfaces/local/lib/python3.10/dist-packages/dynamixel_sdk_custom_interfaces/dynamixel_sdk_custom_interfaces_s__rosidl_typesupport_c.cpython-310-x86_64-linux-gnu.so
[21.214s] -- Symlinking: /home/patrick/turtlebot3_ENAE450_ws/install/dynamixel_sdk_custom_interfaces/share/dynamixel_sdk_custom_interfaces/msg/SetPosition.idl
[21.233s] -- Symlinking: /home/patrick/turtlebot3_ENAE450_ws/install/dynamixel_sdk_custom_interfaces/share/dynamixel_sdk_custom_interfaces/srv/GetPosition.idl
[21.252s] -- Symlinking: /home/patrick/turtlebot3_ENAE450_ws/install/dynamixel_sdk_custom_interfaces/share/dynamixel_sdk_custom_interfaces/msg/SetPosition.msg
[21.271s] -- Symlinking: /home/patrick/turtlebot3_ENAE450_ws/install/dynamixel_sdk_custom_interfaces/share/dynamixel_sdk_custom_interfaces/srv/GetPosition.srv
[21.288s] -- Symlinking: /home/patrick/turtlebot3_ENAE450_ws/install/dynamixel_sdk_custom_interfaces/share/dynamixel_sdk_custom_interfaces/srv/GetPosition_Request.msg
[21.305s] -- Symlinking: /home/patrick/turtlebot3_ENAE450_ws/install/dynamixel_sdk_custom_interfaces/share/dynamixel_sdk_custom_interfaces/srv/GetPosition_Response.msg
[21.322s] -- Symlinking: /home/patrick/turtlebot3_ENAE450_ws/install/dynamixel_sdk_custom_interfaces/share/ament_index/resource_index/package_run_dependencies/dynamixel_sdk_custom_interfaces
[21.345s] -- Symlinking: /home/patrick/turtlebot3_ENAE450_ws/install/dynamixel_sdk_custom_interfaces/share/ament_index/resource_index/parent_prefix_path/dynamixel_sdk_custom_interfaces
[21.364s] -- Symlinking: /home/patrick/turtlebot3_ENAE450_ws/install/dynamixel_sdk_custom_interfaces/share/dynamixel_sdk_custom_interfaces/environment/ament_prefix_path.sh
[21.380s] -- Symlinking: /home/patrick/turtlebot3_ENAE450_ws/install/dynamixel_sdk_custom_interfaces/share/dynamixel_sdk_custom_interfaces/environment/ament_prefix_path.dsv
[21.396s] -- Symlinking: /home/patrick/turtlebot3_ENAE450_ws/install/dynamixel_sdk_custom_interfaces/share/dynamixel_sdk_custom_interfaces/environment/path.sh
[21.412s] -- Symlinking: /home/patrick/turtlebot3_ENAE450_ws/install/dynamixel_sdk_custom_interfaces/share/dynamixel_sdk_custom_interfaces/environment/path.dsv
[21.430s] -- Symlinking: /home/patrick/turtlebot3_ENAE450_ws/install/dynamixel_sdk_custom_interfaces/share/dynamixel_sdk_custom_interfaces/local_setup.bash
[21.453s] -- Symlinking: /home/patrick/turtlebot3_ENAE450_ws/install/dynamixel_sdk_custom_interfaces/share/dynamixel_sdk_custom_interfaces/local_setup.sh
[21.475s] -- Symlinking: /home/patrick/turtlebot3_ENAE450_ws/install/dynamixel_sdk_custom_interfaces/share/dynamixel_sdk_custom_interfaces/local_setup.zsh
[21.497s] -- Symlinking: /home/patrick/turtlebot3_ENAE450_ws/install/dynamixel_sdk_custom_interfaces/share/dynamixel_sdk_custom_interfaces/local_setup.dsv
[21.512s] -- Symlinking: /home/patrick/turtlebot3_ENAE450_ws/install/dynamixel_sdk_custom_interfaces/share/dynamixel_sdk_custom_interfaces/package.dsv
[21.531s] -- Symlinking: /home/patrick/turtlebot3_ENAE450_ws/install/dynamixel_sdk_custom_interfaces/share/ament_index/resource_index/packages/dynamixel_sdk_custom_interfaces
[21.556s] -- Symlinking: /home/patrick/turtlebot3_ENAE450_ws/install/dynamixel_sdk_custom_interfaces/share/dynamixel_sdk_custom_interfaces/cmake/rosidl_cmake-extras.cmake
[21.575s] -- Symlinking: /home/patrick/turtlebot3_ENAE450_ws/install/dynamixel_sdk_custom_interfaces/share/dynamixel_sdk_custom_interfaces/cmake/ament_cmake_export_dependencies-extras.cmake
[21.589s] -- Symlinking: /home/patrick/turtlebot3_ENAE450_ws/install/dynamixel_sdk_custom_interfaces/share/dynamixel_sdk_custom_interfaces/cmake/ament_cmake_export_include_directories-extras.cmake
[21.605s] -- Symlinking: /home/patrick/turtlebot3_ENAE450_ws/install/dynamixel_sdk_custom_interfaces/share/dynamixel_sdk_custom_interfaces/cmake/ament_cmake_export_libraries-extras.cmake
[21.625s] -- Symlinking: /home/patrick/turtlebot3_ENAE450_ws/install/dynamixel_sdk_custom_interfaces/share/dynamixel_sdk_custom_interfaces/cmake/ament_cmake_export_targets-extras.cmake
[21.648s] -- Symlinking: /home/patrick/turtlebot3_ENAE450_ws/install/dynamixel_sdk_custom_interfaces/share/dynamixel_sdk_custom_interfaces/cmake/rosidl_cmake_export_typesupport_targets-extras.cmake
[21.668s] -- Symlinking: /home/patrick/turtlebot3_ENAE450_ws/install/dynamixel_sdk_custom_interfaces/share/dynamixel_sdk_custom_interfaces/cmake/rosidl_cmake_export_typesupport_libraries-extras.cmake
[21.686s] -- Symlinking: /home/patrick/turtlebot3_ENAE450_ws/install/dynamixel_sdk_custom_interfaces/share/dynamixel_sdk_custom_interfaces/cmake/dynamixel_sdk_custom_interfacesConfig.cmake
[21.706s] -- Symlinking: /home/patrick/turtlebot3_ENAE450_ws/install/dynamixel_sdk_custom_interfaces/share/dynamixel_sdk_custom_interfaces/cmake/dynamixel_sdk_custom_interfacesConfig-version.cmake
[21.721s] -- Symlinking: /home/patrick/turtlebot3_ENAE450_ws/install/dynamixel_sdk_custom_interfaces/share/dynamixel_sdk_custom_interfaces/package.xml
[21.743s] -- Installing: /home/patrick/turtlebot3_ENAE450_ws/install/dynamixel_sdk_custom_interfaces/lib/libdynamixel_sdk_custom_interfaces__rosidl_generator_c.so
[21.747s] -- Set runtime path of "/home/patrick/turtlebot3_ENAE450_ws/install/dynamixel_sdk_custom_interfaces/lib/libdynamixel_sdk_custom_interfaces__rosidl_generator_c.so" to ""
[21.748s] -- Installing: /home/patrick/turtlebot3_ENAE450_ws/install/dynamixel_sdk_custom_interfaces/lib/libdynamixel_sdk_custom_interfaces__rosidl_typesupport_fastrtps_c.so
[21.749s] -- Set runtime path of "/home/patrick/turtlebot3_ENAE450_ws/install/dynamixel_sdk_custom_interfaces/lib/libdynamixel_sdk_custom_interfaces__rosidl_typesupport_fastrtps_c.so" to ""
[21.750s] -- Installing: /home/patrick/turtlebot3_ENAE450_ws/install/dynamixel_sdk_custom_interfaces/lib/libdynamixel_sdk_custom_interfaces__rosidl_typesupport_fastrtps_cpp.so
[21.752s] -- Set runtime path of "/home/patrick/turtlebot3_ENAE450_ws/install/dynamixel_sdk_custom_interfaces/lib/libdynamixel_sdk_custom_interfaces__rosidl_typesupport_fastrtps_cpp.so" to ""
[21.754s] -- Installing: /home/patrick/turtlebot3_ENAE450_ws/install/dynamixel_sdk_custom_interfaces/lib/libdynamixel_sdk_custom_interfaces__rosidl_typesupport_introspection_c.so
[21.755s] -- Set runtime path of "/home/patrick/turtlebot3_ENAE450_ws/install/dynamixel_sdk_custom_interfaces/lib/libdynamixel_sdk_custom_interfaces__rosidl_typesupport_introspection_c.so" to ""
[21.755s] -- Installing: /home/patrick/turtlebot3_ENAE450_ws/install/dynamixel_sdk_custom_interfaces/lib/libdynamixel_sdk_custom_interfaces__rosidl_typesupport_c.so
[21.757s] -- Set runtime path of "/home/patrick/turtlebot3_ENAE450_ws/install/dynamixel_sdk_custom_interfaces/lib/libdynamixel_sdk_custom_interfaces__rosidl_typesupport_c.so" to ""
[21.757s] -- Installing: /home/patrick/turtlebot3_ENAE450_ws/install/dynamixel_sdk_custom_interfaces/lib/libdynamixel_sdk_custom_interfaces__rosidl_typesupport_introspection_cpp.so
[21.760s] -- Set runtime path of "/home/patrick/turtlebot3_ENAE450_ws/install/dynamixel_sdk_custom_interfaces/lib/libdynamixel_sdk_custom_interfaces__rosidl_typesupport_introspection_cpp.so" to ""
[21.760s] -- Installing: /home/patrick/turtlebot3_ENAE450_ws/install/dynamixel_sdk_custom_interfaces/lib/libdynamixel_sdk_custom_interfaces__rosidl_typesupport_cpp.so
[21.761s] -- Set runtime path of "/home/patrick/turtlebot3_ENAE450_ws/install/dynamixel_sdk_custom_interfaces/lib/libdynamixel_sdk_custom_interfaces__rosidl_typesupport_cpp.so" to ""
[21.819s] Listing '/home/patrick/turtlebot3_ENAE450_ws/install/dynamixel_sdk_custom_interfaces/local/lib/python3.10/dist-packages/dynamixel_sdk_custom_interfaces'...
[21.819s] Compiling '/home/patrick/turtlebot3_ENAE450_ws/install/dynamixel_sdk_custom_interfaces/local/lib/python3.10/dist-packages/dynamixel_sdk_custom_interfaces/__init__.py'...
[21.819s] Listing '/home/patrick/turtlebot3_ENAE450_ws/install/dynamixel_sdk_custom_interfaces/local/lib/python3.10/dist-packages/dynamixel_sdk_custom_interfaces/msg'...
[21.819s] Compiling '/home/patrick/turtlebot3_ENAE450_ws/install/dynamixel_sdk_custom_interfaces/local/lib/python3.10/dist-packages/dynamixel_sdk_custom_interfaces/msg/__init__.py'...
[21.819s] Compiling '/home/patrick/turtlebot3_ENAE450_ws/install/dynamixel_sdk_custom_interfaces/local/lib/python3.10/dist-packages/dynamixel_sdk_custom_interfaces/msg/_set_position.py'...
[21.819s] Listing '/home/patrick/turtlebot3_ENAE450_ws/install/dynamixel_sdk_custom_interfaces/local/lib/python3.10/dist-packages/dynamixel_sdk_custom_interfaces/srv'...
[21.820s] Compiling '/home/patrick/turtlebot3_ENAE450_ws/install/dynamixel_sdk_custom_interfaces/local/lib/python3.10/dist-packages/dynamixel_sdk_custom_interfaces/srv/__init__.py'...
[21.820s] Compiling '/home/patrick/turtlebot3_ENAE450_ws/install/dynamixel_sdk_custom_interfaces/local/lib/python3.10/dist-packages/dynamixel_sdk_custom_interfaces/srv/_get_position.py'...
[21.827s] -- Installing: /home/patrick/turtlebot3_ENAE450_ws/install/dynamixel_sdk_custom_interfaces/lib/libdynamixel_sdk_custom_interfaces__rosidl_generator_py.so
[21.828s] -- Set runtime path of "/home/patrick/turtlebot3_ENAE450_ws/install/dynamixel_sdk_custom_interfaces/lib/libdynamixel_sdk_custom_interfaces__rosidl_generator_py.so" to ""
[21.828s] -- Installing: /home/patrick/turtlebot3_ENAE450_ws/install/dynamixel_sdk_custom_interfaces/share/dynamixel_sdk_custom_interfaces/cmake/export_dynamixel_sdk_custom_interfaces__rosidl_generator_cExport.cmake
[21.829s] -- Installing: /home/patrick/turtlebot3_ENAE450_ws/install/dynamixel_sdk_custom_interfaces/share/dynamixel_sdk_custom_interfaces/cmake/export_dynamixel_sdk_custom_interfaces__rosidl_generator_cExport-noconfig.cmake
[21.829s] -- Installing: /home/patrick/turtlebot3_ENAE450_ws/install/dynamixel_sdk_custom_interfaces/share/dynamixel_sdk_custom_interfaces/cmake/export_dynamixel_sdk_custom_interfaces__rosidl_typesupport_fastrtps_cExport.cmake
[21.832s] -- Installing: /home/patrick/turtlebot3_ENAE450_ws/install/dynamixel_sdk_custom_interfaces/share/dynamixel_sdk_custom_interfaces/cmake/export_dynamixel_sdk_custom_interfaces__rosidl_typesupport_fastrtps_cExport-noconfig.cmake
[21.832s] -- Installing: /home/patrick/turtlebot3_ENAE450_ws/install/dynamixel_sdk_custom_interfaces/share/dynamixel_sdk_custom_interfaces/cmake/export_dynamixel_sdk_custom_interfaces__rosidl_generator_cppExport.cmake
[21.832s] -- Installing: /home/patrick/turtlebot3_ENAE450_ws/install/dynamixel_sdk_custom_interfaces/share/dynamixel_sdk_custom_interfaces/cmake/export_dynamixel_sdk_custom_interfaces__rosidl_typesupport_fastrtps_cppExport.cmake
[21.832s] -- Installing: /home/patrick/turtlebot3_ENAE450_ws/install/dynamixel_sdk_custom_interfaces/share/dynamixel_sdk_custom_interfaces/cmake/export_dynamixel_sdk_custom_interfaces__rosidl_typesupport_fastrtps_cppExport-noconfig.cmake
[21.832s] -- Installing: /home/patrick/turtlebot3_ENAE450_ws/install/dynamixel_sdk_custom_interfaces/share/dynamixel_sdk_custom_interfaces/cmake/dynamixel_sdk_custom_interfaces__rosidl_typesupport_introspection_cExport.cmake
[21.832s] -- Installing: /home/patrick/turtlebot3_ENAE450_ws/install/dynamixel_sdk_custom_interfaces/share/dynamixel_sdk_custom_interfaces/cmake/dynamixel_sdk_custom_interfaces__rosidl_typesupport_introspection_cExport-noconfig.cmake
[21.832s] -- Installing: /home/patrick/turtlebot3_ENAE450_ws/install/dynamixel_sdk_custom_interfaces/share/dynamixel_sdk_custom_interfaces/cmake/dynamixel_sdk_custom_interfaces__rosidl_typesupport_cExport.cmake
[21.832s] -- Installing: /home/patrick/turtlebot3_ENAE450_ws/install/dynamixel_sdk_custom_interfaces/share/dynamixel_sdk_custom_interfaces/cmake/dynamixel_sdk_custom_interfaces__rosidl_typesupport_cExport-noconfig.cmake
[21.833s] -- Installing: /home/patrick/turtlebot3_ENAE450_ws/install/dynamixel_sdk_custom_interfaces/share/dynamixel_sdk_custom_interfaces/cmake/dynamixel_sdk_custom_interfaces__rosidl_typesupport_introspection_cppExport.cmake
[21.833s] -- Installing: /home/patrick/turtlebot3_ENAE450_ws/install/dynamixel_sdk_custom_interfaces/share/dynamixel_sdk_custom_interfaces/cmake/dynamixel_sdk_custom_interfaces__rosidl_typesupport_introspection_cppExport-noconfig.cmake
[21.833s] -- Installing: /home/patrick/turtlebot3_ENAE450_ws/install/dynamixel_sdk_custom_interfaces/share/dynamixel_sdk_custom_interfaces/cmake/dynamixel_sdk_custom_interfaces__rosidl_typesupport_cppExport.cmake
[21.834s] -- Installing: /home/patrick/turtlebot3_ENAE450_ws/install/dynamixel_sdk_custom_interfaces/share/dynamixel_sdk_custom_interfaces/cmake/dynamixel_sdk_custom_interfaces__rosidl_typesupport_cppExport-noconfig.cmake
[21.834s] -- Installing: /home/patrick/turtlebot3_ENAE450_ws/install/dynamixel_sdk_custom_interfaces/share/dynamixel_sdk_custom_interfaces/cmake/export_dynamixel_sdk_custom_interfaces__rosidl_generator_pyExport.cmake
[21.834s] -- Installing: /home/patrick/turtlebot3_ENAE450_ws/install/dynamixel_sdk_custom_interfaces/share/dynamixel_sdk_custom_interfaces/cmake/export_dynamixel_sdk_custom_interfaces__rosidl_generator_pyExport-noconfig.cmake
[21.841s] Invoked command in '/home/patrick/turtlebot3_ENAE450_ws/build/dynamixel_sdk_custom_interfaces' returned '0': CMAKE_PREFIX_PATH=${CMAKE_PREFIX_PATH}:/home/patrick/turtlebot3_ws/install/turtlebot3_teleop:/home/patrick/turtlebot3_ws/install/turtlebot3_example:/home/patrick/turtlebot3_ws/install/turtlebot3_controller:/opt/ros/humble /usr/bin/cmake --install /home/patrick/turtlebot3_ENAE450_ws/build/dynamixel_sdk_custom_interfaces
