[0.040s] Invoking command in '/home/patrick/turtlebot3_ENAE450_ws/build/dynamixel_sdk': CMAKE_PREFIX_PATH=${CMAKE_PREFIX_PATH}:/home/patrick/turtlebot3_ENAE450_ws/install/turtlebot3_teleop:/home/patrick/turtlebot3_ENAE450_ws/install/turtlebot3_example:/home/patrick/turtlebot3_ENAE450_ws/install/turtlebot3_controller:/home/patrick/turtlebot3_ws/install/turtlebot3_teleop:/home/patrick/turtlebot3_ws/install/turtlebot3_example:/home/patrick/turtlebot3_ws/install/turtlebot3_controller:/opt/ros/humble /usr/bin/cmake --build /home/patrick/turtlebot3_ENAE450_ws/build/dynamixel_sdk -- -j2 -l2
[0.280s] [100%] Built target dynamixel_sdk
[0.320s] [100%] Built target ament_cmake_python_symlink_dynamixel_sdk
[1.002s] running egg_info
[1.003s] writing dynamixel_sdk.egg-info/PKG-INFO
[1.005s] writing dependency_links to dynamixel_sdk.egg-info/dependency_links.txt
[1.005s] writing top-level names to dynamixel_sdk.egg-info/top_level.txt
[1.006s] reading manifest file 'dynamixel_sdk.egg-info/SOURCES.txt'
[1.007s] writing manifest file 'dynamixel_sdk.egg-info/SOURCES.txt'
[1.094s] [100%] Built target ament_cmake_python_build_dynamixel_sdk_egg
[1.128s] Invoked command in '/home/patrick/turtlebot3_ENAE450_ws/build/dynamixel_sdk' returned '0': CMAKE_PREFIX_PATH=${CMAKE_PREFIX_PATH}:/home/patrick/turtlebot3_ENAE450_ws/install/turtlebot3_teleop:/home/patrick/turtlebot3_ENAE450_ws/install/turtlebot3_example:/home/patrick/turtlebot3_ENAE450_ws/install/turtlebot3_controller:/home/patrick/turtlebot3_ws/install/turtlebot3_teleop:/home/patrick/turtlebot3_ws/install/turtlebot3_example:/home/patrick/turtlebot3_ws/install/turtlebot3_controller:/opt/ros/humble /usr/bin/cmake --build /home/patrick/turtlebot3_ENAE450_ws/build/dynamixel_sdk -- -j2 -l2
[1.155s] Invoking command in '/home/patrick/turtlebot3_ENAE450_ws/build/dynamixel_sdk': CMAKE_PREFIX_PATH=${CMAKE_PREFIX_PATH}:/home/patrick/turtlebot3_ENAE450_ws/install/turtlebot3_teleop:/home/patrick/turtlebot3_ENAE450_ws/install/turtlebot3_example:/home/patrick/turtlebot3_ENAE450_ws/install/turtlebot3_controller:/home/patrick/turtlebot3_ws/install/turtlebot3_teleop:/home/patrick/turtlebot3_ws/install/turtlebot3_example:/home/patrick/turtlebot3_ws/install/turtlebot3_controller:/opt/ros/humble /usr/bin/cmake --install /home/patrick/turtlebot3_ENAE450_ws/build/dynamixel_sdk
[1.180s] -- Install configuration: ""
[1.180s] -- Execute custom install script
[1.182s] -- Up-to-date symlink: /home/patrick/turtlebot3_ENAE450_ws/install/dynamixel_sdk/include//dynamixel_sdk/dynamixel_sdk.h
[1.187s] -- Up-to-date symlink: /home/patrick/turtlebot3_ENAE450_ws/install/dynamixel_sdk/include//dynamixel_sdk/group_bulk_read.h
[1.187s] -- Up-to-date symlink: /home/patrick/turtlebot3_ENAE450_ws/install/dynamixel_sdk/include//dynamixel_sdk/group_bulk_write.h
[1.187s] -- Up-to-date symlink: /home/patrick/turtlebot3_ENAE450_ws/install/dynamixel_sdk/include//dynamixel_sdk/group_fast_bulk_read.h
[1.187s] -- Up-to-date symlink: /home/patrick/turtlebot3_ENAE450_ws/install/dynamixel_sdk/include//dynamixel_sdk/group_fast_sync_read.h
[1.187s] -- Up-to-date symlink: /home/patrick/turtlebot3_ENAE450_ws/install/dynamixel_sdk/include//dynamixel_sdk/group_handler.h
[1.187s] -- Up-to-date symlink: /home/patrick/turtlebot3_ENAE450_ws/install/dynamixel_sdk/include//dynamixel_sdk/group_sync_read.h
[1.187s] -- Up-to-date symlink: /home/patrick/turtlebot3_ENAE450_ws/install/dynamixel_sdk/include//dynamixel_sdk/group_sync_write.h
[1.187s] -- Up-to-date symlink: /home/patrick/turtlebot3_ENAE450_ws/install/dynamixel_sdk/include//dynamixel_sdk/packet_handler.h
[1.187s] -- Up-to-date symlink: /home/patrick/turtlebot3_ENAE450_ws/install/dynamixel_sdk/include//dynamixel_sdk/port_handler.h
[1.187s] -- Up-to-date symlink: /home/patrick/turtlebot3_ENAE450_ws/install/dynamixel_sdk/include//dynamixel_sdk/port_handler_arduino.h
[1.187s] -- Up-to-date symlink: /home/patrick/turtlebot3_ENAE450_ws/install/dynamixel_sdk/include//dynamixel_sdk/port_handler_linux.h
[1.187s] -- Up-to-date symlink: /home/patrick/turtlebot3_ENAE450_ws/install/dynamixel_sdk/include//dynamixel_sdk/port_handler_mac.h
[1.188s] -- Up-to-date symlink: /home/patrick/turtlebot3_ENAE450_ws/install/dynamixel_sdk/include//dynamixel_sdk/port_handler_windows.h
[1.188s] -- Up-to-date symlink: /home/patrick/turtlebot3_ENAE450_ws/install/dynamixel_sdk/include//dynamixel_sdk/protocol1_packet_handler.h
[1.188s] -- Up-to-date symlink: /home/patrick/turtlebot3_ENAE450_ws/install/dynamixel_sdk/include//dynamixel_sdk/protocol2_packet_handler.h
[1.188s] -- Up-to-date symlink: /home/patrick/turtlebot3_ENAE450_ws/install/dynamixel_sdk/lib/libdynamixel_sdk.so
[1.188s] -- Up-to-date symlink: /home/patrick/turtlebot3_ENAE450_ws/install/dynamixel_sdk/share/dynamixel_sdk/environment/pythonpath.sh
[1.191s] -- Up-to-date symlink: /home/patrick/turtlebot3_ENAE450_ws/install/dynamixel_sdk/share/dynamixel_sdk/environment/pythonpath.dsv
[1.191s] -- Up-to-date symlink: /home/patrick/turtlebot3_ENAE450_ws/install/dynamixel_sdk/local/lib/python3.10/dist-packages/dynamixel_sdk-3.8.3-py3.10.egg-info/PKG-INFO
[1.191s] -- Up-to-date symlink: /home/patrick/turtlebot3_ENAE450_ws/install/dynamixel_sdk/local/lib/python3.10/dist-packages/dynamixel_sdk-3.8.3-py3.10.egg-info/SOURCES.txt
[1.191s] -- Up-to-date symlink: /home/patrick/turtlebot3_ENAE450_ws/install/dynamixel_sdk/local/lib/python3.10/dist-packages/dynamixel_sdk-3.8.3-py3.10.egg-info/dependency_links.txt
[1.191s] -- Up-to-date symlink: /home/patrick/turtlebot3_ENAE450_ws/install/dynamixel_sdk/local/lib/python3.10/dist-packages/dynamixel_sdk-3.8.3-py3.10.egg-info/top_level.txt
[1.194s] -- Up-to-date symlink: /home/patrick/turtlebot3_ENAE450_ws/install/dynamixel_sdk/local/lib/python3.10/dist-packages/dynamixel_sdk/__init__.py
[1.205s] -- Up-to-date symlink: /home/patrick/turtlebot3_ENAE450_ws/install/dynamixel_sdk/local/lib/python3.10/dist-packages/dynamixel_sdk/group_bulk_read.cpp
[1.205s] -- Up-to-date symlink: /home/patrick/turtlebot3_ENAE450_ws/install/dynamixel_sdk/local/lib/python3.10/dist-packages/dynamixel_sdk/group_bulk_read.py
[1.205s] -- Up-to-date symlink: /home/patrick/turtlebot3_ENAE450_ws/install/dynamixel_sdk/local/lib/python3.10/dist-packages/dynamixel_sdk/group_bulk_write.cpp
[1.205s] -- Up-to-date symlink: /home/patrick/turtlebot3_ENAE450_ws/install/dynamixel_sdk/local/lib/python3.10/dist-packages/dynamixel_sdk/group_bulk_write.py
[1.205s] -- Up-to-date symlink: /home/patrick/turtlebot3_ENAE450_ws/install/dynamixel_sdk/local/lib/python3.10/dist-packages/dynamixel_sdk/group_fast_bulk_read.cpp
[1.205s] -- Up-to-date symlink: /home/patrick/turtlebot3_ENAE450_ws/install/dynamixel_sdk/local/lib/python3.10/dist-packages/dynamixel_sdk/group_fast_sync_read.cpp
[1.205s] -- Up-to-date symlink: /home/patrick/turtlebot3_ENAE450_ws/install/dynamixel_sdk/local/lib/python3.10/dist-packages/dynamixel_sdk/group_handler.cpp
[1.206s] -- Up-to-date symlink: /home/patrick/turtlebot3_ENAE450_ws/install/dynamixel_sdk/local/lib/python3.10/dist-packages/dynamixel_sdk/group_sync_read.cpp
[1.206s] -- Up-to-date symlink: /home/patrick/turtlebot3_ENAE450_ws/install/dynamixel_sdk/local/lib/python3.10/dist-packages/dynamixel_sdk/group_sync_read.py
[1.206s] -- Up-to-date symlink: /home/patrick/turtlebot3_ENAE450_ws/install/dynamixel_sdk/local/lib/python3.10/dist-packages/dynamixel_sdk/group_sync_write.cpp
[1.206s] -- Up-to-date symlink: /home/patrick/turtlebot3_ENAE450_ws/install/dynamixel_sdk/local/lib/python3.10/dist-packages/dynamixel_sdk/group_sync_write.py
[1.206s] -- Up-to-date symlink: /home/patrick/turtlebot3_ENAE450_ws/install/dynamixel_sdk/local/lib/python3.10/dist-packages/dynamixel_sdk/packet_handler.cpp
[1.209s] -- Up-to-date symlink: /home/patrick/turtlebot3_ENAE450_ws/install/dynamixel_sdk/local/lib/python3.10/dist-packages/dynamixel_sdk/packet_handler.py
[1.209s] -- Up-to-date symlink: /home/patrick/turtlebot3_ENAE450_ws/install/dynamixel_sdk/local/lib/python3.10/dist-packages/dynamixel_sdk/port_handler.cpp
[1.210s] -- Up-to-date symlink: /home/patrick/turtlebot3_ENAE450_ws/install/dynamixel_sdk/local/lib/python3.10/dist-packages/dynamixel_sdk/port_handler.py
[1.210s] -- Up-to-date symlink: /home/patrick/turtlebot3_ENAE450_ws/install/dynamixel_sdk/local/lib/python3.10/dist-packages/dynamixel_sdk/port_handler_arduino.cpp
[1.210s] -- Up-to-date symlink: /home/patrick/turtlebot3_ENAE450_ws/install/dynamixel_sdk/local/lib/python3.10/dist-packages/dynamixel_sdk/port_handler_linux.cpp
[1.210s] -- Up-to-date symlink: /home/patrick/turtlebot3_ENAE450_ws/install/dynamixel_sdk/local/lib/python3.10/dist-packages/dynamixel_sdk/port_handler_mac.cpp
[1.210s] -- Up-to-date symlink: /home/patrick/turtlebot3_ENAE450_ws/install/dynamixel_sdk/local/lib/python3.10/dist-packages/dynamixel_sdk/port_handler_windows.cpp
[1.210s] -- Up-to-date symlink: /home/patrick/turtlebot3_ENAE450_ws/install/dynamixel_sdk/local/lib/python3.10/dist-packages/dynamixel_sdk/protocol1_packet_handler.cpp
[1.210s] -- Up-to-date symlink: /home/patrick/turtlebot3_ENAE450_ws/install/dynamixel_sdk/local/lib/python3.10/dist-packages/dynamixel_sdk/protocol1_packet_handler.py
[1.210s] -- Up-to-date symlink: /home/patrick/turtlebot3_ENAE450_ws/install/dynamixel_sdk/local/lib/python3.10/dist-packages/dynamixel_sdk/protocol2_packet_handler.cpp
[1.210s] -- Up-to-date symlink: /home/patrick/turtlebot3_ENAE450_ws/install/dynamixel_sdk/local/lib/python3.10/dist-packages/dynamixel_sdk/protocol2_packet_handler.py
[1.210s] -- Up-to-date symlink: /home/patrick/turtlebot3_ENAE450_ws/install/dynamixel_sdk/local/lib/python3.10/dist-packages/dynamixel_sdk/robotis_def.py
[1.211s] -- Up-to-date symlink: /home/patrick/turtlebot3_ENAE450_ws/install/dynamixel_sdk/share/dynamixel_sdk/environment/library_path.sh
[1.211s] -- Up-to-date symlink: /home/patrick/turtlebot3_ENAE450_ws/install/dynamixel_sdk/share/dynamixel_sdk/environment/library_path.dsv
[1.211s] -- Up-to-date symlink: /home/patrick/turtlebot3_ENAE450_ws/install/dynamixel_sdk/share/ament_index/resource_index/package_run_dependencies/dynamixel_sdk
[1.211s] -- Up-to-date symlink: /home/patrick/turtlebot3_ENAE450_ws/install/dynamixel_sdk/share/ament_index/resource_index/parent_prefix_path/dynamixel_sdk
[1.211s] -- Up-to-date symlink: /home/patrick/turtlebot3_ENAE450_ws/install/dynamixel_sdk/share/dynamixel_sdk/environment/ament_prefix_path.sh
[1.211s] -- Up-to-date symlink: /home/patrick/turtlebot3_ENAE450_ws/install/dynamixel_sdk/share/dynamixel_sdk/environment/ament_prefix_path.dsv
[1.212s] -- Up-to-date symlink: /home/patrick/turtlebot3_ENAE450_ws/install/dynamixel_sdk/share/dynamixel_sdk/environment/path.sh
[1.212s] -- Up-to-date symlink: /home/patrick/turtlebot3_ENAE450_ws/install/dynamixel_sdk/share/dynamixel_sdk/environment/path.dsv
[1.215s] -- Up-to-date symlink: /home/patrick/turtlebot3_ENAE450_ws/install/dynamixel_sdk/share/dynamixel_sdk/local_setup.bash
[1.215s] -- Up-to-date symlink: /home/patrick/turtlebot3_ENAE450_ws/install/dynamixel_sdk/share/dynamixel_sdk/local_setup.sh
[1.215s] -- Up-to-date symlink: /home/patrick/turtlebot3_ENAE450_ws/install/dynamixel_sdk/share/dynamixel_sdk/local_setup.zsh
[1.215s] -- Up-to-date symlink: /home/patrick/turtlebot3_ENAE450_ws/install/dynamixel_sdk/share/dynamixel_sdk/local_setup.dsv
[1.216s] -- Symlinking: /home/patrick/turtlebot3_ENAE450_ws/install/dynamixel_sdk/share/dynamixel_sdk/package.dsv
[1.244s] -- Up-to-date symlink: /home/patrick/turtlebot3_ENAE450_ws/install/dynamixel_sdk/share/ament_index/resource_index/packages/dynamixel_sdk
[1.244s] -- Up-to-date symlink: /home/patrick/turtlebot3_ENAE450_ws/install/dynamixel_sdk/share/dynamixel_sdk/cmake/ament_cmake_export_include_directories-extras.cmake
[1.244s] -- Up-to-date symlink: /home/patrick/turtlebot3_ENAE450_ws/install/dynamixel_sdk/share/dynamixel_sdk/cmake/ament_cmake_export_libraries-extras.cmake
[1.244s] -- Up-to-date symlink: /home/patrick/turtlebot3_ENAE450_ws/install/dynamixel_sdk/share/dynamixel_sdk/cmake/dynamixel_sdkConfig.cmake
[1.244s] -- Up-to-date symlink: /home/patrick/turtlebot3_ENAE450_ws/install/dynamixel_sdk/share/dynamixel_sdk/cmake/dynamixel_sdkConfig-version.cmake
[1.244s] -- Up-to-date symlink: /home/patrick/turtlebot3_ENAE450_ws/install/dynamixel_sdk/share/dynamixel_sdk/package.xml
[1.335s] Listing '/home/patrick/turtlebot3_ENAE450_ws/install/dynamixel_sdk/local/lib/python3.10/dist-packages/dynamixel_sdk'...
[1.359s] Invoked command in '/home/patrick/turtlebot3_ENAE450_ws/build/dynamixel_sdk' returned '0': CMAKE_PREFIX_PATH=${CMAKE_PREFIX_PATH}:/home/patrick/turtlebot3_ENAE450_ws/install/turtlebot3_teleop:/home/patrick/turtlebot3_ENAE450_ws/install/turtlebot3_example:/home/patrick/turtlebot3_ENAE450_ws/install/turtlebot3_controller:/home/patrick/turtlebot3_ws/install/turtlebot3_teleop:/home/patrick/turtlebot3_ws/install/turtlebot3_example:/home/patrick/turtlebot3_ws/install/turtlebot3_controller:/opt/ros/humble /usr/bin/cmake --install /home/patrick/turtlebot3_ENAE450_ws/build/dynamixel_sdk
