[0.054s] Invoking command in '/home/patrick/turtlebot3_ENAE450_ws/build/turtlebot3_navigation2': CMAKE_PREFIX_PATH=${CMAKE_PREFIX_PATH}:/home/patrick/turtlebot3_ws/install/turtlebot3_teleop:/home/patrick/turtlebot3_ws/install/turtlebot3_example:/home/patrick/turtlebot3_ws/install/turtlebot3_controller:/opt/ros/humble /usr/bin/cmake /home/patrick/turtlebot3_ENAE450_ws/src/turtlebot3/turtlebot3_navigation2 -DAMENT_CMAKE_SYMLINK_INSTALL=1 -DCMAKE_INSTALL_PREFIX=/home/patrick/turtlebot3_ENAE450_ws/install/turtlebot3_navigation2
[0.431s] -- The C compiler identification is GNU 11.4.0
[0.734s] -- The CXX compiler identification is GNU 11.4.0
[0.772s] -- Detecting C compiler ABI info
[1.091s] -- Detecting C compiler ABI info - done
[1.113s] -- Check for working C compiler: /usr/bin/cc - skipped
[1.113s] -- Detecting C compile features
[1.113s] -- Detecting C compile features - done
[1.126s] -- Detecting CXX compiler ABI info
[1.450s] -- Detecting CXX compiler ABI info - done
[1.476s] -- Check for working CXX compiler: /usr/bin/c++ - skipped
[1.484s] -- Detecting CXX compile features
[1.489s] -- Detecting CXX compile features - done
[1.503s] -- Found ament_cmake: 1.3.11 (/opt/ros/humble/share/ament_cmake/cmake)
[2.395s] -- Found Python3: /usr/bin/python3 (found version "3.10.12") found components: Interpreter 
[2.816s] -- Override CMake install command with custom implementation using symlinks instead of copying resources
[3.389s] -- Configuring done
[3.415s] -- Generating done
[3.419s] -- Build files have been written to: /home/patrick/turtlebot3_ENAE450_ws/build/turtlebot3_navigation2
[3.453s] Invoked command in '/home/patrick/turtlebot3_ENAE450_ws/build/turtlebot3_navigation2' returned '0': CMAKE_PREFIX_PATH=${CMAKE_PREFIX_PATH}:/home/patrick/turtlebot3_ws/install/turtlebot3_teleop:/home/patrick/turtlebot3_ws/install/turtlebot3_example:/home/patrick/turtlebot3_ws/install/turtlebot3_controller:/opt/ros/humble /usr/bin/cmake /home/patrick/turtlebot3_ENAE450_ws/src/turtlebot3/turtlebot3_navigation2 -DAMENT_CMAKE_SYMLINK_INSTALL=1 -DCMAKE_INSTALL_PREFIX=/home/patrick/turtlebot3_ENAE450_ws/install/turtlebot3_navigation2
[3.457s] Invoking command in '/home/patrick/turtlebot3_ENAE450_ws/build/turtlebot3_navigation2': CMAKE_PREFIX_PATH=${CMAKE_PREFIX_PATH}:/home/patrick/turtlebot3_ws/install/turtlebot3_teleop:/home/patrick/turtlebot3_ws/install/turtlebot3_example:/home/patrick/turtlebot3_ws/install/turtlebot3_controller:/opt/ros/humble /usr/bin/cmake --build /home/patrick/turtlebot3_ENAE450_ws/build/turtlebot3_navigation2 -- -j2 -l2
[3.655s] Invoked command in '/home/patrick/turtlebot3_ENAE450_ws/build/turtlebot3_navigation2' returned '0': CMAKE_PREFIX_PATH=${CMAKE_PREFIX_PATH}:/home/patrick/turtlebot3_ws/install/turtlebot3_teleop:/home/patrick/turtlebot3_ws/install/turtlebot3_example:/home/patrick/turtlebot3_ws/install/turtlebot3_controller:/opt/ros/humble /usr/bin/cmake --build /home/patrick/turtlebot3_ENAE450_ws/build/turtlebot3_navigation2 -- -j2 -l2
[3.669s] Invoking command in '/home/patrick/turtlebot3_ENAE450_ws/build/turtlebot3_navigation2': CMAKE_PREFIX_PATH=${CMAKE_PREFIX_PATH}:/home/patrick/turtlebot3_ws/install/turtlebot3_teleop:/home/patrick/turtlebot3_ws/install/turtlebot3_example:/home/patrick/turtlebot3_ws/install/turtlebot3_controller:/opt/ros/humble /usr/bin/cmake --install /home/patrick/turtlebot3_ENAE450_ws/build/turtlebot3_navigation2
[3.719s] -- Install configuration: ""
[3.724s] -- Execute custom install script
[3.724s] -- Symlinking: /home/patrick/turtlebot3_ENAE450_ws/install/turtlebot3_navigation2/share/turtlebot3_navigation2/launch/navigation2.launch.py
[3.773s] -- Symlinking: /home/patrick/turtlebot3_ENAE450_ws/install/turtlebot3_navigation2/share/turtlebot3_navigation2/map/map.pgm
[3.823s] -- Symlinking: /home/patrick/turtlebot3_ENAE450_ws/install/turtlebot3_navigation2/share/turtlebot3_navigation2/map/map.yaml
[3.869s] -- Symlinking: /home/patrick/turtlebot3_ENAE450_ws/install/turtlebot3_navigation2/share/turtlebot3_navigation2/param/burger.yaml
[3.905s] -- Symlinking: /home/patrick/turtlebot3_ENAE450_ws/install/turtlebot3_navigation2/share/turtlebot3_navigation2/param/burger_cam.yaml
[3.928s] -- Symlinking: /home/patrick/turtlebot3_ENAE450_ws/install/turtlebot3_navigation2/share/turtlebot3_navigation2/param/humble/burger.yaml
[3.960s] -- Symlinking: /home/patrick/turtlebot3_ENAE450_ws/install/turtlebot3_navigation2/share/turtlebot3_navigation2/param/humble/burger_cam.yaml
[3.997s] -- Symlinking: /home/patrick/turtlebot3_ENAE450_ws/install/turtlebot3_navigation2/share/turtlebot3_navigation2/param/humble/waffle.yaml
[4.068s] -- Symlinking: /home/patrick/turtlebot3_ENAE450_ws/install/turtlebot3_navigation2/share/turtlebot3_navigation2/param/humble/waffle_pi.yaml
[4.137s] -- Symlinking: /home/patrick/turtlebot3_ENAE450_ws/install/turtlebot3_navigation2/share/turtlebot3_navigation2/param/waffle.yaml
[4.183s] -- Symlinking: /home/patrick/turtlebot3_ENAE450_ws/install/turtlebot3_navigation2/share/turtlebot3_navigation2/param/waffle_pi.yaml
[4.228s] -- Symlinking: /home/patrick/turtlebot3_ENAE450_ws/install/turtlebot3_navigation2/share/turtlebot3_navigation2/rviz/tb3_navigation2.rviz
[4.288s] -- Symlinking: /home/patrick/turtlebot3_ENAE450_ws/install/turtlebot3_navigation2/share/ament_index/resource_index/package_run_dependencies/turtlebot3_navigation2
[4.338s] -- Symlinking: /home/patrick/turtlebot3_ENAE450_ws/install/turtlebot3_navigation2/share/ament_index/resource_index/parent_prefix_path/turtlebot3_navigation2
[4.375s] -- Symlinking: /home/patrick/turtlebot3_ENAE450_ws/install/turtlebot3_navigation2/share/turtlebot3_navigation2/environment/ament_prefix_path.sh
[4.419s] -- Symlinking: /home/patrick/turtlebot3_ENAE450_ws/install/turtlebot3_navigation2/share/turtlebot3_navigation2/environment/ament_prefix_path.dsv
[4.462s] -- Symlinking: /home/patrick/turtlebot3_ENAE450_ws/install/turtlebot3_navigation2/share/turtlebot3_navigation2/environment/path.sh
[4.504s] -- Symlinking: /home/patrick/turtlebot3_ENAE450_ws/install/turtlebot3_navigation2/share/turtlebot3_navigation2/environment/path.dsv
[4.539s] -- Symlinking: /home/patrick/turtlebot3_ENAE450_ws/install/turtlebot3_navigation2/share/turtlebot3_navigation2/local_setup.bash
[4.591s] -- Symlinking: /home/patrick/turtlebot3_ENAE450_ws/install/turtlebot3_navigation2/share/turtlebot3_navigation2/local_setup.sh
[4.640s] -- Symlinking: /home/patrick/turtlebot3_ENAE450_ws/install/turtlebot3_navigation2/share/turtlebot3_navigation2/local_setup.zsh
[4.694s] -- Symlinking: /home/patrick/turtlebot3_ENAE450_ws/install/turtlebot3_navigation2/share/turtlebot3_navigation2/local_setup.dsv
[4.749s] -- Symlinking: /home/patrick/turtlebot3_ENAE450_ws/install/turtlebot3_navigation2/share/turtlebot3_navigation2/package.dsv
[4.797s] -- Symlinking: /home/patrick/turtlebot3_ENAE450_ws/install/turtlebot3_navigation2/share/ament_index/resource_index/packages/turtlebot3_navigation2
[4.842s] -- Symlinking: /home/patrick/turtlebot3_ENAE450_ws/install/turtlebot3_navigation2/share/turtlebot3_navigation2/cmake/turtlebot3_navigation2Config.cmake
[4.888s] -- Symlinking: /home/patrick/turtlebot3_ENAE450_ws/install/turtlebot3_navigation2/share/turtlebot3_navigation2/cmake/turtlebot3_navigation2Config-version.cmake
[4.938s] -- Symlinking: /home/patrick/turtlebot3_ENAE450_ws/install/turtlebot3_navigation2/share/turtlebot3_navigation2/package.xml
[5.000s] Invoked command in '/home/patrick/turtlebot3_ENAE450_ws/build/turtlebot3_navigation2' returned '0': CMAKE_PREFIX_PATH=${CMAKE_PREFIX_PATH}:/home/patrick/turtlebot3_ws/install/turtlebot3_teleop:/home/patrick/turtlebot3_ws/install/turtlebot3_example:/home/patrick/turtlebot3_ws/install/turtlebot3_controller:/opt/ros/humble /usr/bin/cmake --install /home/patrick/turtlebot3_ENAE450_ws/build/turtlebot3_navigation2
