[0.098s] Invoking command in '/home/patrick/turtlebot3_ENAE450_ws/build/dynamixel_sdk_custom_interfaces': CMAKE_PREFIX_PATH=${CMAKE_PREFIX_PATH}:/home/patrick/turtlebot3_ENAE450_ws/install/turtlebot3_teleop:/home/patrick/turtlebot3_ENAE450_ws/install/turtlebot3_example:/home/patrick/turtlebot3_ENAE450_ws/install/turtlebot3_controller:/home/patrick/turtlebot3_ws/install/turtlebot3_teleop:/home/patrick/turtlebot3_ws/install/turtlebot3_example:/home/patrick/turtlebot3_ws/install/turtlebot3_controller:/opt/ros/humble /usr/bin/cmake --build /home/patrick/turtlebot3_ENAE450_ws/build/dynamixel_sdk_custom_interfaces -- -j2 -l2
[0.346s] [  2%] Built target dynamixel_sdk_custom_interfaces__cpp
[0.387s] [ 12%] Built target dynamixel_sdk_custom_interfaces__rosidl_generator_c
[0.493s] [ 12%] Built target ament_cmake_python_symlink_dynamixel_sdk_custom_interfaces
[0.515s] [ 23%] Built target dynamixel_sdk_custom_interfaces__rosidl_typesupport_fastrtps_cpp
[0.625s] [ 33%] Built target dynamixel_sdk_custom_interfaces__rosidl_typesupport_introspection_c
[0.652s] [ 43%] Built target dynamixel_sdk_custom_interfaces__rosidl_typesupport_c
[0.729s] [ 53%] Built target dynamixel_sdk_custom_interfaces__rosidl_typesupport_introspection_cpp
[0.788s] [ 64%] Built target dynamixel_sdk_custom_interfaces__rosidl_typesupport_cpp
[0.855s] [ 74%] Built target dynamixel_sdk_custom_interfaces__rosidl_typesupport_fastrtps_c
[0.984s] [ 74%] Built target dynamixel_sdk_custom_interfaces
[1.146s] [ 76%] Built target dynamixel_sdk_custom_interfaces__py
[1.310s] [ 84%] Built target dynamixel_sdk_custom_interfaces__rosidl_generator_py
[1.437s] [ 89%] Built target dynamixel_sdk_custom_interfaces__rosidl_typesupport_fastrtps_c__pyext
[1.570s] [ 94%] Built target dynamixel_sdk_custom_interfaces__rosidl_typesupport_introspection_c__pyext
[1.770s] [100%] Built target dynamixel_sdk_custom_interfaces__rosidl_typesupport_c__pyext
[2.282s] running egg_info
[2.287s] writing dynamixel_sdk_custom_interfaces.egg-info/PKG-INFO
[2.292s] writing dependency_links to dynamixel_sdk_custom_interfaces.egg-info/dependency_links.txt
[2.293s] writing top-level names to dynamixel_sdk_custom_interfaces.egg-info/top_level.txt
[2.312s] reading manifest file 'dynamixel_sdk_custom_interfaces.egg-info/SOURCES.txt'
[2.313s] writing manifest file 'dynamixel_sdk_custom_interfaces.egg-info/SOURCES.txt'
[2.552s] [100%] Built target ament_cmake_python_build_dynamixel_sdk_custom_interfaces_egg
[3.097s] Invoked command in '/home/patrick/turtlebot3_ENAE450_ws/build/dynamixel_sdk_custom_interfaces' returned '0': CMAKE_PREFIX_PATH=${CMAKE_PREFIX_PATH}:/home/patrick/turtlebot3_ENAE450_ws/install/turtlebot3_teleop:/home/patrick/turtlebot3_ENAE450_ws/install/turtlebot3_example:/home/patrick/turtlebot3_ENAE450_ws/install/turtlebot3_controller:/home/patrick/turtlebot3_ws/install/turtlebot3_teleop:/home/patrick/turtlebot3_ws/install/turtlebot3_example:/home/patrick/turtlebot3_ws/install/turtlebot3_controller:/opt/ros/humble /usr/bin/cmake --build /home/patrick/turtlebot3_ENAE450_ws/build/dynamixel_sdk_custom_interfaces -- -j2 -l2
[3.104s] Invoking command in '/home/patrick/turtlebot3_ENAE450_ws/build/dynamixel_sdk_custom_interfaces': CMAKE_PREFIX_PATH=${CMAKE_PREFIX_PATH}:/home/patrick/turtlebot3_ENAE450_ws/install/turtlebot3_teleop:/home/patrick/turtlebot3_ENAE450_ws/install/turtlebot3_example:/home/patrick/turtlebot3_ENAE450_ws/install/turtlebot3_controller:/home/patrick/turtlebot3_ws/install/turtlebot3_teleop:/home/patrick/turtlebot3_ws/install/turtlebot3_example:/home/patrick/turtlebot3_ws/install/turtlebot3_controller:/opt/ros/humble /usr/bin/cmake --install /home/patrick/turtlebot3_ENAE450_ws/build/dynamixel_sdk_custom_interfaces
[3.142s] -- Install configuration: ""
[3.147s] -- Execute custom install script
[3.148s] -- Up-to-date symlink: /home/patrick/turtlebot3_ENAE450_ws/install/dynamixel_sdk_custom_interfaces/share/ament_index/resource_index/rosidl_interfaces/dynamixel_sdk_custom_interfaces
[3.151s] -- Up-to-date symlink: /home/patrick/turtlebot3_ENAE450_ws/install/dynamixel_sdk_custom_interfaces/include/dynamixel_sdk_custom_interfaces/dynamixel_sdk_custom_interfaces/msg/detail/set_position__functions.h
[3.153s] -- Up-to-date symlink: /home/patrick/turtlebot3_ENAE450_ws/install/dynamixel_sdk_custom_interfaces/include/dynamixel_sdk_custom_interfaces/dynamixel_sdk_custom_interfaces/msg/detail/set_position__struct.h
[3.154s] -- Up-to-date symlink: /home/patrick/turtlebot3_ENAE450_ws/install/dynamixel_sdk_custom_interfaces/include/dynamixel_sdk_custom_interfaces/dynamixel_sdk_custom_interfaces/msg/detail/set_position__type_support.h
[3.154s] -- Up-to-date symlink: /home/patrick/turtlebot3_ENAE450_ws/install/dynamixel_sdk_custom_interfaces/include/dynamixel_sdk_custom_interfaces/dynamixel_sdk_custom_interfaces/msg/rosidl_generator_c__visibility_control.h
[3.159s] -- Up-to-date symlink: /home/patrick/turtlebot3_ENAE450_ws/install/dynamixel_sdk_custom_interfaces/include/dynamixel_sdk_custom_interfaces/dynamixel_sdk_custom_interfaces/msg/set_position.h
[3.166s] -- Up-to-date symlink: /home/patrick/turtlebot3_ENAE450_ws/install/dynamixel_sdk_custom_interfaces/include/dynamixel_sdk_custom_interfaces/dynamixel_sdk_custom_interfaces/srv/detail/get_position__functions.h
[3.166s] -- Up-to-date symlink: /home/patrick/turtlebot3_ENAE450_ws/install/dynamixel_sdk_custom_interfaces/include/dynamixel_sdk_custom_interfaces/dynamixel_sdk_custom_interfaces/srv/detail/get_position__struct.h
[3.166s] -- Up-to-date symlink: /home/patrick/turtlebot3_ENAE450_ws/install/dynamixel_sdk_custom_interfaces/include/dynamixel_sdk_custom_interfaces/dynamixel_sdk_custom_interfaces/srv/detail/get_position__type_support.h
[3.166s] -- Up-to-date symlink: /home/patrick/turtlebot3_ENAE450_ws/install/dynamixel_sdk_custom_interfaces/include/dynamixel_sdk_custom_interfaces/dynamixel_sdk_custom_interfaces/srv/get_position.h
[3.166s] -- Up-to-date symlink: /home/patrick/turtlebot3_ENAE450_ws/install/dynamixel_sdk_custom_interfaces/share/dynamixel_sdk_custom_interfaces/environment/library_path.sh
[3.167s] -- Up-to-date symlink: /home/patrick/turtlebot3_ENAE450_ws/install/dynamixel_sdk_custom_interfaces/share/dynamixel_sdk_custom_interfaces/environment/library_path.dsv
[3.175s] -- Up-to-date symlink: /home/patrick/turtlebot3_ENAE450_ws/install/dynamixel_sdk_custom_interfaces/include/dynamixel_sdk_custom_interfaces/dynamixel_sdk_custom_interfaces/msg/detail/set_position__rosidl_typesupport_fastrtps_c.h
[3.176s] -- Up-to-date symlink: /home/patrick/turtlebot3_ENAE450_ws/install/dynamixel_sdk_custom_interfaces/include/dynamixel_sdk_custom_interfaces/dynamixel_sdk_custom_interfaces/msg/rosidl_typesupport_fastrtps_c__visibility_control.h
[3.179s] -- Up-to-date symlink: /home/patrick/turtlebot3_ENAE450_ws/install/dynamixel_sdk_custom_interfaces/include/dynamixel_sdk_custom_interfaces/dynamixel_sdk_custom_interfaces/srv/detail/get_position__rosidl_typesupport_fastrtps_c.h
[3.179s] -- Up-to-date symlink: /home/patrick/turtlebot3_ENAE450_ws/install/dynamixel_sdk_custom_interfaces/include/dynamixel_sdk_custom_interfaces/dynamixel_sdk_custom_interfaces/msg/detail/set_position__builder.hpp
[3.179s] -- Up-to-date symlink: /home/patrick/turtlebot3_ENAE450_ws/install/dynamixel_sdk_custom_interfaces/include/dynamixel_sdk_custom_interfaces/dynamixel_sdk_custom_interfaces/msg/detail/set_position__struct.hpp
[3.179s] -- Up-to-date symlink: /home/patrick/turtlebot3_ENAE450_ws/install/dynamixel_sdk_custom_interfaces/include/dynamixel_sdk_custom_interfaces/dynamixel_sdk_custom_interfaces/msg/detail/set_position__traits.hpp
[3.179s] -- Up-to-date symlink: /home/patrick/turtlebot3_ENAE450_ws/install/dynamixel_sdk_custom_interfaces/include/dynamixel_sdk_custom_interfaces/dynamixel_sdk_custom_interfaces/msg/detail/set_position__type_support.hpp
[3.181s] -- Up-to-date symlink: /home/patrick/turtlebot3_ENAE450_ws/install/dynamixel_sdk_custom_interfaces/include/dynamixel_sdk_custom_interfaces/dynamixel_sdk_custom_interfaces/msg/rosidl_generator_cpp__visibility_control.hpp
[3.196s] -- Up-to-date symlink: /home/patrick/turtlebot3_ENAE450_ws/install/dynamixel_sdk_custom_interfaces/include/dynamixel_sdk_custom_interfaces/dynamixel_sdk_custom_interfaces/msg/set_position.hpp
[3.196s] -- Up-to-date symlink: /home/patrick/turtlebot3_ENAE450_ws/install/dynamixel_sdk_custom_interfaces/include/dynamixel_sdk_custom_interfaces/dynamixel_sdk_custom_interfaces/srv/detail/get_position__builder.hpp
[3.196s] -- Up-to-date symlink: /home/patrick/turtlebot3_ENAE450_ws/install/dynamixel_sdk_custom_interfaces/include/dynamixel_sdk_custom_interfaces/dynamixel_sdk_custom_interfaces/srv/detail/get_position__struct.hpp
[3.196s] -- Up-to-date symlink: /home/patrick/turtlebot3_ENAE450_ws/install/dynamixel_sdk_custom_interfaces/include/dynamixel_sdk_custom_interfaces/dynamixel_sdk_custom_interfaces/srv/detail/get_position__traits.hpp
[3.196s] -- Up-to-date symlink: /home/patrick/turtlebot3_ENAE450_ws/install/dynamixel_sdk_custom_interfaces/include/dynamixel_sdk_custom_interfaces/dynamixel_sdk_custom_interfaces/srv/detail/get_position__type_support.hpp
[3.200s] -- Up-to-date symlink: /home/patrick/turtlebot3_ENAE450_ws/install/dynamixel_sdk_custom_interfaces/include/dynamixel_sdk_custom_interfaces/dynamixel_sdk_custom_interfaces/srv/get_position.hpp
[3.200s] -- Up-to-date symlink: /home/patrick/turtlebot3_ENAE450_ws/install/dynamixel_sdk_custom_interfaces/include/dynamixel_sdk_custom_interfaces/dynamixel_sdk_custom_interfaces/msg/detail/set_position__rosidl_typesupport_fastrtps_cpp.hpp
[3.200s] -- Up-to-date symlink: /home/patrick/turtlebot3_ENAE450_ws/install/dynamixel_sdk_custom_interfaces/include/dynamixel_sdk_custom_interfaces/dynamixel_sdk_custom_interfaces/msg/rosidl_typesupport_fastrtps_cpp__visibility_control.h
[3.200s] -- Up-to-date symlink: /home/patrick/turtlebot3_ENAE450_ws/install/dynamixel_sdk_custom_interfaces/include/dynamixel_sdk_custom_interfaces/dynamixel_sdk_custom_interfaces/srv/detail/get_position__rosidl_typesupport_fastrtps_cpp.hpp
[3.204s] -- Up-to-date symlink: /home/patrick/turtlebot3_ENAE450_ws/install/dynamixel_sdk_custom_interfaces/include/dynamixel_sdk_custom_interfaces/dynamixel_sdk_custom_interfaces/msg/detail/set_position__rosidl_typesupport_introspection_c.h
[3.204s] -- Up-to-date symlink: /home/patrick/turtlebot3_ENAE450_ws/install/dynamixel_sdk_custom_interfaces/include/dynamixel_sdk_custom_interfaces/dynamixel_sdk_custom_interfaces/msg/rosidl_typesupport_introspection_c__visibility_control.h
[3.205s] -- Up-to-date symlink: /home/patrick/turtlebot3_ENAE450_ws/install/dynamixel_sdk_custom_interfaces/include/dynamixel_sdk_custom_interfaces/dynamixel_sdk_custom_interfaces/srv/detail/get_position__rosidl_typesupport_introspection_c.h
[3.207s] -- Up-to-date symlink: /home/patrick/turtlebot3_ENAE450_ws/install/dynamixel_sdk_custom_interfaces/include/dynamixel_sdk_custom_interfaces/dynamixel_sdk_custom_interfaces/msg/detail/set_position__rosidl_typesupport_introspection_cpp.hpp
[3.207s] -- Up-to-date symlink: /home/patrick/turtlebot3_ENAE450_ws/install/dynamixel_sdk_custom_interfaces/include/dynamixel_sdk_custom_interfaces/dynamixel_sdk_custom_interfaces/srv/detail/get_position__rosidl_typesupport_introspection_cpp.hpp
[3.207s] -- Up-to-date symlink: /home/patrick/turtlebot3_ENAE450_ws/install/dynamixel_sdk_custom_interfaces/share/dynamixel_sdk_custom_interfaces/environment/pythonpath.sh
[3.208s] -- Up-to-date symlink: /home/patrick/turtlebot3_ENAE450_ws/install/dynamixel_sdk_custom_interfaces/share/dynamixel_sdk_custom_interfaces/environment/pythonpath.dsv
[3.212s] -- Up-to-date symlink: /home/patrick/turtlebot3_ENAE450_ws/install/dynamixel_sdk_custom_interfaces/local/lib/python3.10/dist-packages/dynamixel_sdk_custom_interfaces-3.8.3-py3.10.egg-info/PKG-INFO
[3.212s] -- Up-to-date symlink: /home/patrick/turtlebot3_ENAE450_ws/install/dynamixel_sdk_custom_interfaces/local/lib/python3.10/dist-packages/dynamixel_sdk_custom_interfaces-3.8.3-py3.10.egg-info/SOURCES.txt
[3.213s] -- Up-to-date symlink: /home/patrick/turtlebot3_ENAE450_ws/install/dynamixel_sdk_custom_interfaces/local/lib/python3.10/dist-packages/dynamixel_sdk_custom_interfaces-3.8.3-py3.10.egg-info/dependency_links.txt
[3.213s] -- Up-to-date symlink: /home/patrick/turtlebot3_ENAE450_ws/install/dynamixel_sdk_custom_interfaces/local/lib/python3.10/dist-packages/dynamixel_sdk_custom_interfaces-3.8.3-py3.10.egg-info/top_level.txt
[3.219s] -- Up-to-date symlink: /home/patrick/turtlebot3_ENAE450_ws/install/dynamixel_sdk_custom_interfaces/local/lib/python3.10/dist-packages/dynamixel_sdk_custom_interfaces/__init__.py
[3.222s] -- Up-to-date symlink: /home/patrick/turtlebot3_ENAE450_ws/install/dynamixel_sdk_custom_interfaces/local/lib/python3.10/dist-packages/dynamixel_sdk_custom_interfaces/_dynamixel_sdk_custom_interfaces_s.ep.rosidl_typesupport_c.c
[3.229s] -- Up-to-date symlink: /home/patrick/turtlebot3_ENAE450_ws/install/dynamixel_sdk_custom_interfaces/local/lib/python3.10/dist-packages/dynamixel_sdk_custom_interfaces/_dynamixel_sdk_custom_interfaces_s.ep.rosidl_typesupport_fastrtps_c.c
[3.229s] -- Up-to-date symlink: /home/patrick/turtlebot3_ENAE450_ws/install/dynamixel_sdk_custom_interfaces/local/lib/python3.10/dist-packages/dynamixel_sdk_custom_interfaces/_dynamixel_sdk_custom_interfaces_s.ep.rosidl_typesupport_introspection_c.c
[3.229s] -- Up-to-date symlink: /home/patrick/turtlebot3_ENAE450_ws/install/dynamixel_sdk_custom_interfaces/local/lib/python3.10/dist-packages/dynamixel_sdk_custom_interfaces/dynamixel_sdk_custom_interfaces_s__rosidl_typesupport_c.cpython-310-x86_64-linux-gnu.so
[3.229s] -- Up-to-date symlink: /home/patrick/turtlebot3_ENAE450_ws/install/dynamixel_sdk_custom_interfaces/local/lib/python3.10/dist-packages/dynamixel_sdk_custom_interfaces/dynamixel_sdk_custom_interfaces_s__rosidl_typesupport_fastrtps_c.cpython-310-x86_64-linux-gnu.so
[3.229s] -- Up-to-date symlink: /home/patrick/turtlebot3_ENAE450_ws/install/dynamixel_sdk_custom_interfaces/local/lib/python3.10/dist-packages/dynamixel_sdk_custom_interfaces/dynamixel_sdk_custom_interfaces_s__rosidl_typesupport_introspection_c.cpython-310-x86_64-linux-gnu.so
[3.230s] -- Up-to-date symlink: /home/patrick/turtlebot3_ENAE450_ws/install/dynamixel_sdk_custom_interfaces/local/lib/python3.10/dist-packages/dynamixel_sdk_custom_interfaces/libdynamixel_sdk_custom_interfaces__rosidl_generator_py.so
[3.230s] -- Up-to-date symlink: /home/patrick/turtlebot3_ENAE450_ws/install/dynamixel_sdk_custom_interfaces/local/lib/python3.10/dist-packages/dynamixel_sdk_custom_interfaces/msg/__init__.py
[3.234s] -- Up-to-date symlink: /home/patrick/turtlebot3_ENAE450_ws/install/dynamixel_sdk_custom_interfaces/local/lib/python3.10/dist-packages/dynamixel_sdk_custom_interfaces/msg/_set_position.py
[3.234s] -- Up-to-date symlink: /home/patrick/turtlebot3_ENAE450_ws/install/dynamixel_sdk_custom_interfaces/local/lib/python3.10/dist-packages/dynamixel_sdk_custom_interfaces/msg/_set_position_s.c
[3.234s] -- Up-to-date symlink: /home/patrick/turtlebot3_ENAE450_ws/install/dynamixel_sdk_custom_interfaces/local/lib/python3.10/dist-packages/dynamixel_sdk_custom_interfaces/srv/__init__.py
[3.234s] -- Up-to-date symlink: /home/patrick/turtlebot3_ENAE450_ws/install/dynamixel_sdk_custom_interfaces/local/lib/python3.10/dist-packages/dynamixel_sdk_custom_interfaces/srv/_get_position.py
[3.235s] -- Up-to-date symlink: /home/patrick/turtlebot3_ENAE450_ws/install/dynamixel_sdk_custom_interfaces/local/lib/python3.10/dist-packages/dynamixel_sdk_custom_interfaces/srv/_get_position_s.c
[3.235s] -- Up-to-date symlink: /home/patrick/turtlebot3_ENAE450_ws/install/dynamixel_sdk_custom_interfaces/local/lib/python3.10/dist-packages/dynamixel_sdk_custom_interfaces/dynamixel_sdk_custom_interfaces_s__rosidl_typesupport_fastrtps_c.cpython-310-x86_64-linux-gnu.so
[3.240s] -- Up-to-date symlink: /home/patrick/turtlebot3_ENAE450_ws/install/dynamixel_sdk_custom_interfaces/local/lib/python3.10/dist-packages/dynamixel_sdk_custom_interfaces/dynamixel_sdk_custom_interfaces_s__rosidl_typesupport_introspection_c.cpython-310-x86_64-linux-gnu.so
[3.251s] -- Up-to-date symlink: /home/patrick/turtlebot3_ENAE450_ws/install/dynamixel_sdk_custom_interfaces/local/lib/python3.10/dist-packages/dynamixel_sdk_custom_interfaces/dynamixel_sdk_custom_interfaces_s__rosidl_typesupport_c.cpython-310-x86_64-linux-gnu.so
[3.251s] -- Up-to-date symlink: /home/patrick/turtlebot3_ENAE450_ws/install/dynamixel_sdk_custom_interfaces/share/dynamixel_sdk_custom_interfaces/msg/SetPosition.idl
[3.251s] -- Up-to-date symlink: /home/patrick/turtlebot3_ENAE450_ws/install/dynamixel_sdk_custom_interfaces/share/dynamixel_sdk_custom_interfaces/srv/GetPosition.idl
[3.255s] -- Up-to-date symlink: /home/patrick/turtlebot3_ENAE450_ws/install/dynamixel_sdk_custom_interfaces/share/dynamixel_sdk_custom_interfaces/msg/SetPosition.msg
[3.256s] -- Up-to-date symlink: /home/patrick/turtlebot3_ENAE450_ws/install/dynamixel_sdk_custom_interfaces/share/dynamixel_sdk_custom_interfaces/srv/GetPosition.srv
[3.257s] -- Up-to-date symlink: /home/patrick/turtlebot3_ENAE450_ws/install/dynamixel_sdk_custom_interfaces/share/dynamixel_sdk_custom_interfaces/srv/GetPosition_Request.msg
[3.262s] -- Up-to-date symlink: /home/patrick/turtlebot3_ENAE450_ws/install/dynamixel_sdk_custom_interfaces/share/dynamixel_sdk_custom_interfaces/srv/GetPosition_Response.msg
[3.262s] -- Up-to-date symlink: /home/patrick/turtlebot3_ENAE450_ws/install/dynamixel_sdk_custom_interfaces/share/ament_index/resource_index/package_run_dependencies/dynamixel_sdk_custom_interfaces
[3.264s] -- Up-to-date symlink: /home/patrick/turtlebot3_ENAE450_ws/install/dynamixel_sdk_custom_interfaces/share/ament_index/resource_index/parent_prefix_path/dynamixel_sdk_custom_interfaces
[3.268s] -- Up-to-date symlink: /home/patrick/turtlebot3_ENAE450_ws/install/dynamixel_sdk_custom_interfaces/share/dynamixel_sdk_custom_interfaces/environment/ament_prefix_path.sh
[3.269s] -- Up-to-date symlink: /home/patrick/turtlebot3_ENAE450_ws/install/dynamixel_sdk_custom_interfaces/share/dynamixel_sdk_custom_interfaces/environment/ament_prefix_path.dsv
[3.274s] -- Up-to-date symlink: /home/patrick/turtlebot3_ENAE450_ws/install/dynamixel_sdk_custom_interfaces/share/dynamixel_sdk_custom_interfaces/environment/path.sh
[3.274s] -- Up-to-date symlink: /home/patrick/turtlebot3_ENAE450_ws/install/dynamixel_sdk_custom_interfaces/share/dynamixel_sdk_custom_interfaces/environment/path.dsv
[3.285s] -- Up-to-date symlink: /home/patrick/turtlebot3_ENAE450_ws/install/dynamixel_sdk_custom_interfaces/share/dynamixel_sdk_custom_interfaces/local_setup.bash
[3.285s] -- Up-to-date symlink: /home/patrick/turtlebot3_ENAE450_ws/install/dynamixel_sdk_custom_interfaces/share/dynamixel_sdk_custom_interfaces/local_setup.sh
[3.286s] -- Up-to-date symlink: /home/patrick/turtlebot3_ENAE450_ws/install/dynamixel_sdk_custom_interfaces/share/dynamixel_sdk_custom_interfaces/local_setup.zsh
[3.286s] -- Up-to-date symlink: /home/patrick/turtlebot3_ENAE450_ws/install/dynamixel_sdk_custom_interfaces/share/dynamixel_sdk_custom_interfaces/local_setup.dsv
[3.286s] -- Symlinking: /home/patrick/turtlebot3_ENAE450_ws/install/dynamixel_sdk_custom_interfaces/share/dynamixel_sdk_custom_interfaces/package.dsv
[3.335s] -- Up-to-date symlink: /home/patrick/turtlebot3_ENAE450_ws/install/dynamixel_sdk_custom_interfaces/share/ament_index/resource_index/packages/dynamixel_sdk_custom_interfaces
[3.336s] -- Up-to-date symlink: /home/patrick/turtlebot3_ENAE450_ws/install/dynamixel_sdk_custom_interfaces/share/dynamixel_sdk_custom_interfaces/cmake/rosidl_cmake-extras.cmake
[3.336s] -- Up-to-date symlink: /home/patrick/turtlebot3_ENAE450_ws/install/dynamixel_sdk_custom_interfaces/share/dynamixel_sdk_custom_interfaces/cmake/ament_cmake_export_dependencies-extras.cmake
[3.343s] -- Up-to-date symlink: /home/patrick/turtlebot3_ENAE450_ws/install/dynamixel_sdk_custom_interfaces/share/dynamixel_sdk_custom_interfaces/cmake/ament_cmake_export_include_directories-extras.cmake
[3.349s] -- Up-to-date symlink: /home/patrick/turtlebot3_ENAE450_ws/install/dynamixel_sdk_custom_interfaces/share/dynamixel_sdk_custom_interfaces/cmake/ament_cmake_export_libraries-extras.cmake
[3.349s] -- Up-to-date symlink: /home/patrick/turtlebot3_ENAE450_ws/install/dynamixel_sdk_custom_interfaces/share/dynamixel_sdk_custom_interfaces/cmake/ament_cmake_export_targets-extras.cmake
[3.349s] -- Up-to-date symlink: /home/patrick/turtlebot3_ENAE450_ws/install/dynamixel_sdk_custom_interfaces/share/dynamixel_sdk_custom_interfaces/cmake/rosidl_cmake_export_typesupport_targets-extras.cmake
[3.350s] -- Up-to-date symlink: /home/patrick/turtlebot3_ENAE450_ws/install/dynamixel_sdk_custom_interfaces/share/dynamixel_sdk_custom_interfaces/cmake/rosidl_cmake_export_typesupport_libraries-extras.cmake
[3.350s] -- Up-to-date symlink: /home/patrick/turtlebot3_ENAE450_ws/install/dynamixel_sdk_custom_interfaces/share/dynamixel_sdk_custom_interfaces/cmake/dynamixel_sdk_custom_interfacesConfig.cmake
[3.350s] -- Up-to-date symlink: /home/patrick/turtlebot3_ENAE450_ws/install/dynamixel_sdk_custom_interfaces/share/dynamixel_sdk_custom_interfaces/cmake/dynamixel_sdk_custom_interfacesConfig-version.cmake
[3.352s] -- Up-to-date symlink: /home/patrick/turtlebot3_ENAE450_ws/install/dynamixel_sdk_custom_interfaces/share/dynamixel_sdk_custom_interfaces/package.xml
[3.353s] -- Up-to-date: /home/patrick/turtlebot3_ENAE450_ws/install/dynamixel_sdk_custom_interfaces/lib/libdynamixel_sdk_custom_interfaces__rosidl_generator_c.so
[3.354s] -- Up-to-date: /home/patrick/turtlebot3_ENAE450_ws/install/dynamixel_sdk_custom_interfaces/lib/libdynamixel_sdk_custom_interfaces__rosidl_typesupport_fastrtps_c.so
[3.354s] -- Up-to-date: /home/patrick/turtlebot3_ENAE450_ws/install/dynamixel_sdk_custom_interfaces/lib/libdynamixel_sdk_custom_interfaces__rosidl_typesupport_fastrtps_cpp.so
[3.359s] -- Up-to-date: /home/patrick/turtlebot3_ENAE450_ws/install/dynamixel_sdk_custom_interfaces/lib/libdynamixel_sdk_custom_interfaces__rosidl_typesupport_introspection_c.so
[3.361s] -- Up-to-date: /home/patrick/turtlebot3_ENAE450_ws/install/dynamixel_sdk_custom_interfaces/lib/libdynamixel_sdk_custom_interfaces__rosidl_typesupport_c.so
[3.370s] -- Up-to-date: /home/patrick/turtlebot3_ENAE450_ws/install/dynamixel_sdk_custom_interfaces/lib/libdynamixel_sdk_custom_interfaces__rosidl_typesupport_introspection_cpp.so
[3.371s] -- Up-to-date: /home/patrick/turtlebot3_ENAE450_ws/install/dynamixel_sdk_custom_interfaces/lib/libdynamixel_sdk_custom_interfaces__rosidl_typesupport_cpp.so
[3.538s] Listing '/home/patrick/turtlebot3_ENAE450_ws/install/dynamixel_sdk_custom_interfaces/local/lib/python3.10/dist-packages/dynamixel_sdk_custom_interfaces'...
[3.538s] Listing '/home/patrick/turtlebot3_ENAE450_ws/install/dynamixel_sdk_custom_interfaces/local/lib/python3.10/dist-packages/dynamixel_sdk_custom_interfaces/msg'...
[3.539s] Listing '/home/patrick/turtlebot3_ENAE450_ws/install/dynamixel_sdk_custom_interfaces/local/lib/python3.10/dist-packages/dynamixel_sdk_custom_interfaces/srv'...
[3.569s] -- Up-to-date: /home/patrick/turtlebot3_ENAE450_ws/install/dynamixel_sdk_custom_interfaces/lib/libdynamixel_sdk_custom_interfaces__rosidl_generator_py.so
[3.572s] -- Up-to-date: /home/patrick/turtlebot3_ENAE450_ws/install/dynamixel_sdk_custom_interfaces/share/dynamixel_sdk_custom_interfaces/cmake/export_dynamixel_sdk_custom_interfaces__rosidl_generator_cExport.cmake
[3.577s] -- Up-to-date: /home/patrick/turtlebot3_ENAE450_ws/install/dynamixel_sdk_custom_interfaces/share/dynamixel_sdk_custom_interfaces/cmake/export_dynamixel_sdk_custom_interfaces__rosidl_generator_cExport-noconfig.cmake
[3.577s] -- Up-to-date: /home/patrick/turtlebot3_ENAE450_ws/install/dynamixel_sdk_custom_interfaces/share/dynamixel_sdk_custom_interfaces/cmake/export_dynamixel_sdk_custom_interfaces__rosidl_typesupport_fastrtps_cExport.cmake
[3.577s] -- Up-to-date: /home/patrick/turtlebot3_ENAE450_ws/install/dynamixel_sdk_custom_interfaces/share/dynamixel_sdk_custom_interfaces/cmake/export_dynamixel_sdk_custom_interfaces__rosidl_typesupport_fastrtps_cExport-noconfig.cmake
[3.577s] -- Up-to-date: /home/patrick/turtlebot3_ENAE450_ws/install/dynamixel_sdk_custom_interfaces/share/dynamixel_sdk_custom_interfaces/cmake/export_dynamixel_sdk_custom_interfaces__rosidl_generator_cppExport.cmake
[3.577s] -- Up-to-date: /home/patrick/turtlebot3_ENAE450_ws/install/dynamixel_sdk_custom_interfaces/share/dynamixel_sdk_custom_interfaces/cmake/export_dynamixel_sdk_custom_interfaces__rosidl_typesupport_fastrtps_cppExport.cmake
[3.577s] -- Up-to-date: /home/patrick/turtlebot3_ENAE450_ws/install/dynamixel_sdk_custom_interfaces/share/dynamixel_sdk_custom_interfaces/cmake/export_dynamixel_sdk_custom_interfaces__rosidl_typesupport_fastrtps_cppExport-noconfig.cmake
[3.578s] -- Up-to-date: /home/patrick/turtlebot3_ENAE450_ws/install/dynamixel_sdk_custom_interfaces/share/dynamixel_sdk_custom_interfaces/cmake/dynamixel_sdk_custom_interfaces__rosidl_typesupport_introspection_cExport.cmake
[3.578s] -- Up-to-date: /home/patrick/turtlebot3_ENAE450_ws/install/dynamixel_sdk_custom_interfaces/share/dynamixel_sdk_custom_interfaces/cmake/dynamixel_sdk_custom_interfaces__rosidl_typesupport_introspection_cExport-noconfig.cmake
[3.578s] -- Up-to-date: /home/patrick/turtlebot3_ENAE450_ws/install/dynamixel_sdk_custom_interfaces/share/dynamixel_sdk_custom_interfaces/cmake/dynamixel_sdk_custom_interfaces__rosidl_typesupport_cExport.cmake
[3.578s] -- Up-to-date: /home/patrick/turtlebot3_ENAE450_ws/install/dynamixel_sdk_custom_interfaces/share/dynamixel_sdk_custom_interfaces/cmake/dynamixel_sdk_custom_interfaces__rosidl_typesupport_cExport-noconfig.cmake
[3.578s] -- Up-to-date: /home/patrick/turtlebot3_ENAE450_ws/install/dynamixel_sdk_custom_interfaces/share/dynamixel_sdk_custom_interfaces/cmake/dynamixel_sdk_custom_interfaces__rosidl_typesupport_introspection_cppExport.cmake
[3.578s] -- Up-to-date: /home/patrick/turtlebot3_ENAE450_ws/install/dynamixel_sdk_custom_interfaces/share/dynamixel_sdk_custom_interfaces/cmake/dynamixel_sdk_custom_interfaces__rosidl_typesupport_introspection_cppExport-noconfig.cmake
[3.582s] -- Up-to-date: /home/patrick/turtlebot3_ENAE450_ws/install/dynamixel_sdk_custom_interfaces/share/dynamixel_sdk_custom_interfaces/cmake/dynamixel_sdk_custom_interfaces__rosidl_typesupport_cppExport.cmake
[3.582s] -- Up-to-date: /home/patrick/turtlebot3_ENAE450_ws/install/dynamixel_sdk_custom_interfaces/share/dynamixel_sdk_custom_interfaces/cmake/dynamixel_sdk_custom_interfaces__rosidl_typesupport_cppExport-noconfig.cmake
[3.582s] -- Up-to-date: /home/patrick/turtlebot3_ENAE450_ws/install/dynamixel_sdk_custom_interfaces/share/dynamixel_sdk_custom_interfaces/cmake/export_dynamixel_sdk_custom_interfaces__rosidl_generator_pyExport.cmake
[3.585s] -- Up-to-date: /home/patrick/turtlebot3_ENAE450_ws/install/dynamixel_sdk_custom_interfaces/share/dynamixel_sdk_custom_interfaces/cmake/export_dynamixel_sdk_custom_interfaces__rosidl_generator_pyExport-noconfig.cmake
[3.590s] Invoked command in '/home/patrick/turtlebot3_ENAE450_ws/build/dynamixel_sdk_custom_interfaces' returned '0': CMAKE_PREFIX_PATH=${CMAKE_PREFIX_PATH}:/home/patrick/turtlebot3_ENAE450_ws/install/turtlebot3_teleop:/home/patrick/turtlebot3_ENAE450_ws/install/turtlebot3_example:/home/patrick/turtlebot3_ENAE450_ws/install/turtlebot3_controller:/home/patrick/turtlebot3_ws/install/turtlebot3_teleop:/home/patrick/turtlebot3_ws/install/turtlebot3_example:/home/patrick/turtlebot3_ws/install/turtlebot3_controller:/opt/ros/humble /usr/bin/cmake --install /home/patrick/turtlebot3_ENAE450_ws/build/dynamixel_sdk_custom_interfaces
